{"C:\\Users\\g.visco.ISYDEDOM\\OneDrive - BE THINK, SOLVE, EXECUTE S.P.A\\Desktop\\restaurant-table-reservations\\build\\config\\database.js": {"path":"C:\\Users\\g.visco.ISYDEDOM\\OneDrive - BE THINK, SOLVE, EXECUTE S.P.A\\Desktop\\restaurant-table-reservations\\build\\config\\database.js","statementMap":{"0":{"start":{"line":2,"column":16},"end":{"line":10,"column":1}},"1":{"start":{"line":3,"column":28},"end":{"line":3,"column":110}},"2":{"start":{"line":3,"column":91},"end":{"line":3,"column":106}},"3":{"start":{"line":4,"column":4},"end":{"line":9,"column":7}},"4":{"start":{"line":5,"column":36},"end":{"line":5,"column":97}},"5":{"start":{"line":5,"column":42},"end":{"line":5,"column":70}},"6":{"start":{"line":5,"column":85},"end":{"line":5,"column":95}},"7":{"start":{"line":6,"column":35},"end":{"line":6,"column":100}},"8":{"start":{"line":6,"column":41},"end":{"line":6,"column":73}},"9":{"start":{"line":6,"column":88},"end":{"line":6,"column":98}},"10":{"start":{"line":7,"column":32},"end":{"line":7,"column":116}},"11":{"start":{"line":8,"column":8},"end":{"line":8,"column":78}},"12":{"start":{"line":11,"column":22},"end":{"line":13,"column":1}},"13":{"start":{"line":12,"column":4},"end":{"line":12,"column":62}},"14":{"start":{"line":14,"column":0},"end":{"line":14,"column":62}},"15":{"start":{"line":15,"column":0},"end":{"line":15,"column":55}},"16":{"start":{"line":16,"column":17},"end":{"line":16,"column":34}},"17":{"start":{"line":17,"column":17},"end":{"line":17,"column":34}},"18":{"start":{"line":18,"column":17},"end":{"line":18,"column":51}},"19":{"start":{"line":19,"column":0},"end":{"line":19,"column":26}},"20":{"start":{"line":20,"column":13},"end":{"line":29,"column":2}},"21":{"start":{"line":30,"column":0},"end":{"line":32,"column":3}},"22":{"start":{"line":33,"column":33},"end":{"line":44,"column":2}},"23":{"start":{"line":33,"column":39},"end":{"line":44,"column":2}},"24":{"start":{"line":34,"column":4},"end":{"line":43,"column":5}},"25":{"start":{"line":35,"column":8},"end":{"line":37,"column":31}},"26":{"start":{"line":38,"column":8},"end":{"line":38,"column":55}},"27":{"start":{"line":41,"column":8},"end":{"line":41,"column":59}},"28":{"start":{"line":42,"column":8},"end":{"line":42,"column":61}},"29":{"start":{"line":45,"column":0},"end":{"line":45,"column":60}}},"fnMap":{"0":{"name":"(anonymous_0)","decl":{"start":{"line":2,"column":44},"end":{"line":2,"column":45}},"loc":{"start":{"line":2,"column":89},"end":{"line":10,"column":1}},"line":2},"1":{"name":"adopt","decl":{"start":{"line":3,"column":13},"end":{"line":3,"column":18}},"loc":{"start":{"line":3,"column":26},"end":{"line":3,"column":112}},"line":3},"2":{"name":"(anonymous_2)","decl":{"start":{"line":3,"column":70},"end":{"line":3,"column":71}},"loc":{"start":{"line":3,"column":89},"end":{"line":3,"column":108}},"line":3},"3":{"name":"(anonymous_3)","decl":{"start":{"line":4,"column":36},"end":{"line":4,"column":37}},"loc":{"start":{"line":4,"column":63},"end":{"line":9,"column":5}},"line":4},"4":{"name":"fulfilled","decl":{"start":{"line":5,"column":17},"end":{"line":5,"column":26}},"loc":{"start":{"line":5,"column":34},"end":{"line":5,"column":99}},"line":5},"5":{"name":"rejected","decl":{"start":{"line":6,"column":17},"end":{"line":6,"column":25}},"loc":{"start":{"line":6,"column":33},"end":{"line":6,"column":102}},"line":6},"6":{"name":"step","decl":{"start":{"line":7,"column":17},"end":{"line":7,"column":21}},"loc":{"start":{"line":7,"column":30},"end":{"line":7,"column":118}},"line":7},"7":{"name":"(anonymous_7)","decl":{"start":{"line":11,"column":56},"end":{"line":11,"column":57}},"loc":{"start":{"line":11,"column":71},"end":{"line":13,"column":1}},"line":11},"8":{"name":"(anonymous_8)","decl":{"start":{"line":33,"column":33},"end":{"line":33,"column":34}},"loc":{"start":{"line":33,"column":39},"end":{"line":44,"column":2}},"line":33},"9":{"name":"(anonymous_9)","decl":{"start":{"line":33,"column":73},"end":{"line":33,"column":74}},"loc":{"start":{"line":33,"column":86},"end":{"line":44,"column":1}},"line":33}},"branchMap":{"0":{"loc":{"start":{"line":2,"column":16},"end":{"line":10,"column":1}},"type":"binary-expr","locations":[{"start":{"line":2,"column":17},"end":{"line":2,"column":21}},{"start":{"line":2,"column":25},"end":{"line":2,"column":39}},{"start":{"line":2,"column":44},"end":{"line":10,"column":1}}],"line":2},"1":{"loc":{"start":{"line":3,"column":35},"end":{"line":3,"column":109}},"type":"cond-expr","locations":[{"start":{"line":3,"column":56},"end":{"line":3,"column":61}},{"start":{"line":3,"column":64},"end":{"line":3,"column":109}}],"line":3},"2":{"loc":{"start":{"line":4,"column":16},"end":{"line":4,"column":34}},"type":"binary-expr","locations":[{"start":{"line":4,"column":16},"end":{"line":4,"column":17}},{"start":{"line":4,"column":22},"end":{"line":4,"column":33}}],"line":4},"3":{"loc":{"start":{"line":7,"column":32},"end":{"line":7,"column":115}},"type":"cond-expr","locations":[{"start":{"line":7,"column":46},"end":{"line":7,"column":67}},{"start":{"line":7,"column":70},"end":{"line":7,"column":115}}],"line":7},"4":{"loc":{"start":{"line":8,"column":51},"end":{"line":8,"column":67}},"type":"binary-expr","locations":[{"start":{"line":8,"column":51},"end":{"line":8,"column":61}},{"start":{"line":8,"column":65},"end":{"line":8,"column":67}}],"line":8},"5":{"loc":{"start":{"line":11,"column":22},"end":{"line":13,"column":1}},"type":"binary-expr","locations":[{"start":{"line":11,"column":23},"end":{"line":11,"column":27}},{"start":{"line":11,"column":31},"end":{"line":11,"column":51}},{"start":{"line":11,"column":56},"end":{"line":13,"column":1}}],"line":11},"6":{"loc":{"start":{"line":12,"column":11},"end":{"line":12,"column":61}},"type":"cond-expr","locations":[{"start":{"line":12,"column":37},"end":{"line":12,"column":40}},{"start":{"line":12,"column":43},"end":{"line":12,"column":61}}],"line":12},"7":{"loc":{"start":{"line":12,"column":12},"end":{"line":12,"column":33}},"type":"binary-expr","locations":[{"start":{"line":12,"column":12},"end":{"line":12,"column":15}},{"start":{"line":12,"column":19},"end":{"line":12,"column":33}}],"line":12}},"s":{"0":1,"1":0,"2":0,"3":0,"4":0,"5":0,"6":0,"7":0,"8":0,"9":0,"10":0,"11":0,"12":1,"13":1,"14":1,"15":1,"16":1,"17":1,"18":1,"19":1,"20":1,"21":1,"22":1,"23":0,"24":0,"25":0,"26":0,"27":0,"28":0,"29":1},"f":{"0":0,"1":0,"2":0,"3":0,"4":0,"5":0,"6":0,"7":1,"8":0,"9":0},"b":{"0":[1,1,1],"1":[0,0],"2":[0,0],"3":[0,0],"4":[0,0],"5":[1,1,1],"6":[0,1],"7":[1,1]},"inputSourceMap":null,"_coverageSchema":"1a1c01bbd47fc00a2c39e90264f33305004495a9","hash":"46a3e5b5e59b4397a0bb0b8e52e3afdf51a8f83e"}
,"C:\\Users\\g.visco.ISYDEDOM\\OneDrive - BE THINK, SOLVE, EXECUTE S.P.A\\Desktop\\restaurant-table-reservations\\build\\models\\reservation.model.js": {"path":"C:\\Users\\g.visco.ISYDEDOM\\OneDrive - BE THINK, SOLVE, EXECUTE S.P.A\\Desktop\\restaurant-table-reservations\\build\\models\\reservation.model.js","statementMap":{"0":{"start":{"line":2,"column":16},"end":{"line":10,"column":1}},"1":{"start":{"line":3,"column":28},"end":{"line":3,"column":110}},"2":{"start":{"line":3,"column":91},"end":{"line":3,"column":106}},"3":{"start":{"line":4,"column":4},"end":{"line":9,"column":7}},"4":{"start":{"line":5,"column":36},"end":{"line":5,"column":97}},"5":{"start":{"line":5,"column":42},"end":{"line":5,"column":70}},"6":{"start":{"line":5,"column":85},"end":{"line":5,"column":95}},"7":{"start":{"line":6,"column":35},"end":{"line":6,"column":100}},"8":{"start":{"line":6,"column":41},"end":{"line":6,"column":73}},"9":{"start":{"line":6,"column":88},"end":{"line":6,"column":98}},"10":{"start":{"line":7,"column":32},"end":{"line":7,"column":116}},"11":{"start":{"line":8,"column":8},"end":{"line":8,"column":78}},"12":{"start":{"line":11,"column":0},"end":{"line":11,"column":62}},"13":{"start":{"line":12,"column":19},"end":{"line":12,"column":48}},"14":{"start":{"line":13,"column":26},"end":{"line":20,"column":2}},"15":{"start":{"line":13,"column":43},"end":{"line":20,"column":2}},"16":{"start":{"line":14,"column":38},"end":{"line":17,"column":34}},"17":{"start":{"line":18,"column":31},"end":{"line":18,"column":91}},"18":{"start":{"line":19,"column":4},"end":{"line":19,"column":30}},"19":{"start":{"line":21,"column":27},"end":{"line":28,"column":2}},"20":{"start":{"line":21,"column":35},"end":{"line":28,"column":2}},"21":{"start":{"line":22,"column":30},"end":{"line":26,"column":27}},"22":{"start":{"line":27,"column":4},"end":{"line":27,"column":29}},"23":{"start":{"line":29,"column":36},"end":{"line":49,"column":2}},"24":{"start":{"line":29,"column":87},"end":{"line":49,"column":2}},"25":{"start":{"line":30,"column":19},"end":{"line":30,"column":51}},"26":{"start":{"line":31,"column":30},"end":{"line":38,"column":18}},"27":{"start":{"line":39,"column":30},"end":{"line":42,"column":27}},"28":{"start":{"line":43,"column":23},"end":{"line":43,"column":150}},"29":{"start":{"line":44,"column":4},"end":{"line":48,"column":6}},"30":{"start":{"line":50,"column":0},"end":{"line":53,"column":2}}},"fnMap":{"0":{"name":"(anonymous_0)","decl":{"start":{"line":2,"column":44},"end":{"line":2,"column":45}},"loc":{"start":{"line":2,"column":89},"end":{"line":10,"column":1}},"line":2},"1":{"name":"adopt","decl":{"start":{"line":3,"column":13},"end":{"line":3,"column":18}},"loc":{"start":{"line":3,"column":26},"end":{"line":3,"column":112}},"line":3},"2":{"name":"(anonymous_2)","decl":{"start":{"line":3,"column":70},"end":{"line":3,"column":71}},"loc":{"start":{"line":3,"column":89},"end":{"line":3,"column":108}},"line":3},"3":{"name":"(anonymous_3)","decl":{"start":{"line":4,"column":36},"end":{"line":4,"column":37}},"loc":{"start":{"line":4,"column":63},"end":{"line":9,"column":5}},"line":4},"4":{"name":"fulfilled","decl":{"start":{"line":5,"column":17},"end":{"line":5,"column":26}},"loc":{"start":{"line":5,"column":34},"end":{"line":5,"column":99}},"line":5},"5":{"name":"rejected","decl":{"start":{"line":6,"column":17},"end":{"line":6,"column":25}},"loc":{"start":{"line":6,"column":33},"end":{"line":6,"column":102}},"line":6},"6":{"name":"step","decl":{"start":{"line":7,"column":17},"end":{"line":7,"column":21}},"loc":{"start":{"line":7,"column":30},"end":{"line":7,"column":118}},"line":7},"7":{"name":"(anonymous_7)","decl":{"start":{"line":13,"column":26},"end":{"line":13,"column":27}},"loc":{"start":{"line":13,"column":43},"end":{"line":20,"column":2}},"line":13},"8":{"name":"(anonymous_8)","decl":{"start":{"line":13,"column":77},"end":{"line":13,"column":78}},"loc":{"start":{"line":13,"column":90},"end":{"line":20,"column":1}},"line":13},"9":{"name":"(anonymous_9)","decl":{"start":{"line":21,"column":27},"end":{"line":21,"column":28}},"loc":{"start":{"line":21,"column":35},"end":{"line":28,"column":2}},"line":21},"10":{"name":"(anonymous_10)","decl":{"start":{"line":21,"column":69},"end":{"line":21,"column":70}},"loc":{"start":{"line":21,"column":82},"end":{"line":28,"column":1}},"line":21},"11":{"name":"(anonymous_11)","decl":{"start":{"line":29,"column":36},"end":{"line":29,"column":37}},"loc":{"start":{"line":29,"column":87},"end":{"line":49,"column":2}},"line":29},"12":{"name":"(anonymous_12)","decl":{"start":{"line":29,"column":121},"end":{"line":29,"column":122}},"loc":{"start":{"line":29,"column":134},"end":{"line":49,"column":1}},"line":29}},"branchMap":{"0":{"loc":{"start":{"line":2,"column":16},"end":{"line":10,"column":1}},"type":"binary-expr","locations":[{"start":{"line":2,"column":17},"end":{"line":2,"column":21}},{"start":{"line":2,"column":25},"end":{"line":2,"column":39}},{"start":{"line":2,"column":44},"end":{"line":10,"column":1}}],"line":2},"1":{"loc":{"start":{"line":3,"column":35},"end":{"line":3,"column":109}},"type":"cond-expr","locations":[{"start":{"line":3,"column":56},"end":{"line":3,"column":61}},{"start":{"line":3,"column":64},"end":{"line":3,"column":109}}],"line":3},"2":{"loc":{"start":{"line":4,"column":16},"end":{"line":4,"column":34}},"type":"binary-expr","locations":[{"start":{"line":4,"column":16},"end":{"line":4,"column":17}},{"start":{"line":4,"column":22},"end":{"line":4,"column":33}}],"line":4},"3":{"loc":{"start":{"line":7,"column":32},"end":{"line":7,"column":115}},"type":"cond-expr","locations":[{"start":{"line":7,"column":46},"end":{"line":7,"column":67}},{"start":{"line":7,"column":70},"end":{"line":7,"column":115}}],"line":7},"4":{"loc":{"start":{"line":8,"column":51},"end":{"line":8,"column":67}},"type":"binary-expr","locations":[{"start":{"line":8,"column":51},"end":{"line":8,"column":61}},{"start":{"line":8,"column":65},"end":{"line":8,"column":67}}],"line":8},"5":{"loc":{"start":{"line":43,"column":40},"end":{"line":43,"column":133}},"type":"cond-expr","locations":[{"start":{"line":43,"column":101},"end":{"line":43,"column":107}},{"start":{"line":43,"column":110},"end":{"line":43,"column":133}}],"line":43},"6":{"loc":{"start":{"line":43,"column":40},"end":{"line":43,"column":98}},"type":"binary-expr","locations":[{"start":{"line":43,"column":40},"end":{"line":43,"column":66}},{"start":{"line":43,"column":70},"end":{"line":43,"column":98}}],"line":43}},"s":{"0":1,"1":0,"2":0,"3":0,"4":0,"5":0,"6":0,"7":0,"8":0,"9":0,"10":0,"11":0,"12":1,"13":1,"14":1,"15":0,"16":0,"17":0,"18":0,"19":1,"20":0,"21":0,"22":0,"23":1,"24":0,"25":0,"26":0,"27":0,"28":0,"29":0,"30":1},"f":{"0":0,"1":0,"2":0,"3":0,"4":0,"5":0,"6":0,"7":0,"8":0,"9":0,"10":0,"11":0,"12":0},"b":{"0":[1,1,1],"1":[0,0],"2":[0,0],"3":[0,0],"4":[0,0],"5":[0,0],"6":[0,0]},"inputSourceMap":null,"_coverageSchema":"1a1c01bbd47fc00a2c39e90264f33305004495a9","hash":"8ea06c575b854d68954c88660349172e88673448"}
,"C:\\Users\\g.visco.ISYDEDOM\\OneDrive - BE THINK, SOLVE, EXECUTE S.P.A\\Desktop\\restaurant-table-reservations\\build\\models\\user.model.js": {"path":"C:\\Users\\g.visco.ISYDEDOM\\OneDrive - BE THINK, SOLVE, EXECUTE S.P.A\\Desktop\\restaurant-table-reservations\\build\\models\\user.model.js","statementMap":{"0":{"start":{"line":2,"column":16},"end":{"line":10,"column":1}},"1":{"start":{"line":3,"column":28},"end":{"line":3,"column":110}},"2":{"start":{"line":3,"column":91},"end":{"line":3,"column":106}},"3":{"start":{"line":4,"column":4},"end":{"line":9,"column":7}},"4":{"start":{"line":5,"column":36},"end":{"line":5,"column":97}},"5":{"start":{"line":5,"column":42},"end":{"line":5,"column":70}},"6":{"start":{"line":5,"column":85},"end":{"line":5,"column":95}},"7":{"start":{"line":6,"column":35},"end":{"line":6,"column":100}},"8":{"start":{"line":6,"column":41},"end":{"line":6,"column":73}},"9":{"start":{"line":6,"column":88},"end":{"line":6,"column":98}},"10":{"start":{"line":7,"column":32},"end":{"line":7,"column":116}},"11":{"start":{"line":8,"column":8},"end":{"line":8,"column":78}},"12":{"start":{"line":11,"column":0},"end":{"line":11,"column":62}},"13":{"start":{"line":12,"column":19},"end":{"line":12,"column":48}},"14":{"start":{"line":13,"column":19},"end":{"line":20,"column":2}},"15":{"start":{"line":13,"column":29},"end":{"line":20,"column":2}},"16":{"start":{"line":14,"column":31},"end":{"line":17,"column":27}},"17":{"start":{"line":18,"column":24},"end":{"line":18,"column":70}},"18":{"start":{"line":19,"column":4},"end":{"line":19,"column":23}},"19":{"start":{"line":21,"column":23},"end":{"line":28,"column":2}},"20":{"start":{"line":21,"column":34},"end":{"line":28,"column":2}},"21":{"start":{"line":22,"column":30},"end":{"line":26,"column":27}},"22":{"start":{"line":27,"column":4},"end":{"line":27,"column":29}},"23":{"start":{"line":29,"column":20},"end":{"line":36,"column":2}},"24":{"start":{"line":29,"column":28},"end":{"line":36,"column":2}},"25":{"start":{"line":30,"column":27},"end":{"line":34,"column":34}},"26":{"start":{"line":35,"column":4},"end":{"line":35,"column":26}},"27":{"start":{"line":37,"column":0},"end":{"line":41,"column":2}}},"fnMap":{"0":{"name":"(anonymous_0)","decl":{"start":{"line":2,"column":44},"end":{"line":2,"column":45}},"loc":{"start":{"line":2,"column":89},"end":{"line":10,"column":1}},"line":2},"1":{"name":"adopt","decl":{"start":{"line":3,"column":13},"end":{"line":3,"column":18}},"loc":{"start":{"line":3,"column":26},"end":{"line":3,"column":112}},"line":3},"2":{"name":"(anonymous_2)","decl":{"start":{"line":3,"column":70},"end":{"line":3,"column":71}},"loc":{"start":{"line":3,"column":89},"end":{"line":3,"column":108}},"line":3},"3":{"name":"(anonymous_3)","decl":{"start":{"line":4,"column":36},"end":{"line":4,"column":37}},"loc":{"start":{"line":4,"column":63},"end":{"line":9,"column":5}},"line":4},"4":{"name":"fulfilled","decl":{"start":{"line":5,"column":17},"end":{"line":5,"column":26}},"loc":{"start":{"line":5,"column":34},"end":{"line":5,"column":99}},"line":5},"5":{"name":"rejected","decl":{"start":{"line":6,"column":17},"end":{"line":6,"column":25}},"loc":{"start":{"line":6,"column":33},"end":{"line":6,"column":102}},"line":6},"6":{"name":"step","decl":{"start":{"line":7,"column":17},"end":{"line":7,"column":21}},"loc":{"start":{"line":7,"column":30},"end":{"line":7,"column":118}},"line":7},"7":{"name":"(anonymous_7)","decl":{"start":{"line":13,"column":19},"end":{"line":13,"column":20}},"loc":{"start":{"line":13,"column":29},"end":{"line":20,"column":2}},"line":13},"8":{"name":"(anonymous_8)","decl":{"start":{"line":13,"column":63},"end":{"line":13,"column":64}},"loc":{"start":{"line":13,"column":76},"end":{"line":20,"column":1}},"line":13},"9":{"name":"(anonymous_9)","decl":{"start":{"line":21,"column":23},"end":{"line":21,"column":24}},"loc":{"start":{"line":21,"column":34},"end":{"line":28,"column":2}},"line":21},"10":{"name":"(anonymous_10)","decl":{"start":{"line":21,"column":68},"end":{"line":21,"column":69}},"loc":{"start":{"line":21,"column":81},"end":{"line":28,"column":1}},"line":21},"11":{"name":"(anonymous_11)","decl":{"start":{"line":29,"column":20},"end":{"line":29,"column":21}},"loc":{"start":{"line":29,"column":28},"end":{"line":36,"column":2}},"line":29},"12":{"name":"(anonymous_12)","decl":{"start":{"line":29,"column":62},"end":{"line":29,"column":63}},"loc":{"start":{"line":29,"column":75},"end":{"line":36,"column":1}},"line":29}},"branchMap":{"0":{"loc":{"start":{"line":2,"column":16},"end":{"line":10,"column":1}},"type":"binary-expr","locations":[{"start":{"line":2,"column":17},"end":{"line":2,"column":21}},{"start":{"line":2,"column":25},"end":{"line":2,"column":39}},{"start":{"line":2,"column":44},"end":{"line":10,"column":1}}],"line":2},"1":{"loc":{"start":{"line":3,"column":35},"end":{"line":3,"column":109}},"type":"cond-expr","locations":[{"start":{"line":3,"column":56},"end":{"line":3,"column":61}},{"start":{"line":3,"column":64},"end":{"line":3,"column":109}}],"line":3},"2":{"loc":{"start":{"line":4,"column":16},"end":{"line":4,"column":34}},"type":"binary-expr","locations":[{"start":{"line":4,"column":16},"end":{"line":4,"column":17}},{"start":{"line":4,"column":22},"end":{"line":4,"column":33}}],"line":4},"3":{"loc":{"start":{"line":7,"column":32},"end":{"line":7,"column":115}},"type":"cond-expr","locations":[{"start":{"line":7,"column":46},"end":{"line":7,"column":67}},{"start":{"line":7,"column":70},"end":{"line":7,"column":115}}],"line":7},"4":{"loc":{"start":{"line":8,"column":51},"end":{"line":8,"column":67}},"type":"binary-expr","locations":[{"start":{"line":8,"column":51},"end":{"line":8,"column":61}},{"start":{"line":8,"column":65},"end":{"line":8,"column":67}}],"line":8}},"s":{"0":1,"1":0,"2":0,"3":0,"4":0,"5":0,"6":0,"7":0,"8":0,"9":0,"10":0,"11":0,"12":1,"13":1,"14":1,"15":0,"16":0,"17":0,"18":0,"19":1,"20":0,"21":0,"22":0,"23":1,"24":0,"25":0,"26":0,"27":1},"f":{"0":0,"1":0,"2":0,"3":0,"4":0,"5":0,"6":0,"7":0,"8":0,"9":0,"10":0,"11":0,"12":0},"b":{"0":[1,1,1],"1":[0,0],"2":[0,0],"3":[0,0],"4":[0,0]},"inputSourceMap":null,"_coverageSchema":"1a1c01bbd47fc00a2c39e90264f33305004495a9","hash":"f128a1625bb452966bd90ca7bd0a67bf130f9823"}
,"C:\\Users\\g.visco.ISYDEDOM\\OneDrive - BE THINK, SOLVE, EXECUTE S.P.A\\Desktop\\restaurant-table-reservations\\build\\routes\\reservation\\reservation.controller.js": {"path":"C:\\Users\\g.visco.ISYDEDOM\\OneDrive - BE THINK, SOLVE, EXECUTE S.P.A\\Desktop\\restaurant-table-reservations\\build\\routes\\reservation\\reservation.controller.js","statementMap":{"0":{"start":{"line":2,"column":16},"end":{"line":10,"column":1}},"1":{"start":{"line":3,"column":28},"end":{"line":3,"column":110}},"2":{"start":{"line":3,"column":91},"end":{"line":3,"column":106}},"3":{"start":{"line":4,"column":4},"end":{"line":9,"column":7}},"4":{"start":{"line":5,"column":36},"end":{"line":5,"column":97}},"5":{"start":{"line":5,"column":42},"end":{"line":5,"column":70}},"6":{"start":{"line":5,"column":85},"end":{"line":5,"column":95}},"7":{"start":{"line":6,"column":35},"end":{"line":6,"column":100}},"8":{"start":{"line":6,"column":41},"end":{"line":6,"column":73}},"9":{"start":{"line":6,"column":88},"end":{"line":6,"column":98}},"10":{"start":{"line":7,"column":32},"end":{"line":7,"column":116}},"11":{"start":{"line":8,"column":8},"end":{"line":8,"column":78}},"12":{"start":{"line":11,"column":22},"end":{"line":13,"column":1}},"13":{"start":{"line":12,"column":4},"end":{"line":12,"column":62}},"14":{"start":{"line":14,"column":0},"end":{"line":14,"column":62}},"15":{"start":{"line":15,"column":28},"end":{"line":15,"column":88}},"16":{"start":{"line":16,"column":32},"end":{"line":16,"column":83}},"17":{"start":{"line":17,"column":21},"end":{"line":17,"column":73}},"18":{"start":{"line":18,"column":28},"end":{"line":18,"column":85}},"19":{"start":{"line":22,"column":26},"end":{"line":42,"column":2}},"20":{"start":{"line":22,"column":46},"end":{"line":42,"column":2}},"21":{"start":{"line":23,"column":4},"end":{"line":41,"column":5}},"22":{"start":{"line":24,"column":60},"end":{"line":24,"column":123}},"23":{"start":{"line":25,"column":8},"end":{"line":25,"column":71}},"24":{"start":{"line":26,"column":71},"end":{"line":26,"column":142}},"25":{"start":{"line":27,"column":35},"end":{"line":27,"column":156}},"26":{"start":{"line":28,"column":8},"end":{"line":30,"column":9}},"27":{"start":{"line":29,"column":12},"end":{"line":29,"column":191}},"28":{"start":{"line":31,"column":44},"end":{"line":31,"column":69}},"29":{"start":{"line":32,"column":36},"end":{"line":36,"column":10}},"30":{"start":{"line":37,"column":8},"end":{"line":37,"column":50}},"31":{"start":{"line":40,"column":8},"end":{"line":40,"column":20}},"32":{"start":{"line":46,"column":24},"end":{"line":57,"column":2}},"33":{"start":{"line":46,"column":44},"end":{"line":57,"column":2}},"34":{"start":{"line":47,"column":4},"end":{"line":56,"column":5}},"35":{"start":{"line":48,"column":88},"end":{"line":48,"column":152}},"36":{"start":{"line":49,"column":43},"end":{"line":49,"column":73}},"37":{"start":{"line":50,"column":41},"end":{"line":50,"column":69}},"38":{"start":{"line":51,"column":35},"end":{"line":51,"column":176}},"39":{"start":{"line":52,"column":8},"end":{"line":52,"column":49}},"40":{"start":{"line":55,"column":8},"end":{"line":55,"column":20}},"41":{"start":{"line":58,"column":0},"end":{"line":61,"column":2}}},"fnMap":{"0":{"name":"(anonymous_0)","decl":{"start":{"line":2,"column":44},"end":{"line":2,"column":45}},"loc":{"start":{"line":2,"column":89},"end":{"line":10,"column":1}},"line":2},"1":{"name":"adopt","decl":{"start":{"line":3,"column":13},"end":{"line":3,"column":18}},"loc":{"start":{"line":3,"column":26},"end":{"line":3,"column":112}},"line":3},"2":{"name":"(anonymous_2)","decl":{"start":{"line":3,"column":70},"end":{"line":3,"column":71}},"loc":{"start":{"line":3,"column":89},"end":{"line":3,"column":108}},"line":3},"3":{"name":"(anonymous_3)","decl":{"start":{"line":4,"column":36},"end":{"line":4,"column":37}},"loc":{"start":{"line":4,"column":63},"end":{"line":9,"column":5}},"line":4},"4":{"name":"fulfilled","decl":{"start":{"line":5,"column":17},"end":{"line":5,"column":26}},"loc":{"start":{"line":5,"column":34},"end":{"line":5,"column":99}},"line":5},"5":{"name":"rejected","decl":{"start":{"line":6,"column":17},"end":{"line":6,"column":25}},"loc":{"start":{"line":6,"column":33},"end":{"line":6,"column":102}},"line":6},"6":{"name":"step","decl":{"start":{"line":7,"column":17},"end":{"line":7,"column":21}},"loc":{"start":{"line":7,"column":30},"end":{"line":7,"column":118}},"line":7},"7":{"name":"(anonymous_7)","decl":{"start":{"line":11,"column":56},"end":{"line":11,"column":57}},"loc":{"start":{"line":11,"column":71},"end":{"line":13,"column":1}},"line":11},"8":{"name":"(anonymous_8)","decl":{"start":{"line":22,"column":26},"end":{"line":22,"column":27}},"loc":{"start":{"line":22,"column":46},"end":{"line":42,"column":2}},"line":22},"9":{"name":"(anonymous_9)","decl":{"start":{"line":22,"column":80},"end":{"line":22,"column":81}},"loc":{"start":{"line":22,"column":93},"end":{"line":42,"column":1}},"line":22},"10":{"name":"(anonymous_10)","decl":{"start":{"line":46,"column":24},"end":{"line":46,"column":25}},"loc":{"start":{"line":46,"column":44},"end":{"line":57,"column":2}},"line":46},"11":{"name":"(anonymous_11)","decl":{"start":{"line":46,"column":78},"end":{"line":46,"column":79}},"loc":{"start":{"line":46,"column":91},"end":{"line":57,"column":1}},"line":46}},"branchMap":{"0":{"loc":{"start":{"line":2,"column":16},"end":{"line":10,"column":1}},"type":"binary-expr","locations":[{"start":{"line":2,"column":17},"end":{"line":2,"column":21}},{"start":{"line":2,"column":25},"end":{"line":2,"column":39}},{"start":{"line":2,"column":44},"end":{"line":10,"column":1}}],"line":2},"1":{"loc":{"start":{"line":3,"column":35},"end":{"line":3,"column":109}},"type":"cond-expr","locations":[{"start":{"line":3,"column":56},"end":{"line":3,"column":61}},{"start":{"line":3,"column":64},"end":{"line":3,"column":109}}],"line":3},"2":{"loc":{"start":{"line":4,"column":16},"end":{"line":4,"column":34}},"type":"binary-expr","locations":[{"start":{"line":4,"column":16},"end":{"line":4,"column":17}},{"start":{"line":4,"column":22},"end":{"line":4,"column":33}}],"line":4},"3":{"loc":{"start":{"line":7,"column":32},"end":{"line":7,"column":115}},"type":"cond-expr","locations":[{"start":{"line":7,"column":46},"end":{"line":7,"column":67}},{"start":{"line":7,"column":70},"end":{"line":7,"column":115}}],"line":7},"4":{"loc":{"start":{"line":8,"column":51},"end":{"line":8,"column":67}},"type":"binary-expr","locations":[{"start":{"line":8,"column":51},"end":{"line":8,"column":61}},{"start":{"line":8,"column":65},"end":{"line":8,"column":67}}],"line":8},"5":{"loc":{"start":{"line":11,"column":22},"end":{"line":13,"column":1}},"type":"binary-expr","locations":[{"start":{"line":11,"column":23},"end":{"line":11,"column":27}},{"start":{"line":11,"column":31},"end":{"line":11,"column":51}},{"start":{"line":11,"column":56},"end":{"line":13,"column":1}}],"line":11},"6":{"loc":{"start":{"line":12,"column":11},"end":{"line":12,"column":61}},"type":"cond-expr","locations":[{"start":{"line":12,"column":37},"end":{"line":12,"column":40}},{"start":{"line":12,"column":43},"end":{"line":12,"column":61}}],"line":12},"7":{"loc":{"start":{"line":12,"column":12},"end":{"line":12,"column":33}},"type":"binary-expr","locations":[{"start":{"line":12,"column":12},"end":{"line":12,"column":15}},{"start":{"line":12,"column":19},"end":{"line":12,"column":33}}],"line":12},"8":{"loc":{"start":{"line":28,"column":8},"end":{"line":30,"column":9}},"type":"if","locations":[{"start":{"line":28,"column":8},"end":{"line":30,"column":9}},{"start":{},"end":{}}],"line":28},"9":{"loc":{"start":{"line":29,"column":68},"end":{"line":29,"column":176}},"type":"cond-expr","locations":[{"start":{"line":29,"column":131},"end":{"line":29,"column":137}},{"start":{"line":29,"column":140},"end":{"line":29,"column":176}}],"line":29},"10":{"loc":{"start":{"line":29,"column":68},"end":{"line":29,"column":128}},"type":"binary-expr","locations":[{"start":{"line":29,"column":68},"end":{"line":29,"column":95}},{"start":{"line":29,"column":99},"end":{"line":29,"column":128}}],"line":29}},"s":{"0":1,"1":0,"2":0,"3":0,"4":0,"5":0,"6":0,"7":0,"8":0,"9":0,"10":0,"11":0,"12":1,"13":3,"14":1,"15":1,"16":1,"17":1,"18":1,"19":1,"20":0,"21":0,"22":0,"23":0,"24":0,"25":0,"26":0,"27":0,"28":0,"29":0,"30":0,"31":0,"32":1,"33":0,"34":0,"35":0,"36":0,"37":0,"38":0,"39":0,"40":0,"41":1},"f":{"0":0,"1":0,"2":0,"3":0,"4":0,"5":0,"6":0,"7":3,"8":0,"9":0,"10":0,"11":0},"b":{"0":[1,1,1],"1":[0,0],"2":[0,0],"3":[0,0],"4":[0,0],"5":[1,1,1],"6":[3,0],"7":[3,3],"8":[0,0],"9":[0,0],"10":[0,0]},"inputSourceMap":null,"_coverageSchema":"1a1c01bbd47fc00a2c39e90264f33305004495a9","hash":"60f1b0c64accb24e6235cbec696021d2cfbcfcd1"}
,"C:\\Users\\g.visco.ISYDEDOM\\OneDrive - BE THINK, SOLVE, EXECUTE S.P.A\\Desktop\\restaurant-table-reservations\\build\\utils\\reservation.utils.js": {"path":"C:\\Users\\g.visco.ISYDEDOM\\OneDrive - BE THINK, SOLVE, EXECUTE S.P.A\\Desktop\\restaurant-table-reservations\\build\\utils\\reservation.utils.js","statementMap":{"0":{"start":{"line":2,"column":16},"end":{"line":10,"column":1}},"1":{"start":{"line":3,"column":28},"end":{"line":3,"column":110}},"2":{"start":{"line":3,"column":91},"end":{"line":3,"column":106}},"3":{"start":{"line":4,"column":4},"end":{"line":9,"column":7}},"4":{"start":{"line":5,"column":36},"end":{"line":5,"column":97}},"5":{"start":{"line":5,"column":42},"end":{"line":5,"column":70}},"6":{"start":{"line":5,"column":85},"end":{"line":5,"column":95}},"7":{"start":{"line":6,"column":35},"end":{"line":6,"column":100}},"8":{"start":{"line":6,"column":41},"end":{"line":6,"column":73}},"9":{"start":{"line":6,"column":88},"end":{"line":6,"column":98}},"10":{"start":{"line":7,"column":32},"end":{"line":7,"column":116}},"11":{"start":{"line":8,"column":8},"end":{"line":8,"column":78}},"12":{"start":{"line":11,"column":22},"end":{"line":13,"column":1}},"13":{"start":{"line":12,"column":4},"end":{"line":12,"column":62}},"14":{"start":{"line":14,"column":0},"end":{"line":14,"column":62}},"15":{"start":{"line":15,"column":0},"end":{"line":15,"column":44}},"16":{"start":{"line":16,"column":28},"end":{"line":16,"column":83}},"17":{"start":{"line":17,"column":35},"end":{"line":21,"column":1}},"18":{"start":{"line":18,"column":39},"end":{"line":18,"column":64}},"19":{"start":{"line":19,"column":37},"end":{"line":19,"column":123}},"20":{"start":{"line":20,"column":4},"end":{"line":20,"column":66}},"21":{"start":{"line":22,"column":36},"end":{"line":29,"column":1}},"22":{"start":{"line":23,"column":26},"end":{"line":23,"column":101}},"23":{"start":{"line":23,"column":61},"end":{"line":23,"column":100}},"24":{"start":{"line":24,"column":4},"end":{"line":28,"column":5}},"25":{"start":{"line":25,"column":22},"end":{"line":25,"column":77}},"26":{"start":{"line":26,"column":8},"end":{"line":26,"column":31}},"27":{"start":{"line":27,"column":8},"end":{"line":27,"column":20}},"28":{"start":{"line":30,"column":35},"end":{"line":33,"column":2}},"29":{"start":{"line":30,"column":108},"end":{"line":33,"column":2}},"30":{"start":{"line":31,"column":31},"end":{"line":31,"column":161}},"31":{"start":{"line":32,"column":4},"end":{"line":32,"column":30}},"32":{"start":{"line":34,"column":0},"end":{"line":34,"column":64}},"33":{"start":{"line":35,"column":0},"end":{"line":39,"column":2}}},"fnMap":{"0":{"name":"(anonymous_0)","decl":{"start":{"line":2,"column":44},"end":{"line":2,"column":45}},"loc":{"start":{"line":2,"column":89},"end":{"line":10,"column":1}},"line":2},"1":{"name":"adopt","decl":{"start":{"line":3,"column":13},"end":{"line":3,"column":18}},"loc":{"start":{"line":3,"column":26},"end":{"line":3,"column":112}},"line":3},"2":{"name":"(anonymous_2)","decl":{"start":{"line":3,"column":70},"end":{"line":3,"column":71}},"loc":{"start":{"line":3,"column":89},"end":{"line":3,"column":108}},"line":3},"3":{"name":"(anonymous_3)","decl":{"start":{"line":4,"column":36},"end":{"line":4,"column":37}},"loc":{"start":{"line":4,"column":63},"end":{"line":9,"column":5}},"line":4},"4":{"name":"fulfilled","decl":{"start":{"line":5,"column":17},"end":{"line":5,"column":26}},"loc":{"start":{"line":5,"column":34},"end":{"line":5,"column":99}},"line":5},"5":{"name":"rejected","decl":{"start":{"line":6,"column":17},"end":{"line":6,"column":25}},"loc":{"start":{"line":6,"column":33},"end":{"line":6,"column":102}},"line":6},"6":{"name":"step","decl":{"start":{"line":7,"column":17},"end":{"line":7,"column":21}},"loc":{"start":{"line":7,"column":30},"end":{"line":7,"column":118}},"line":7},"7":{"name":"(anonymous_7)","decl":{"start":{"line":11,"column":56},"end":{"line":11,"column":57}},"loc":{"start":{"line":11,"column":71},"end":{"line":13,"column":1}},"line":11},"8":{"name":"(anonymous_8)","decl":{"start":{"line":17,"column":35},"end":{"line":17,"column":36}},"loc":{"start":{"line":17,"column":56},"end":{"line":21,"column":1}},"line":17},"9":{"name":"(anonymous_9)","decl":{"start":{"line":22,"column":36},"end":{"line":22,"column":37}},"loc":{"start":{"line":22,"column":67},"end":{"line":29,"column":1}},"line":22},"10":{"name":"(anonymous_10)","decl":{"start":{"line":23,"column":44},"end":{"line":23,"column":45}},"loc":{"start":{"line":23,"column":61},"end":{"line":23,"column":100}},"line":23},"11":{"name":"(anonymous_11)","decl":{"start":{"line":30,"column":35},"end":{"line":30,"column":36}},"loc":{"start":{"line":30,"column":108},"end":{"line":33,"column":2}},"line":30},"12":{"name":"(anonymous_12)","decl":{"start":{"line":30,"column":142},"end":{"line":30,"column":143}},"loc":{"start":{"line":30,"column":155},"end":{"line":33,"column":1}},"line":30}},"branchMap":{"0":{"loc":{"start":{"line":2,"column":16},"end":{"line":10,"column":1}},"type":"binary-expr","locations":[{"start":{"line":2,"column":17},"end":{"line":2,"column":21}},{"start":{"line":2,"column":25},"end":{"line":2,"column":39}},{"start":{"line":2,"column":44},"end":{"line":10,"column":1}}],"line":2},"1":{"loc":{"start":{"line":3,"column":35},"end":{"line":3,"column":109}},"type":"cond-expr","locations":[{"start":{"line":3,"column":56},"end":{"line":3,"column":61}},{"start":{"line":3,"column":64},"end":{"line":3,"column":109}}],"line":3},"2":{"loc":{"start":{"line":4,"column":16},"end":{"line":4,"column":34}},"type":"binary-expr","locations":[{"start":{"line":4,"column":16},"end":{"line":4,"column":17}},{"start":{"line":4,"column":22},"end":{"line":4,"column":33}}],"line":4},"3":{"loc":{"start":{"line":7,"column":32},"end":{"line":7,"column":115}},"type":"cond-expr","locations":[{"start":{"line":7,"column":46},"end":{"line":7,"column":67}},{"start":{"line":7,"column":70},"end":{"line":7,"column":115}}],"line":7},"4":{"loc":{"start":{"line":8,"column":51},"end":{"line":8,"column":67}},"type":"binary-expr","locations":[{"start":{"line":8,"column":51},"end":{"line":8,"column":61}},{"start":{"line":8,"column":65},"end":{"line":8,"column":67}}],"line":8},"5":{"loc":{"start":{"line":11,"column":22},"end":{"line":13,"column":1}},"type":"binary-expr","locations":[{"start":{"line":11,"column":23},"end":{"line":11,"column":27}},{"start":{"line":11,"column":31},"end":{"line":11,"column":51}},{"start":{"line":11,"column":56},"end":{"line":13,"column":1}}],"line":11},"6":{"loc":{"start":{"line":12,"column":11},"end":{"line":12,"column":61}},"type":"cond-expr","locations":[{"start":{"line":12,"column":37},"end":{"line":12,"column":40}},{"start":{"line":12,"column":43},"end":{"line":12,"column":61}}],"line":12},"7":{"loc":{"start":{"line":12,"column":12},"end":{"line":12,"column":33}},"type":"binary-expr","locations":[{"start":{"line":12,"column":12},"end":{"line":12,"column":15}},{"start":{"line":12,"column":19},"end":{"line":12,"column":33}}],"line":12},"8":{"loc":{"start":{"line":24,"column":4},"end":{"line":28,"column":5}},"type":"if","locations":[{"start":{"line":24,"column":4},"end":{"line":28,"column":5}},{"start":{},"end":{}}],"line":24}},"s":{"0":1,"1":0,"2":0,"3":0,"4":0,"5":0,"6":0,"7":0,"8":0,"9":0,"10":0,"11":0,"12":1,"13":1,"14":1,"15":1,"16":1,"17":1,"18":0,"19":0,"20":0,"21":1,"22":0,"23":0,"24":0,"25":0,"26":0,"27":0,"28":1,"29":0,"30":0,"31":0,"32":1,"33":1},"f":{"0":0,"1":0,"2":0,"3":0,"4":0,"5":0,"6":0,"7":1,"8":0,"9":0,"10":0,"11":0,"12":0},"b":{"0":[1,1,1],"1":[0,0],"2":[0,0],"3":[0,0],"4":[0,0],"5":[1,1,1],"6":[1,0],"7":[1,1],"8":[0,0]},"inputSourceMap":null,"_coverageSchema":"1a1c01bbd47fc00a2c39e90264f33305004495a9","hash":"41b7545665cd3ff602df7365cca83d9e303d47d7"}
,"C:\\Users\\g.visco.ISYDEDOM\\OneDrive - BE THINK, SOLVE, EXECUTE S.P.A\\Desktop\\restaurant-table-reservations\\build\\utils\\user.utils.js": {"path":"C:\\Users\\g.visco.ISYDEDOM\\OneDrive - BE THINK, SOLVE, EXECUTE S.P.A\\Desktop\\restaurant-table-reservations\\build\\utils\\user.utils.js","statementMap":{"0":{"start":{"line":2,"column":16},"end":{"line":10,"column":1}},"1":{"start":{"line":3,"column":28},"end":{"line":3,"column":110}},"2":{"start":{"line":3,"column":91},"end":{"line":3,"column":106}},"3":{"start":{"line":4,"column":4},"end":{"line":9,"column":7}},"4":{"start":{"line":5,"column":36},"end":{"line":5,"column":97}},"5":{"start":{"line":5,"column":42},"end":{"line":5,"column":70}},"6":{"start":{"line":5,"column":85},"end":{"line":5,"column":95}},"7":{"start":{"line":6,"column":35},"end":{"line":6,"column":100}},"8":{"start":{"line":6,"column":41},"end":{"line":6,"column":73}},"9":{"start":{"line":6,"column":88},"end":{"line":6,"column":98}},"10":{"start":{"line":7,"column":32},"end":{"line":7,"column":116}},"11":{"start":{"line":8,"column":8},"end":{"line":8,"column":78}},"12":{"start":{"line":11,"column":22},"end":{"line":13,"column":1}},"13":{"start":{"line":12,"column":4},"end":{"line":12,"column":62}},"14":{"start":{"line":14,"column":0},"end":{"line":14,"column":62}},"15":{"start":{"line":15,"column":21},"end":{"line":15,"column":69}},"16":{"start":{"line":16,"column":26},"end":{"line":23,"column":2}},"17":{"start":{"line":16,"column":37},"end":{"line":23,"column":2}},"18":{"start":{"line":17,"column":25},"end":{"line":17,"column":73}},"19":{"start":{"line":18,"column":4},"end":{"line":22,"column":5}},"20":{"start":{"line":19,"column":22},"end":{"line":19,"column":54}},"21":{"start":{"line":20,"column":8},"end":{"line":20,"column":31}},"22":{"start":{"line":21,"column":8},"end":{"line":21,"column":20}},"23":{"start":{"line":24,"column":33},"end":{"line":31,"column":2}},"24":{"start":{"line":24,"column":44},"end":{"line":31,"column":2}},"25":{"start":{"line":25,"column":25},"end":{"line":25,"column":73}},"26":{"start":{"line":26,"column":4},"end":{"line":30,"column":5}},"27":{"start":{"line":27,"column":22},"end":{"line":27,"column":55}},"28":{"start":{"line":28,"column":8},"end":{"line":28,"column":31}},"29":{"start":{"line":29,"column":8},"end":{"line":29,"column":20}},"30":{"start":{"line":32,"column":0},"end":{"line":35,"column":2}}},"fnMap":{"0":{"name":"(anonymous_0)","decl":{"start":{"line":2,"column":44},"end":{"line":2,"column":45}},"loc":{"start":{"line":2,"column":89},"end":{"line":10,"column":1}},"line":2},"1":{"name":"adopt","decl":{"start":{"line":3,"column":13},"end":{"line":3,"column":18}},"loc":{"start":{"line":3,"column":26},"end":{"line":3,"column":112}},"line":3},"2":{"name":"(anonymous_2)","decl":{"start":{"line":3,"column":70},"end":{"line":3,"column":71}},"loc":{"start":{"line":3,"column":89},"end":{"line":3,"column":108}},"line":3},"3":{"name":"(anonymous_3)","decl":{"start":{"line":4,"column":36},"end":{"line":4,"column":37}},"loc":{"start":{"line":4,"column":63},"end":{"line":9,"column":5}},"line":4},"4":{"name":"fulfilled","decl":{"start":{"line":5,"column":17},"end":{"line":5,"column":26}},"loc":{"start":{"line":5,"column":34},"end":{"line":5,"column":99}},"line":5},"5":{"name":"rejected","decl":{"start":{"line":6,"column":17},"end":{"line":6,"column":25}},"loc":{"start":{"line":6,"column":33},"end":{"line":6,"column":102}},"line":6},"6":{"name":"step","decl":{"start":{"line":7,"column":17},"end":{"line":7,"column":21}},"loc":{"start":{"line":7,"column":30},"end":{"line":7,"column":118}},"line":7},"7":{"name":"(anonymous_7)","decl":{"start":{"line":11,"column":56},"end":{"line":11,"column":57}},"loc":{"start":{"line":11,"column":71},"end":{"line":13,"column":1}},"line":11},"8":{"name":"(anonymous_8)","decl":{"start":{"line":16,"column":26},"end":{"line":16,"column":27}},"loc":{"start":{"line":16,"column":37},"end":{"line":23,"column":2}},"line":16},"9":{"name":"(anonymous_9)","decl":{"start":{"line":16,"column":71},"end":{"line":16,"column":72}},"loc":{"start":{"line":16,"column":84},"end":{"line":23,"column":1}},"line":16},"10":{"name":"(anonymous_10)","decl":{"start":{"line":24,"column":33},"end":{"line":24,"column":34}},"loc":{"start":{"line":24,"column":44},"end":{"line":31,"column":2}},"line":24},"11":{"name":"(anonymous_11)","decl":{"start":{"line":24,"column":78},"end":{"line":24,"column":79}},"loc":{"start":{"line":24,"column":91},"end":{"line":31,"column":1}},"line":24}},"branchMap":{"0":{"loc":{"start":{"line":2,"column":16},"end":{"line":10,"column":1}},"type":"binary-expr","locations":[{"start":{"line":2,"column":17},"end":{"line":2,"column":21}},{"start":{"line":2,"column":25},"end":{"line":2,"column":39}},{"start":{"line":2,"column":44},"end":{"line":10,"column":1}}],"line":2},"1":{"loc":{"start":{"line":3,"column":35},"end":{"line":3,"column":109}},"type":"cond-expr","locations":[{"start":{"line":3,"column":56},"end":{"line":3,"column":61}},{"start":{"line":3,"column":64},"end":{"line":3,"column":109}}],"line":3},"2":{"loc":{"start":{"line":4,"column":16},"end":{"line":4,"column":34}},"type":"binary-expr","locations":[{"start":{"line":4,"column":16},"end":{"line":4,"column":17}},{"start":{"line":4,"column":22},"end":{"line":4,"column":33}}],"line":4},"3":{"loc":{"start":{"line":7,"column":32},"end":{"line":7,"column":115}},"type":"cond-expr","locations":[{"start":{"line":7,"column":46},"end":{"line":7,"column":67}},{"start":{"line":7,"column":70},"end":{"line":7,"column":115}}],"line":7},"4":{"loc":{"start":{"line":8,"column":51},"end":{"line":8,"column":67}},"type":"binary-expr","locations":[{"start":{"line":8,"column":51},"end":{"line":8,"column":61}},{"start":{"line":8,"column":65},"end":{"line":8,"column":67}}],"line":8},"5":{"loc":{"start":{"line":11,"column":22},"end":{"line":13,"column":1}},"type":"binary-expr","locations":[{"start":{"line":11,"column":23},"end":{"line":11,"column":27}},{"start":{"line":11,"column":31},"end":{"line":11,"column":51}},{"start":{"line":11,"column":56},"end":{"line":13,"column":1}}],"line":11},"6":{"loc":{"start":{"line":12,"column":11},"end":{"line":12,"column":61}},"type":"cond-expr","locations":[{"start":{"line":12,"column":37},"end":{"line":12,"column":40}},{"start":{"line":12,"column":43},"end":{"line":12,"column":61}}],"line":12},"7":{"loc":{"start":{"line":12,"column":12},"end":{"line":12,"column":33}},"type":"binary-expr","locations":[{"start":{"line":12,"column":12},"end":{"line":12,"column":15}},{"start":{"line":12,"column":19},"end":{"line":12,"column":33}}],"line":12},"8":{"loc":{"start":{"line":18,"column":4},"end":{"line":22,"column":5}},"type":"if","locations":[{"start":{"line":18,"column":4},"end":{"line":22,"column":5}},{"start":{},"end":{}}],"line":18},"9":{"loc":{"start":{"line":26,"column":4},"end":{"line":30,"column":5}},"type":"if","locations":[{"start":{"line":26,"column":4},"end":{"line":30,"column":5}},{"start":{},"end":{}}],"line":26}},"s":{"0":1,"1":0,"2":0,"3":0,"4":0,"5":0,"6":0,"7":0,"8":0,"9":0,"10":0,"11":0,"12":1,"13":1,"14":1,"15":1,"16":1,"17":0,"18":0,"19":0,"20":0,"21":0,"22":0,"23":1,"24":0,"25":0,"26":0,"27":0,"28":0,"29":0,"30":1},"f":{"0":0,"1":0,"2":0,"3":0,"4":0,"5":0,"6":0,"7":1,"8":0,"9":0,"10":0,"11":0},"b":{"0":[1,1,1],"1":[0,0],"2":[0,0],"3":[0,0],"4":[0,0],"5":[1,1,1],"6":[1,0],"7":[1,1],"8":[0,0],"9":[0,0]},"inputSourceMap":null,"_coverageSchema":"1a1c01bbd47fc00a2c39e90264f33305004495a9","hash":"5ca081d9ab4676fc49d8dc1230bf1dddd3d90c52"}
,"C:\\Users\\g.visco.ISYDEDOM\\OneDrive - BE THINK, SOLVE, EXECUTE S.P.A\\Desktop\\restaurant-table-reservations\\build\\validators\\reservation.validator.js": {"path":"C:\\Users\\g.visco.ISYDEDOM\\OneDrive - BE THINK, SOLVE, EXECUTE S.P.A\\Desktop\\restaurant-table-reservations\\build\\validators\\reservation.validator.js","statementMap":{"0":{"start":{"line":2,"column":0},"end":{"line":2,"column":62}},"1":{"start":{"line":3,"column":0},"end":{"line":3,"column":75}},"2":{"start":{"line":4,"column":14},"end":{"line":4,"column":28}},"3":{"start":{"line":5,"column":0},"end":{"line":27,"column":3}},"4":{"start":{"line":18,"column":21},"end":{"line":18,"column":35}},"5":{"start":{"line":19,"column":22},"end":{"line":19,"column":40}},"6":{"start":{"line":20,"column":24},"end":{"line":20,"column":44}},"7":{"start":{"line":22,"column":28},"end":{"line":22,"column":99}},"8":{"start":{"line":23,"column":8},"end":{"line":23,"column":27}},"9":{"start":{"line":28,"column":0},"end":{"line":51,"column":3}},"10":{"start":{"line":41,"column":28},"end":{"line":41,"column":45}},"11":{"start":{"line":43,"column":25},"end":{"line":43,"column":36}},"12":{"start":{"line":46,"column":28},"end":{"line":46,"column":45}},"13":{"start":{"line":48,"column":25},"end":{"line":48,"column":36}}},"fnMap":{"0":{"name":"(anonymous_0)","decl":{"start":{"line":17,"column":16},"end":{"line":17,"column":17}},"loc":{"start":{"line":17,"column":26},"end":{"line":24,"column":5}},"line":17},"1":{"name":"(anonymous_1)","decl":{"start":{"line":41,"column":19},"end":{"line":41,"column":20}},"loc":{"start":{"line":41,"column":28},"end":{"line":41,"column":45}},"line":41},"2":{"name":"(anonymous_2)","decl":{"start":{"line":43,"column":16},"end":{"line":43,"column":17}},"loc":{"start":{"line":43,"column":25},"end":{"line":43,"column":36}},"line":43},"3":{"name":"(anonymous_3)","decl":{"start":{"line":46,"column":19},"end":{"line":46,"column":20}},"loc":{"start":{"line":46,"column":28},"end":{"line":46,"column":45}},"line":46},"4":{"name":"(anonymous_4)","decl":{"start":{"line":48,"column":16},"end":{"line":48,"column":17}},"loc":{"start":{"line":48,"column":25},"end":{"line":48,"column":36}},"line":48}},"branchMap":{"0":{"loc":{"start":{"line":22,"column":28},"end":{"line":22,"column":99}},"type":"binary-expr","locations":[{"start":{"line":22,"column":28},"end":{"line":22,"column":50}},{"start":{"line":22,"column":55},"end":{"line":22,"column":66}},{"start":{"line":22,"column":70},"end":{"line":22,"column":81}},{"start":{"line":22,"column":85},"end":{"line":22,"column":98}}],"line":22}},"s":{"0":1,"1":1,"2":1,"3":1,"4":0,"5":0,"6":0,"7":0,"8":0,"9":1,"10":0,"11":0,"12":0,"13":0},"f":{"0":0,"1":0,"2":0,"3":0,"4":0},"b":{"0":[0,0,0,0]},"inputSourceMap":null,"_coverageSchema":"1a1c01bbd47fc00a2c39e90264f33305004495a9","hash":"959863386a2af62adc9c95f9d62a5618e3d54106"}
,"C:\\Users\\g.visco.ISYDEDOM\\OneDrive - BE THINK, SOLVE, EXECUTE S.P.A\\Desktop\\restaurant-table-reservations\\config\\database.ts": {"path":"C:\\Users\\g.visco.ISYDEDOM\\OneDrive - BE THINK, SOLVE, EXECUTE S.P.A\\Desktop\\restaurant-table-reservations\\config\\database.ts","statementMap":{"0":{"start":{"line":1,"column":0},"end":{"line":1,"column":46}},"1":{"start":{"line":2,"column":0},"end":{"line":2,"column":36}},"2":{"start":{"line":3,"column":0},"end":{"line":3,"column":28}},"3":{"start":{"line":6,"column":0},"end":{"line":6,"column":16}},"4":{"start":{"line":8,"column":13},"end":{"line":17,"column":2}},"5":{"start":{"line":19,"column":13},"end":{"line":21,"column":3}},"6":{"start":{"line":23,"column":40},"end":{"line":33,"column":2}},"7":{"start":{"line":23,"column":51},"end":{"line":33,"column":2}},"8":{"start":{"line":24,"column":2},"end":{"line":32,"column":3}},"9":{"start":{"line":25,"column":4},"end":{"line":27,"column":27}},"10":{"start":{"line":28,"column":4},"end":{"line":28,"column":51}},"11":{"start":{"line":30,"column":4},"end":{"line":30,"column":55}},"12":{"start":{"line":31,"column":4},"end":{"line":31,"column":57}},"13":{"start":{"line":23,"column":13},"end":{"line":23,"column":40}}},"fnMap":{"0":{"name":"(anonymous_8)","decl":{"start":{"line":23,"column":40},"end":{"line":23,"column":49}},"loc":{"start":{"line":23,"column":51},"end":{"line":33,"column":2}}},"1":{"name":"(anonymous_9)","decl":{"start":{"line":23,"column":51},"end":{"line":23,"column":null}},"loc":{"start":{"line":23,"column":51},"end":{"line":33,"column":1}}}},"branchMap":{},"s":{"0":2,"1":2,"2":2,"3":2,"4":2,"5":2,"6":2,"7":0,"8":0,"9":0,"10":0,"11":0,"12":0,"13":2},"f":{"0":0,"1":0},"b":{}}
,"C:\\Users\\g.visco.ISYDEDOM\\OneDrive - BE THINK, SOLVE, EXECUTE S.P.A\\Desktop\\restaurant-table-reservations\\models\\reservation.model.ts": {"path":"C:\\Users\\g.visco.ISYDEDOM\\OneDrive - BE THINK, SOLVE, EXECUTE S.P.A\\Desktop\\restaurant-table-reservations\\models\\reservation.model.ts","statementMap":{"0":{"start":{"line":2,"column":0},"end":{"line":2,"column":40}},"1":{"start":{"line":5,"column":26},"end":{"line":16,"column":2}},"2":{"start":{"line":5,"column":98},"end":{"line":16,"column":2}},"3":{"start":{"line":6,"column":36},"end":{"line":9,"column":30}},"4":{"start":{"line":11,"column":29},"end":{"line":12,"column":null}},"5":{"start":{"line":15,"column":2},"end":{"line":15,"column":28}},"6":{"start":{"line":18,"column":27},"end":{"line":26,"column":2}},"7":{"start":{"line":18,"column":81},"end":{"line":26,"column":2}},"8":{"start":{"line":19,"column":28},"end":{"line":23,"column":23}},"9":{"start":{"line":25,"column":4},"end":{"line":25,"column":null}},"10":{"start":{"line":28,"column":36},"end":{"line":57,"column":2}},"11":{"start":{"line":33,"column":49},"end":{"line":57,"column":2}},"12":{"start":{"line":34,"column":17},"end":{"line":34,"column":49}},"13":{"start":{"line":36,"column":28},"end":{"line":43,"column":14}},"14":{"start":{"line":45,"column":28},"end":{"line":48,"column":23}},"15":{"start":{"line":50,"column":21},"end":{"line":50,"column":79}},"16":{"start":{"line":52,"column":2},"end":{"line":56,"column":4}},"17":{"start":{"line":59,"column":0},"end":{"line":62,"column":2}}},"fnMap":{"0":{"name":"(anonymous_7)","decl":{"start":{"line":5,"column":26},"end":{"line":5,"column":33}},"loc":{"start":{"line":5,"column":98},"end":{"line":16,"column":2}}},"1":{"name":"(anonymous_8)","decl":{"start":{"line":5,"column":98},"end":{"line":5,"column":null}},"loc":{"start":{"line":5,"column":98},"end":{"line":16,"column":1}}},"2":{"name":"(anonymous_9)","decl":{"start":{"line":18,"column":27},"end":{"line":18,"column":34}},"loc":{"start":{"line":18,"column":81},"end":{"line":26,"column":2}}},"3":{"name":"(anonymous_10)","decl":{"start":{"line":18,"column":81},"end":{"line":18,"column":null}},"loc":{"start":{"line":18,"column":81},"end":{"line":26,"column":1}}},"4":{"name":"(anonymous_11)","decl":{"start":{"line":28,"column":36},"end":{"line":28,"column":null}},"loc":{"start":{"line":33,"column":49},"end":{"line":57,"column":2}}},"5":{"name":"(anonymous_12)","decl":{"start":{"line":33,"column":49},"end":{"line":33,"column":null}},"loc":{"start":{"line":33,"column":49},"end":{"line":57,"column":1}}}},"branchMap":{"0":{"loc":{"start":{"line":50,"column":38},"end":{"line":50,"column":62}},"type":"cond-expr","locations":[{"start":{"line":50,"column":55},"end":{"line":50,"column":57}},{"start":{"line":50,"column":38},"end":{"line":50,"column":62}}]},"1":{"loc":{"start":{"line":50,"column":38},"end":{"line":50,"column":57}},"type":"binary-expr","locations":[{"start":{"line":50,"column":38},"end":{"line":50,"column":57}},{"start":{"line":50,"column":38},"end":{"line":50,"column":57}}]}},"s":{"0":1,"1":1,"2":0,"3":0,"4":0,"5":0,"6":1,"7":0,"8":0,"9":0,"10":1,"11":0,"12":0,"13":0,"14":0,"15":0,"16":0,"17":1},"f":{"0":0,"1":0,"2":0,"3":0,"4":0,"5":0},"b":{"0":[0,0],"1":[0,0]}}
,"C:\\Users\\g.visco.ISYDEDOM\\OneDrive - BE THINK, SOLVE, EXECUTE S.P.A\\Desktop\\restaurant-table-reservations\\models\\user.model.ts": {"path":"C:\\Users\\g.visco.ISYDEDOM\\OneDrive - BE THINK, SOLVE, EXECUTE S.P.A\\Desktop\\restaurant-table-reservations\\models\\user.model.ts","statementMap":{"0":{"start":{"line":1,"column":0},"end":{"line":1,"column":40}},"1":{"start":{"line":5,"column":19},"end":{"line":14,"column":2}},"2":{"start":{"line":5,"column":68},"end":{"line":14,"column":2}},"3":{"start":{"line":6,"column":29},"end":{"line":9,"column":23}},"4":{"start":{"line":11,"column":22},"end":{"line":11,"column":68}},"5":{"start":{"line":13,"column":2},"end":{"line":13,"column":21}},"6":{"start":{"line":16,"column":23},"end":{"line":24,"column":2}},"7":{"start":{"line":16,"column":75},"end":{"line":24,"column":2}},"8":{"start":{"line":17,"column":29},"end":{"line":21,"column":23}},"9":{"start":{"line":23,"column":4},"end":{"line":23,"column":null}},"10":{"start":{"line":26,"column":20},"end":{"line":34,"column":2}},"11":{"start":{"line":26,"column":66},"end":{"line":34,"column":2}},"12":{"start":{"line":27,"column":26},"end":{"line":31,"column":30}},"13":{"start":{"line":33,"column":4},"end":{"line":33,"column":null}},"14":{"start":{"line":36,"column":0},"end":{"line":40,"column":2}}},"fnMap":{"0":{"name":"(anonymous_7)","decl":{"start":{"line":5,"column":19},"end":{"line":5,"column":26}},"loc":{"start":{"line":5,"column":68},"end":{"line":14,"column":2}}},"1":{"name":"(anonymous_8)","decl":{"start":{"line":5,"column":68},"end":{"line":5,"column":null}},"loc":{"start":{"line":5,"column":68},"end":{"line":14,"column":1}}},"2":{"name":"(anonymous_9)","decl":{"start":{"line":16,"column":23},"end":{"line":16,"column":30}},"loc":{"start":{"line":16,"column":75},"end":{"line":24,"column":2}}},"3":{"name":"(anonymous_10)","decl":{"start":{"line":16,"column":75},"end":{"line":16,"column":null}},"loc":{"start":{"line":16,"column":75},"end":{"line":24,"column":1}}},"4":{"name":"(anonymous_11)","decl":{"start":{"line":26,"column":20},"end":{"line":26,"column":27}},"loc":{"start":{"line":26,"column":66},"end":{"line":34,"column":2}}},"5":{"name":"(anonymous_12)","decl":{"start":{"line":26,"column":66},"end":{"line":26,"column":null}},"loc":{"start":{"line":26,"column":66},"end":{"line":34,"column":1}}}},"branchMap":{},"s":{"0":1,"1":1,"2":0,"3":0,"4":0,"5":0,"6":1,"7":0,"8":0,"9":0,"10":1,"11":0,"12":0,"13":0,"14":1},"f":{"0":0,"1":0,"2":0,"3":0,"4":0,"5":0},"b":{}}
,"C:\\Users\\g.visco.ISYDEDOM\\OneDrive - BE THINK, SOLVE, EXECUTE S.P.A\\Desktop\\restaurant-table-reservations\\routes\\reservation\\reservation.controller.ts": {"path":"C:\\Users\\g.visco.ISYDEDOM\\OneDrive - BE THINK, SOLVE, EXECUTE S.P.A\\Desktop\\restaurant-table-reservations\\routes\\reservation\\reservation.controller.ts","statementMap":{"0":{"start":{"line":2,"column":0},"end":{"line":2,"column":64}},"1":{"start":{"line":3,"column":0},"end":{"line":3,"column":null}},"2":{"start":{"line":7,"column":0},"end":{"line":7,"column":49}},"3":{"start":{"line":8,"column":0},"end":{"line":8,"column":61}},"4":{"start":{"line":13,"column":26},"end":{"line":47,"column":2}},"5":{"start":{"line":17,"column":19},"end":{"line":47,"column":2}},"6":{"start":{"line":18,"column":2},"end":{"line":46,"column":3}},"7":{"start":{"line":20,"column":56},"end":{"line":20,"column":95}},"8":{"start":{"line":22,"column":4},"end":{"line":22,"column":56}},"9":{"start":{"line":24,"column":67},"end":{"line":24,"column":127}},"10":{"start":{"line":26,"column":31},"end":{"line":26,"column":138}},"11":{"start":{"line":28,"column":4},"end":{"line":33,"column":5}},"12":{"start":{"line":29,"column":6},"end":{"line":32,"column":8}},"13":{"start":{"line":35,"column":40},"end":{"line":35,"column":65}},"14":{"start":{"line":37,"column":32},"end":{"line":41,"column":6}},"15":{"start":{"line":43,"column":4},"end":{"line":43,"column":46}},"16":{"start":{"line":45,"column":4},"end":{"line":45,"column":16}},"17":{"start":{"line":52,"column":24},"end":{"line":69,"column":2}},"18":{"start":{"line":56,"column":19},"end":{"line":69,"column":2}},"19":{"start":{"line":57,"column":2},"end":{"line":68,"column":3}},"20":{"start":{"line":58,"column":82},"end":{"line":58,"column":122}},"21":{"start":{"line":60,"column":39},"end":{"line":60,"column":69}},"22":{"start":{"line":61,"column":37},"end":{"line":61,"column":65}},"23":{"start":{"line":63,"column":31},"end":{"line":63,"column":158}},"24":{"start":{"line":65,"column":4},"end":{"line":65,"column":45}},"25":{"start":{"line":67,"column":4},"end":{"line":67,"column":16}},"26":{"start":{"line":71,"column":0},"end":{"line":74,"column":2}}},"fnMap":{"0":{"name":"(anonymous_8)","decl":{"start":{"line":13,"column":26},"end":{"line":13,"column":null}},"loc":{"start":{"line":17,"column":19},"end":{"line":47,"column":2}}},"1":{"name":"(anonymous_9)","decl":{"start":{"line":17,"column":19},"end":{"line":17,"column":null}},"loc":{"start":{"line":17,"column":19},"end":{"line":47,"column":1}}},"2":{"name":"(anonymous_10)","decl":{"start":{"line":52,"column":24},"end":{"line":52,"column":null}},"loc":{"start":{"line":56,"column":19},"end":{"line":69,"column":2}}},"3":{"name":"(anonymous_11)","decl":{"start":{"line":56,"column":19},"end":{"line":56,"column":null}},"loc":{"start":{"line":56,"column":19},"end":{"line":69,"column":1}}}},"branchMap":{"0":{"loc":{"start":{"line":28,"column":4},"end":{"line":33,"column":5}},"type":"if","locations":[{"start":{"line":28,"column":4},"end":{"line":33,"column":5}}]},"1":{"loc":{"start":{"line":30,"column":8},"end":{"line":30,"column":45}},"type":"cond-expr","locations":[{"start":{"line":30,"column":26},"end":{"line":30,"column":28}},{"start":{"line":30,"column":8},"end":{"line":30,"column":45}}]},"2":{"loc":{"start":{"line":30,"column":8},"end":{"line":30,"column":28}},"type":"binary-expr","locations":[{"start":{"line":30,"column":8},"end":{"line":30,"column":28}},{"start":{"line":30,"column":8},"end":{"line":30,"column":28}}]}},"s":{"0":1,"1":1,"2":1,"3":1,"4":1,"5":2,"6":2,"7":2,"8":2,"9":1,"10":0,"11":0,"12":0,"13":0,"14":0,"15":0,"16":2,"17":1,"18":1,"19":1,"20":1,"21":1,"22":1,"23":1,"24":1,"25":0,"26":1},"f":{"0":2,"1":2,"2":1,"3":1},"b":{"0":[0],"1":[0,0],"2":[0,0]}}
,"C:\\Users\\g.visco.ISYDEDOM\\OneDrive - BE THINK, SOLVE, EXECUTE S.P.A\\Desktop\\restaurant-table-reservations\\utils\\reservation.utils.ts": {"path":"C:\\Users\\g.visco.ISYDEDOM\\OneDrive - BE THINK, SOLVE, EXECUTE S.P.A\\Desktop\\restaurant-table-reservations\\utils\\reservation.utils.ts","statementMap":{"0":{"start":{"line":3,"column":0},"end":{"line":3,"column":59}},"1":{"start":{"line":5,"column":35},"end":{"line":11,"column":3}},"2":{"start":{"line":6,"column":39},"end":{"line":6,"column":64}},"3":{"start":{"line":7,"column":37},"end":{"line":8,"column":null}},"4":{"start":{"line":10,"column":4},"end":{"line":10,"column":66}},"5":{"start":{"line":13,"column":38},"end":{"line":24,"column":3}},"6":{"start":{"line":17,"column":26},"end":{"line":17,"column":101}},"7":{"start":{"line":17,"column":61},"end":{"line":17,"column":100}},"8":{"start":{"line":19,"column":4},"end":{"line":23,"column":5}},"9":{"start":{"line":20,"column":33},"end":{"line":20,"column":88}},"10":{"start":{"line":21,"column":6},"end":{"line":21,"column":29}},"11":{"start":{"line":22,"column":6},"end":{"line":22,"column":18}},"12":{"start":{"line":26,"column":44},"end":{"line":41,"column":4}},"13":{"start":{"line":31,"column":50},"end":{"line":41,"column":4}},"14":{"start":{"line":33,"column":31},"end":{"line":37,"column":null}},"15":{"start":{"line":40,"column":4},"end":{"line":40,"column":30}},"16":{"start":{"line":26,"column":15},"end":{"line":26,"column":44}},"17":{"start":{"line":43,"column":2},"end":{"line":47,"column":null}}},"fnMap":{"0":{"name":"(anonymous_8)","decl":{"start":{"line":5,"column":35},"end":{"line":5,"column":36}},"loc":{"start":{"line":5,"column":77},"end":{"line":11,"column":3}}},"1":{"name":"(anonymous_9)","decl":{"start":{"line":13,"column":38},"end":{"line":13,"column":null}},"loc":{"start":{"line":16,"column":12},"end":{"line":24,"column":3}}},"2":{"name":"(anonymous_10)","decl":{"start":{"line":17,"column":44},"end":{"line":17,"column":45}},"loc":{"start":{"line":17,"column":61},"end":{"line":17,"column":100}}},"3":{"name":"(anonymous_11)","decl":{"start":{"line":26,"column":44},"end":{"line":26,"column":null}},"loc":{"start":{"line":31,"column":50},"end":{"line":41,"column":4}}},"4":{"name":"(anonymous_12)","decl":{"start":{"line":31,"column":50},"end":{"line":31,"column":null}},"loc":{"start":{"line":31,"column":50},"end":{"line":41,"column":3}}}},"branchMap":{"0":{"loc":{"start":{"line":19,"column":4},"end":{"line":23,"column":5}},"type":"if","locations":[{"start":{"line":19,"column":4},"end":{"line":23,"column":5}}]}},"s":{"0":1,"1":1,"2":0,"3":0,"4":0,"5":1,"6":0,"7":0,"8":0,"9":0,"10":0,"11":0,"12":1,"13":0,"14":0,"15":0,"16":1,"17":1},"f":{"0":0,"1":0,"2":0,"3":0,"4":0},"b":{"0":[0]}}
,"C:\\Users\\g.visco.ISYDEDOM\\OneDrive - BE THINK, SOLVE, EXECUTE S.P.A\\Desktop\\restaurant-table-reservations\\utils\\user.utils.ts": {"path":"C:\\Users\\g.visco.ISYDEDOM\\OneDrive - BE THINK, SOLVE, EXECUTE S.P.A\\Desktop\\restaurant-table-reservations\\utils\\user.utils.ts","statementMap":{"0":{"start":{"line":2,"column":0},"end":{"line":2,"column":45}},"1":{"start":{"line":4,"column":26},"end":{"line":14,"column":4}},"2":{"start":{"line":4,"column":65},"end":{"line":14,"column":4}},"3":{"start":{"line":6,"column":25},"end":{"line":6,"column":62}},"4":{"start":{"line":8,"column":4},"end":{"line":13,"column":5}},"5":{"start":{"line":10,"column":34},"end":{"line":10,"column":66}},"6":{"start":{"line":11,"column":6},"end":{"line":11,"column":29}},"7":{"start":{"line":12,"column":6},"end":{"line":12,"column":18}},"8":{"start":{"line":16,"column":35},"end":{"line":25,"column":4}},"9":{"start":{"line":16,"column":74},"end":{"line":25,"column":4}},"10":{"start":{"line":18,"column":25},"end":{"line":18,"column":62}},"11":{"start":{"line":20,"column":4},"end":{"line":24,"column":5}},"12":{"start":{"line":21,"column":34},"end":{"line":21,"column":67}},"13":{"start":{"line":22,"column":6},"end":{"line":22,"column":29}},"14":{"start":{"line":23,"column":6},"end":{"line":23,"column":18}},"15":{"start":{"line":27,"column":2},"end":{"line":30,"column":null}}},"fnMap":{"0":{"name":"(anonymous_8)","decl":{"start":{"line":4,"column":26},"end":{"line":4,"column":33}},"loc":{"start":{"line":4,"column":65},"end":{"line":14,"column":4}}},"1":{"name":"(anonymous_9)","decl":{"start":{"line":4,"column":65},"end":{"line":4,"column":null}},"loc":{"start":{"line":4,"column":65},"end":{"line":14,"column":3}}},"2":{"name":"(anonymous_10)","decl":{"start":{"line":16,"column":35},"end":{"line":16,"column":42}},"loc":{"start":{"line":16,"column":74},"end":{"line":25,"column":4}}},"3":{"name":"(anonymous_11)","decl":{"start":{"line":16,"column":74},"end":{"line":16,"column":null}},"loc":{"start":{"line":16,"column":74},"end":{"line":25,"column":3}}}},"branchMap":{"0":{"loc":{"start":{"line":8,"column":4},"end":{"line":13,"column":5}},"type":"if","locations":[{"start":{"line":8,"column":4},"end":{"line":13,"column":5}}]},"1":{"loc":{"start":{"line":20,"column":4},"end":{"line":24,"column":5}},"type":"if","locations":[{"start":{"line":20,"column":4},"end":{"line":24,"column":5}}]}},"s":{"0":1,"1":1,"2":0,"3":0,"4":0,"5":0,"6":0,"7":0,"8":1,"9":0,"10":0,"11":0,"12":0,"13":0,"14":0,"15":1},"f":{"0":0,"1":0,"2":0,"3":0},"b":{"0":[0],"1":[0]}}
,"C:\\Users\\g.visco.ISYDEDOM\\OneDrive - BE THINK, SOLVE, EXECUTE S.P.A\\Desktop\\restaurant-table-reservations\\validators\\reservation.validator.ts": {"path":"C:\\Users\\g.visco.ISYDEDOM\\OneDrive - BE THINK, SOLVE, EXECUTE S.P.A\\Desktop\\restaurant-table-reservations\\validators\\reservation.validator.ts","statementMap":{"0":{"start":{"line":1,"column":0},"end":{"line":1,"column":24}},"1":{"start":{"line":3,"column":13},"end":{"line":31,"column":3}},"2":{"start":{"line":17,"column":21},"end":{"line":17,"column":35}},"3":{"start":{"line":19,"column":22},"end":{"line":19,"column":40}},"4":{"start":{"line":20,"column":24},"end":{"line":20,"column":44}},"5":{"start":{"line":22,"column":28},"end":{"line":22,"column":99}},"6":{"start":{"line":25,"column":8},"end":{"line":25,"column":27}},"7":{"start":{"line":33,"column":13},"end":{"line":56,"column":3}},"8":{"start":{"line":46,"column":24},"end":{"line":46,"column":41}},"9":{"start":{"line":48,"column":21},"end":{"line":48,"column":32}},"10":{"start":{"line":51,"column":24},"end":{"line":51,"column":41}},"11":{"start":{"line":53,"column":21},"end":{"line":53,"column":32}}},"fnMap":{"0":{"name":"(anonymous_0)","decl":{"start":{"line":16,"column":6},"end":{"line":16,"column":7}},"loc":{"start":{"line":16,"column":15},"end":{"line":26,"column":7}}},"1":{"name":"(anonymous_1)","decl":{"start":{"line":46,"column":15},"end":{"line":46,"column":16}},"loc":{"start":{"line":46,"column":24},"end":{"line":46,"column":41}}},"2":{"name":"(anonymous_2)","decl":{"start":{"line":48,"column":12},"end":{"line":48,"column":13}},"loc":{"start":{"line":48,"column":21},"end":{"line":48,"column":32}}},"3":{"name":"(anonymous_3)","decl":{"start":{"line":51,"column":15},"end":{"line":51,"column":16}},"loc":{"start":{"line":51,"column":24},"end":{"line":51,"column":41}}},"4":{"name":"(anonymous_4)","decl":{"start":{"line":53,"column":12},"end":{"line":53,"column":13}},"loc":{"start":{"line":53,"column":21},"end":{"line":53,"column":32}}}},"branchMap":{"0":{"loc":{"start":{"line":22,"column":28},"end":{"line":22,"column":99}},"type":"binary-expr","locations":[{"start":{"line":22,"column":28},"end":{"line":22,"column":50}},{"start":{"line":22,"column":55},"end":{"line":22,"column":66}},{"start":{"line":22,"column":70},"end":{"line":22,"column":81}},{"start":{"line":22,"column":85},"end":{"line":22,"column":98}}]}},"s":{"0":1,"1":1,"2":2,"3":2,"4":2,"5":2,"6":2,"7":1,"8":1,"9":1,"10":1,"11":1},"f":{"0":2,"1":1,"2":1,"3":1,"4":1},"b":{"0":[2,2,2,2]}}
}
