{"C:\\Users\\g.visco.ISYDEDOM\\OneDrive - BE THINK, SOLVE, EXECUTE S.P.A\\Desktop\\vations\\restaurant-table-reservations\\build\\constants.js": {"path":"C:\\Users\\g.visco.ISYDEDOM\\OneDrive - BE THINK, SOLVE, EXECUTE S.P.A\\Desktop\\vations\\restaurant-table-reservations\\build\\constants.js","statementMap":{"0":{"start":{"line":2,"column":0},"end":{"line":2,"column":62}},"1":{"start":{"line":3,"column":0},"end":{"line":3,"column":32}},"2":{"start":{"line":4,"column":0},"end":{"line":11,"column":2}}},"fnMap":{},"branchMap":{},"s":{"0":1,"1":1,"2":1},"f":{},"b":{},"inputSourceMap":null,"_coverageSchema":"1a1c01bbd47fc00a2c39e90264f33305004495a9","hash":"0b6f388940892197ccf96b824b678ce8d56624ff"}
,"C:\\Users\\g.visco.ISYDEDOM\\OneDrive - BE THINK, SOLVE, EXECUTE S.P.A\\Desktop\\vations\\restaurant-table-reservations\\build\\config\\app.js": {"path":"C:\\Users\\g.visco.ISYDEDOM\\OneDrive - BE THINK, SOLVE, EXECUTE S.P.A\\Desktop\\vations\\restaurant-table-reservations\\build\\config\\app.js","statementMap":{"0":{"start":{"line":2,"column":22},"end":{"line":4,"column":1}},"1":{"start":{"line":3,"column":4},"end":{"line":3,"column":62}},"2":{"start":{"line":5,"column":0},"end":{"line":5,"column":62}},"3":{"start":{"line":6,"column":18},"end":{"line":6,"column":53}},"4":{"start":{"line":7,"column":23},"end":{"line":7,"column":78}},"5":{"start":{"line":8,"column":22},"end":{"line":8,"column":76}},"6":{"start":{"line":9,"column":29},"end":{"line":9,"column":97}},"7":{"start":{"line":10,"column":15},"end":{"line":10,"column":47}},"8":{"start":{"line":11,"column":12},"end":{"line":11,"column":36}},"9":{"start":{"line":12,"column":0},"end":{"line":12,"column":34}},"10":{"start":{"line":13,"column":0},"end":{"line":13,"column":31}},"11":{"start":{"line":14,"column":0},"end":{"line":14,"column":39}},"12":{"start":{"line":15,"column":0},"end":{"line":15,"column":46}},"13":{"start":{"line":16,"column":0},"end":{"line":16,"column":32}},"14":{"start":{"line":17,"column":0},"end":{"line":17,"column":22}}},"fnMap":{"0":{"name":"(anonymous_0)","decl":{"start":{"line":2,"column":56},"end":{"line":2,"column":57}},"loc":{"start":{"line":2,"column":71},"end":{"line":4,"column":1}},"line":2}},"branchMap":{"0":{"loc":{"start":{"line":2,"column":22},"end":{"line":4,"column":1}},"type":"binary-expr","locations":[{"start":{"line":2,"column":23},"end":{"line":2,"column":27}},{"start":{"line":2,"column":31},"end":{"line":2,"column":51}},{"start":{"line":2,"column":56},"end":{"line":4,"column":1}}],"line":2},"1":{"loc":{"start":{"line":3,"column":11},"end":{"line":3,"column":61}},"type":"cond-expr","locations":[{"start":{"line":3,"column":37},"end":{"line":3,"column":40}},{"start":{"line":3,"column":43},"end":{"line":3,"column":61}}],"line":3},"2":{"loc":{"start":{"line":3,"column":12},"end":{"line":3,"column":33}},"type":"binary-expr","locations":[{"start":{"line":3,"column":12},"end":{"line":3,"column":15}},{"start":{"line":3,"column":19},"end":{"line":3,"column":33}}],"line":3}},"s":{"0":1,"1":5,"2":1,"3":1,"4":1,"5":1,"6":1,"7":1,"8":1,"9":1,"10":1,"11":1,"12":1,"13":1,"14":1},"f":{"0":5},"b":{"0":[1,1,1],"1":[3,2],"2":[5,5]},"inputSourceMap":null,"_coverageSchema":"1a1c01bbd47fc00a2c39e90264f33305004495a9","hash":"53a1b8e17da1f921fbebc99c75fd541a8a21e162"}
,"C:\\Users\\g.visco.ISYDEDOM\\OneDrive - BE THINK, SOLVE, EXECUTE S.P.A\\Desktop\\vations\\restaurant-table-reservations\\build\\config\\database.js": {"path":"C:\\Users\\g.visco.ISYDEDOM\\OneDrive - BE THINK, SOLVE, EXECUTE S.P.A\\Desktop\\vations\\restaurant-table-reservations\\build\\config\\database.js","statementMap":{"0":{"start":{"line":2,"column":16},"end":{"line":10,"column":1}},"1":{"start":{"line":3,"column":28},"end":{"line":3,"column":110}},"2":{"start":{"line":3,"column":91},"end":{"line":3,"column":106}},"3":{"start":{"line":4,"column":4},"end":{"line":9,"column":7}},"4":{"start":{"line":5,"column":36},"end":{"line":5,"column":97}},"5":{"start":{"line":5,"column":42},"end":{"line":5,"column":70}},"6":{"start":{"line":5,"column":85},"end":{"line":5,"column":95}},"7":{"start":{"line":6,"column":35},"end":{"line":6,"column":100}},"8":{"start":{"line":6,"column":41},"end":{"line":6,"column":73}},"9":{"start":{"line":6,"column":88},"end":{"line":6,"column":98}},"10":{"start":{"line":7,"column":32},"end":{"line":7,"column":116}},"11":{"start":{"line":8,"column":8},"end":{"line":8,"column":78}},"12":{"start":{"line":11,"column":22},"end":{"line":13,"column":1}},"13":{"start":{"line":12,"column":4},"end":{"line":12,"column":62}},"14":{"start":{"line":14,"column":0},"end":{"line":14,"column":62}},"15":{"start":{"line":15,"column":0},"end":{"line":15,"column":55}},"16":{"start":{"line":16,"column":17},"end":{"line":16,"column":34}},"17":{"start":{"line":17,"column":17},"end":{"line":17,"column":34}},"18":{"start":{"line":18,"column":17},"end":{"line":18,"column":51}},"19":{"start":{"line":19,"column":0},"end":{"line":19,"column":26}},"20":{"start":{"line":20,"column":13},"end":{"line":29,"column":2}},"21":{"start":{"line":30,"column":0},"end":{"line":32,"column":3}},"22":{"start":{"line":33,"column":33},"end":{"line":53,"column":2}},"23":{"start":{"line":33,"column":39},"end":{"line":53,"column":2}},"24":{"start":{"line":34,"column":22},"end":{"line":34,"column":27}},"25":{"start":{"line":35,"column":19},"end":{"line":35,"column":20}},"26":{"start":{"line":36,"column":24},"end":{"line":36,"column":56}},"27":{"start":{"line":37,"column":26},"end":{"line":37,"column":60}},"28":{"start":{"line":38,"column":4},"end":{"line":49,"column":5}},"29":{"start":{"line":39,"column":8},"end":{"line":48,"column":9}},"30":{"start":{"line":40,"column":12},"end":{"line":40,"column":51}},"31":{"start":{"line":41,"column":12},"end":{"line":41,"column":59}},"32":{"start":{"line":42,"column":12},"end":{"line":42,"column":31}},"33":{"start":{"line":45,"column":12},"end":{"line":45,"column":23}},"34":{"start":{"line":46,"column":12},"end":{"line":46,"column":104}},"35":{"start":{"line":47,"column":12},"end":{"line":47,"column":77}},"36":{"start":{"line":47,"column":41},"end":{"line":47,"column":75}},"37":{"start":{"line":50,"column":4},"end":{"line":52,"column":5}},"38":{"start":{"line":51,"column":8},"end":{"line":51,"column":90}},"39":{"start":{"line":54,"column":0},"end":{"line":54,"column":60}}},"fnMap":{"0":{"name":"(anonymous_0)","decl":{"start":{"line":2,"column":44},"end":{"line":2,"column":45}},"loc":{"start":{"line":2,"column":89},"end":{"line":10,"column":1}},"line":2},"1":{"name":"adopt","decl":{"start":{"line":3,"column":13},"end":{"line":3,"column":18}},"loc":{"start":{"line":3,"column":26},"end":{"line":3,"column":112}},"line":3},"2":{"name":"(anonymous_2)","decl":{"start":{"line":3,"column":70},"end":{"line":3,"column":71}},"loc":{"start":{"line":3,"column":89},"end":{"line":3,"column":108}},"line":3},"3":{"name":"(anonymous_3)","decl":{"start":{"line":4,"column":36},"end":{"line":4,"column":37}},"loc":{"start":{"line":4,"column":63},"end":{"line":9,"column":5}},"line":4},"4":{"name":"fulfilled","decl":{"start":{"line":5,"column":17},"end":{"line":5,"column":26}},"loc":{"start":{"line":5,"column":34},"end":{"line":5,"column":99}},"line":5},"5":{"name":"rejected","decl":{"start":{"line":6,"column":17},"end":{"line":6,"column":25}},"loc":{"start":{"line":6,"column":33},"end":{"line":6,"column":102}},"line":6},"6":{"name":"step","decl":{"start":{"line":7,"column":17},"end":{"line":7,"column":21}},"loc":{"start":{"line":7,"column":30},"end":{"line":7,"column":118}},"line":7},"7":{"name":"(anonymous_7)","decl":{"start":{"line":11,"column":56},"end":{"line":11,"column":57}},"loc":{"start":{"line":11,"column":71},"end":{"line":13,"column":1}},"line":11},"8":{"name":"(anonymous_8)","decl":{"start":{"line":33,"column":33},"end":{"line":33,"column":34}},"loc":{"start":{"line":33,"column":39},"end":{"line":53,"column":2}},"line":33},"9":{"name":"(anonymous_9)","decl":{"start":{"line":33,"column":73},"end":{"line":33,"column":74}},"loc":{"start":{"line":33,"column":86},"end":{"line":53,"column":1}},"line":33},"10":{"name":"(anonymous_10)","decl":{"start":{"line":47,"column":30},"end":{"line":47,"column":31}},"loc":{"start":{"line":47,"column":41},"end":{"line":47,"column":75}},"line":47}},"branchMap":{"0":{"loc":{"start":{"line":2,"column":16},"end":{"line":10,"column":1}},"type":"binary-expr","locations":[{"start":{"line":2,"column":17},"end":{"line":2,"column":21}},{"start":{"line":2,"column":25},"end":{"line":2,"column":39}},{"start":{"line":2,"column":44},"end":{"line":10,"column":1}}],"line":2},"1":{"loc":{"start":{"line":3,"column":35},"end":{"line":3,"column":109}},"type":"cond-expr","locations":[{"start":{"line":3,"column":56},"end":{"line":3,"column":61}},{"start":{"line":3,"column":64},"end":{"line":3,"column":109}}],"line":3},"2":{"loc":{"start":{"line":4,"column":16},"end":{"line":4,"column":34}},"type":"binary-expr","locations":[{"start":{"line":4,"column":16},"end":{"line":4,"column":17}},{"start":{"line":4,"column":22},"end":{"line":4,"column":33}}],"line":4},"3":{"loc":{"start":{"line":7,"column":32},"end":{"line":7,"column":115}},"type":"cond-expr","locations":[{"start":{"line":7,"column":46},"end":{"line":7,"column":67}},{"start":{"line":7,"column":70},"end":{"line":7,"column":115}}],"line":7},"4":{"loc":{"start":{"line":8,"column":51},"end":{"line":8,"column":67}},"type":"binary-expr","locations":[{"start":{"line":8,"column":51},"end":{"line":8,"column":61}},{"start":{"line":8,"column":65},"end":{"line":8,"column":67}}],"line":8},"5":{"loc":{"start":{"line":11,"column":22},"end":{"line":13,"column":1}},"type":"binary-expr","locations":[{"start":{"line":11,"column":23},"end":{"line":11,"column":27}},{"start":{"line":11,"column":31},"end":{"line":11,"column":51}},{"start":{"line":11,"column":56},"end":{"line":13,"column":1}}],"line":11},"6":{"loc":{"start":{"line":12,"column":11},"end":{"line":12,"column":61}},"type":"cond-expr","locations":[{"start":{"line":12,"column":37},"end":{"line":12,"column":40}},{"start":{"line":12,"column":43},"end":{"line":12,"column":61}}],"line":12},"7":{"loc":{"start":{"line":12,"column":12},"end":{"line":12,"column":33}},"type":"binary-expr","locations":[{"start":{"line":12,"column":12},"end":{"line":12,"column":15}},{"start":{"line":12,"column":19},"end":{"line":12,"column":33}}],"line":12},"8":{"loc":{"start":{"line":38,"column":11},"end":{"line":38,"column":49}},"type":"binary-expr","locations":[{"start":{"line":38,"column":11},"end":{"line":38,"column":23}},{"start":{"line":38,"column":27},"end":{"line":38,"column":49}}],"line":38},"9":{"loc":{"start":{"line":50,"column":4},"end":{"line":52,"column":5}},"type":"if","locations":[{"start":{"line":50,"column":4},"end":{"line":52,"column":5}},{"start":{},"end":{}}],"line":50}},"s":{"0":1,"1":0,"2":0,"3":0,"4":0,"5":0,"6":0,"7":0,"8":0,"9":0,"10":0,"11":0,"12":1,"13":1,"14":1,"15":1,"16":1,"17":1,"18":1,"19":1,"20":1,"21":1,"22":1,"23":0,"24":0,"25":0,"26":0,"27":0,"28":0,"29":0,"30":0,"31":0,"32":0,"33":0,"34":0,"35":0,"36":0,"37":0,"38":0,"39":1},"f":{"0":0,"1":0,"2":0,"3":0,"4":0,"5":0,"6":0,"7":1,"8":0,"9":0,"10":0},"b":{"0":[1,1,1],"1":[0,0],"2":[0,0],"3":[0,0],"4":[0,0],"5":[1,1,1],"6":[0,1],"7":[1,1],"8":[0,0],"9":[0,0]},"inputSourceMap":null,"_coverageSchema":"1a1c01bbd47fc00a2c39e90264f33305004495a9","hash":"e532cbe8316c704735176360a307a601cde7b690"}
,"C:\\Users\\g.visco.ISYDEDOM\\OneDrive - BE THINK, SOLVE, EXECUTE S.P.A\\Desktop\\vations\\restaurant-table-reservations\\build\\middlewares\\errorHandler.js": {"path":"C:\\Users\\g.visco.ISYDEDOM\\OneDrive - BE THINK, SOLVE, EXECUTE S.P.A\\Desktop\\vations\\restaurant-table-reservations\\build\\middlewares\\errorHandler.js","statementMap":{"0":{"start":{"line":2,"column":0},"end":{"line":2,"column":62}},"1":{"start":{"line":3,"column":20},"end":{"line":3,"column":43}},"2":{"start":{"line":4,"column":21},"end":{"line":51,"column":1}},"3":{"start":{"line":5,"column":23},"end":{"line":5,"column":60}},"4":{"start":{"line":6,"column":24},"end":{"line":6,"column":47}},"5":{"start":{"line":7,"column":4},"end":{"line":50,"column":5}},"6":{"start":{"line":9,"column":12},"end":{"line":13,"column":15}},"7":{"start":{"line":14,"column":12},"end":{"line":14,"column":18}},"8":{"start":{"line":16,"column":12},"end":{"line":20,"column":15}},"9":{"start":{"line":21,"column":12},"end":{"line":21,"column":18}},"10":{"start":{"line":23,"column":12},"end":{"line":27,"column":15}},"11":{"start":{"line":28,"column":12},"end":{"line":28,"column":18}},"12":{"start":{"line":30,"column":12},"end":{"line":34,"column":15}},"13":{"start":{"line":35,"column":12},"end":{"line":35,"column":18}},"14":{"start":{"line":37,"column":12},"end":{"line":41,"column":15}},"15":{"start":{"line":42,"column":12},"end":{"line":42,"column":18}},"16":{"start":{"line":44,"column":12},"end":{"line":48,"column":15}},"17":{"start":{"line":49,"column":12},"end":{"line":49,"column":18}},"18":{"start":{"line":52,"column":0},"end":{"line":52,"column":31}}},"fnMap":{"0":{"name":"(anonymous_0)","decl":{"start":{"line":4,"column":21},"end":{"line":4,"column":22}},"loc":{"start":{"line":4,"column":46},"end":{"line":51,"column":1}},"line":4}},"branchMap":{"0":{"loc":{"start":{"line":5,"column":23},"end":{"line":5,"column":60}},"type":"cond-expr","locations":[{"start":{"line":5,"column":40},"end":{"line":5,"column":54}},{"start":{"line":5,"column":57},"end":{"line":5,"column":60}}],"line":5},"1":{"loc":{"start":{"line":7,"column":4},"end":{"line":50,"column":5}},"type":"switch","locations":[{"start":{"line":8,"column":8},"end":{"line":14,"column":18}},{"start":{"line":15,"column":8},"end":{"line":21,"column":18}},{"start":{"line":22,"column":8},"end":{"line":28,"column":18}},{"start":{"line":29,"column":8},"end":{"line":35,"column":18}},{"start":{"line":36,"column":8},"end":{"line":42,"column":18}},{"start":{"line":43,"column":8},"end":{"line":49,"column":18}}],"line":7},"2":{"loc":{"start":{"line":12,"column":28},"end":{"line":12,"column":73}},"type":"cond-expr","locations":[{"start":{"line":12,"column":59},"end":{"line":12,"column":68}},{"start":{"line":12,"column":71},"end":{"line":12,"column":73}}],"line":12},"3":{"loc":{"start":{"line":19,"column":28},"end":{"line":19,"column":73}},"type":"cond-expr","locations":[{"start":{"line":19,"column":59},"end":{"line":19,"column":68}},{"start":{"line":19,"column":71},"end":{"line":19,"column":73}}],"line":19},"4":{"loc":{"start":{"line":26,"column":28},"end":{"line":26,"column":73}},"type":"cond-expr","locations":[{"start":{"line":26,"column":59},"end":{"line":26,"column":68}},{"start":{"line":26,"column":71},"end":{"line":26,"column":73}}],"line":26},"5":{"loc":{"start":{"line":33,"column":28},"end":{"line":33,"column":73}},"type":"cond-expr","locations":[{"start":{"line":33,"column":59},"end":{"line":33,"column":68}},{"start":{"line":33,"column":71},"end":{"line":33,"column":73}}],"line":33},"6":{"loc":{"start":{"line":40,"column":28},"end":{"line":40,"column":73}},"type":"cond-expr","locations":[{"start":{"line":40,"column":59},"end":{"line":40,"column":68}},{"start":{"line":40,"column":71},"end":{"line":40,"column":73}}],"line":40},"7":{"loc":{"start":{"line":47,"column":28},"end":{"line":47,"column":73}},"type":"cond-expr","locations":[{"start":{"line":47,"column":59},"end":{"line":47,"column":68}},{"start":{"line":47,"column":71},"end":{"line":47,"column":73}}],"line":47}},"s":{"0":1,"1":1,"2":1,"3":0,"4":0,"5":0,"6":0,"7":0,"8":0,"9":0,"10":0,"11":0,"12":0,"13":0,"14":0,"15":0,"16":0,"17":0,"18":1},"f":{"0":0},"b":{"0":[0,0],"1":[0,0,0,0,0,0],"2":[0,0],"3":[0,0],"4":[0,0],"5":[0,0],"6":[0,0],"7":[0,0]},"inputSourceMap":null,"_coverageSchema":"1a1c01bbd47fc00a2c39e90264f33305004495a9","hash":"14d5c82f47659ebe2eed72f6ba146b173fccbf89"}
,"C:\\Users\\g.visco.ISYDEDOM\\OneDrive - BE THINK, SOLVE, EXECUTE S.P.A\\Desktop\\vations\\restaurant-table-reservations\\build\\models\\reservation.model.js": {"path":"C:\\Users\\g.visco.ISYDEDOM\\OneDrive - BE THINK, SOLVE, EXECUTE S.P.A\\Desktop\\vations\\restaurant-table-reservations\\build\\models\\reservation.model.js","statementMap":{"0":{"start":{"line":2,"column":16},"end":{"line":10,"column":1}},"1":{"start":{"line":3,"column":28},"end":{"line":3,"column":110}},"2":{"start":{"line":3,"column":91},"end":{"line":3,"column":106}},"3":{"start":{"line":4,"column":4},"end":{"line":9,"column":7}},"4":{"start":{"line":5,"column":36},"end":{"line":5,"column":97}},"5":{"start":{"line":5,"column":42},"end":{"line":5,"column":70}},"6":{"start":{"line":5,"column":85},"end":{"line":5,"column":95}},"7":{"start":{"line":6,"column":35},"end":{"line":6,"column":100}},"8":{"start":{"line":6,"column":41},"end":{"line":6,"column":73}},"9":{"start":{"line":6,"column":88},"end":{"line":6,"column":98}},"10":{"start":{"line":7,"column":32},"end":{"line":7,"column":116}},"11":{"start":{"line":8,"column":8},"end":{"line":8,"column":78}},"12":{"start":{"line":11,"column":0},"end":{"line":11,"column":62}},"13":{"start":{"line":12,"column":19},"end":{"line":12,"column":48}},"14":{"start":{"line":13,"column":26},"end":{"line":20,"column":2}},"15":{"start":{"line":13,"column":43},"end":{"line":20,"column":2}},"16":{"start":{"line":14,"column":38},"end":{"line":17,"column":34}},"17":{"start":{"line":18,"column":31},"end":{"line":18,"column":91}},"18":{"start":{"line":19,"column":4},"end":{"line":19,"column":30}},"19":{"start":{"line":21,"column":27},"end":{"line":28,"column":2}},"20":{"start":{"line":21,"column":35},"end":{"line":28,"column":2}},"21":{"start":{"line":22,"column":30},"end":{"line":26,"column":27}},"22":{"start":{"line":27,"column":4},"end":{"line":27,"column":29}},"23":{"start":{"line":29,"column":36},"end":{"line":49,"column":2}},"24":{"start":{"line":29,"column":87},"end":{"line":49,"column":2}},"25":{"start":{"line":30,"column":19},"end":{"line":30,"column":51}},"26":{"start":{"line":31,"column":30},"end":{"line":38,"column":18}},"27":{"start":{"line":39,"column":30},"end":{"line":42,"column":27}},"28":{"start":{"line":43,"column":23},"end":{"line":43,"column":150}},"29":{"start":{"line":44,"column":4},"end":{"line":48,"column":6}},"30":{"start":{"line":50,"column":47},"end":{"line":71,"column":2}},"31":{"start":{"line":50,"column":111},"end":{"line":71,"column":2}},"32":{"start":{"line":51,"column":19},"end":{"line":51,"column":51}},"33":{"start":{"line":52,"column":30},"end":{"line":60,"column":18}},"34":{"start":{"line":61,"column":30},"end":{"line":64,"column":27}},"35":{"start":{"line":65,"column":23},"end":{"line":65,"column":150}},"36":{"start":{"line":66,"column":4},"end":{"line":70,"column":6}},"37":{"start":{"line":72,"column":26},"end":{"line":79,"column":2}},"38":{"start":{"line":72,"column":71},"end":{"line":79,"column":2}},"39":{"start":{"line":73,"column":4},"end":{"line":78,"column":28}},"40":{"start":{"line":80,"column":0},"end":{"line":85,"column":2}}},"fnMap":{"0":{"name":"(anonymous_0)","decl":{"start":{"line":2,"column":44},"end":{"line":2,"column":45}},"loc":{"start":{"line":2,"column":89},"end":{"line":10,"column":1}},"line":2},"1":{"name":"adopt","decl":{"start":{"line":3,"column":13},"end":{"line":3,"column":18}},"loc":{"start":{"line":3,"column":26},"end":{"line":3,"column":112}},"line":3},"2":{"name":"(anonymous_2)","decl":{"start":{"line":3,"column":70},"end":{"line":3,"column":71}},"loc":{"start":{"line":3,"column":89},"end":{"line":3,"column":108}},"line":3},"3":{"name":"(anonymous_3)","decl":{"start":{"line":4,"column":36},"end":{"line":4,"column":37}},"loc":{"start":{"line":4,"column":63},"end":{"line":9,"column":5}},"line":4},"4":{"name":"fulfilled","decl":{"start":{"line":5,"column":17},"end":{"line":5,"column":26}},"loc":{"start":{"line":5,"column":34},"end":{"line":5,"column":99}},"line":5},"5":{"name":"rejected","decl":{"start":{"line":6,"column":17},"end":{"line":6,"column":25}},"loc":{"start":{"line":6,"column":33},"end":{"line":6,"column":102}},"line":6},"6":{"name":"step","decl":{"start":{"line":7,"column":17},"end":{"line":7,"column":21}},"loc":{"start":{"line":7,"column":30},"end":{"line":7,"column":118}},"line":7},"7":{"name":"(anonymous_7)","decl":{"start":{"line":13,"column":26},"end":{"line":13,"column":27}},"loc":{"start":{"line":13,"column":43},"end":{"line":20,"column":2}},"line":13},"8":{"name":"(anonymous_8)","decl":{"start":{"line":13,"column":77},"end":{"line":13,"column":78}},"loc":{"start":{"line":13,"column":90},"end":{"line":20,"column":1}},"line":13},"9":{"name":"(anonymous_9)","decl":{"start":{"line":21,"column":27},"end":{"line":21,"column":28}},"loc":{"start":{"line":21,"column":35},"end":{"line":28,"column":2}},"line":21},"10":{"name":"(anonymous_10)","decl":{"start":{"line":21,"column":69},"end":{"line":21,"column":70}},"loc":{"start":{"line":21,"column":82},"end":{"line":28,"column":1}},"line":21},"11":{"name":"(anonymous_11)","decl":{"start":{"line":29,"column":36},"end":{"line":29,"column":37}},"loc":{"start":{"line":29,"column":87},"end":{"line":49,"column":2}},"line":29},"12":{"name":"(anonymous_12)","decl":{"start":{"line":29,"column":121},"end":{"line":29,"column":122}},"loc":{"start":{"line":29,"column":134},"end":{"line":49,"column":1}},"line":29},"13":{"name":"(anonymous_13)","decl":{"start":{"line":50,"column":47},"end":{"line":50,"column":48}},"loc":{"start":{"line":50,"column":111},"end":{"line":71,"column":2}},"line":50},"14":{"name":"(anonymous_14)","decl":{"start":{"line":50,"column":145},"end":{"line":50,"column":146}},"loc":{"start":{"line":50,"column":158},"end":{"line":71,"column":1}},"line":50},"15":{"name":"(anonymous_15)","decl":{"start":{"line":72,"column":26},"end":{"line":72,"column":27}},"loc":{"start":{"line":72,"column":71},"end":{"line":79,"column":2}},"line":72},"16":{"name":"(anonymous_16)","decl":{"start":{"line":72,"column":105},"end":{"line":72,"column":106}},"loc":{"start":{"line":72,"column":118},"end":{"line":79,"column":1}},"line":72}},"branchMap":{"0":{"loc":{"start":{"line":2,"column":16},"end":{"line":10,"column":1}},"type":"binary-expr","locations":[{"start":{"line":2,"column":17},"end":{"line":2,"column":21}},{"start":{"line":2,"column":25},"end":{"line":2,"column":39}},{"start":{"line":2,"column":44},"end":{"line":10,"column":1}}],"line":2},"1":{"loc":{"start":{"line":3,"column":35},"end":{"line":3,"column":109}},"type":"cond-expr","locations":[{"start":{"line":3,"column":56},"end":{"line":3,"column":61}},{"start":{"line":3,"column":64},"end":{"line":3,"column":109}}],"line":3},"2":{"loc":{"start":{"line":4,"column":16},"end":{"line":4,"column":34}},"type":"binary-expr","locations":[{"start":{"line":4,"column":16},"end":{"line":4,"column":17}},{"start":{"line":4,"column":22},"end":{"line":4,"column":33}}],"line":4},"3":{"loc":{"start":{"line":7,"column":32},"end":{"line":7,"column":115}},"type":"cond-expr","locations":[{"start":{"line":7,"column":46},"end":{"line":7,"column":67}},{"start":{"line":7,"column":70},"end":{"line":7,"column":115}}],"line":7},"4":{"loc":{"start":{"line":8,"column":51},"end":{"line":8,"column":67}},"type":"binary-expr","locations":[{"start":{"line":8,"column":51},"end":{"line":8,"column":61}},{"start":{"line":8,"column":65},"end":{"line":8,"column":67}}],"line":8},"5":{"loc":{"start":{"line":43,"column":40},"end":{"line":43,"column":133}},"type":"cond-expr","locations":[{"start":{"line":43,"column":101},"end":{"line":43,"column":107}},{"start":{"line":43,"column":110},"end":{"line":43,"column":133}}],"line":43},"6":{"loc":{"start":{"line":43,"column":40},"end":{"line":43,"column":98}},"type":"binary-expr","locations":[{"start":{"line":43,"column":40},"end":{"line":43,"column":66}},{"start":{"line":43,"column":70},"end":{"line":43,"column":98}}],"line":43},"7":{"loc":{"start":{"line":65,"column":40},"end":{"line":65,"column":133}},"type":"cond-expr","locations":[{"start":{"line":65,"column":101},"end":{"line":65,"column":107}},{"start":{"line":65,"column":110},"end":{"line":65,"column":133}}],"line":65},"8":{"loc":{"start":{"line":65,"column":40},"end":{"line":65,"column":98}},"type":"binary-expr","locations":[{"start":{"line":65,"column":40},"end":{"line":65,"column":66}},{"start":{"line":65,"column":70},"end":{"line":65,"column":98}}],"line":65}},"s":{"0":1,"1":0,"2":0,"3":0,"4":0,"5":0,"6":0,"7":0,"8":0,"9":0,"10":0,"11":0,"12":1,"13":1,"14":1,"15":0,"16":0,"17":0,"18":0,"19":1,"20":0,"21":0,"22":0,"23":1,"24":0,"25":0,"26":0,"27":0,"28":0,"29":0,"30":1,"31":0,"32":0,"33":0,"34":0,"35":0,"36":0,"37":1,"38":0,"39":0,"40":1},"f":{"0":0,"1":0,"2":0,"3":0,"4":0,"5":0,"6":0,"7":0,"8":0,"9":0,"10":0,"11":0,"12":0,"13":0,"14":0,"15":0,"16":0},"b":{"0":[1,1,1],"1":[0,0],"2":[0,0],"3":[0,0],"4":[0,0],"5":[0,0],"6":[0,0],"7":[0,0],"8":[0,0]},"inputSourceMap":null,"_coverageSchema":"1a1c01bbd47fc00a2c39e90264f33305004495a9","hash":"d714558873a91ae75db1524aa3cb190eb454a260"}
,"C:\\Users\\g.visco.ISYDEDOM\\OneDrive - BE THINK, SOLVE, EXECUTE S.P.A\\Desktop\\vations\\restaurant-table-reservations\\build\\models\\user.model.js": {"path":"C:\\Users\\g.visco.ISYDEDOM\\OneDrive - BE THINK, SOLVE, EXECUTE S.P.A\\Desktop\\vations\\restaurant-table-reservations\\build\\models\\user.model.js","statementMap":{"0":{"start":{"line":2,"column":16},"end":{"line":10,"column":1}},"1":{"start":{"line":3,"column":28},"end":{"line":3,"column":110}},"2":{"start":{"line":3,"column":91},"end":{"line":3,"column":106}},"3":{"start":{"line":4,"column":4},"end":{"line":9,"column":7}},"4":{"start":{"line":5,"column":36},"end":{"line":5,"column":97}},"5":{"start":{"line":5,"column":42},"end":{"line":5,"column":70}},"6":{"start":{"line":5,"column":85},"end":{"line":5,"column":95}},"7":{"start":{"line":6,"column":35},"end":{"line":6,"column":100}},"8":{"start":{"line":6,"column":41},"end":{"line":6,"column":73}},"9":{"start":{"line":6,"column":88},"end":{"line":6,"column":98}},"10":{"start":{"line":7,"column":32},"end":{"line":7,"column":116}},"11":{"start":{"line":8,"column":8},"end":{"line":8,"column":78}},"12":{"start":{"line":11,"column":0},"end":{"line":11,"column":62}},"13":{"start":{"line":12,"column":19},"end":{"line":12,"column":48}},"14":{"start":{"line":13,"column":17},"end":{"line":18,"column":2}},"15":{"start":{"line":13,"column":23},"end":{"line":18,"column":2}},"16":{"start":{"line":14,"column":21},"end":{"line":16,"column":18}},"17":{"start":{"line":17,"column":4},"end":{"line":17,"column":20}},"18":{"start":{"line":19,"column":19},"end":{"line":26,"column":2}},"19":{"start":{"line":19,"column":29},"end":{"line":26,"column":2}},"20":{"start":{"line":20,"column":31},"end":{"line":23,"column":27}},"21":{"start":{"line":24,"column":24},"end":{"line":24,"column":70}},"22":{"start":{"line":25,"column":4},"end":{"line":25,"column":23}},"23":{"start":{"line":27,"column":23},"end":{"line":34,"column":2}},"24":{"start":{"line":27,"column":34},"end":{"line":34,"column":2}},"25":{"start":{"line":28,"column":30},"end":{"line":32,"column":27}},"26":{"start":{"line":33,"column":4},"end":{"line":33,"column":29}},"27":{"start":{"line":35,"column":20},"end":{"line":42,"column":2}},"28":{"start":{"line":35,"column":28},"end":{"line":42,"column":2}},"29":{"start":{"line":36,"column":27},"end":{"line":40,"column":34}},"30":{"start":{"line":41,"column":4},"end":{"line":41,"column":26}},"31":{"start":{"line":43,"column":0},"end":{"line":48,"column":2}}},"fnMap":{"0":{"name":"(anonymous_0)","decl":{"start":{"line":2,"column":44},"end":{"line":2,"column":45}},"loc":{"start":{"line":2,"column":89},"end":{"line":10,"column":1}},"line":2},"1":{"name":"adopt","decl":{"start":{"line":3,"column":13},"end":{"line":3,"column":18}},"loc":{"start":{"line":3,"column":26},"end":{"line":3,"column":112}},"line":3},"2":{"name":"(anonymous_2)","decl":{"start":{"line":3,"column":70},"end":{"line":3,"column":71}},"loc":{"start":{"line":3,"column":89},"end":{"line":3,"column":108}},"line":3},"3":{"name":"(anonymous_3)","decl":{"start":{"line":4,"column":36},"end":{"line":4,"column":37}},"loc":{"start":{"line":4,"column":63},"end":{"line":9,"column":5}},"line":4},"4":{"name":"fulfilled","decl":{"start":{"line":5,"column":17},"end":{"line":5,"column":26}},"loc":{"start":{"line":5,"column":34},"end":{"line":5,"column":99}},"line":5},"5":{"name":"rejected","decl":{"start":{"line":6,"column":17},"end":{"line":6,"column":25}},"loc":{"start":{"line":6,"column":33},"end":{"line":6,"column":102}},"line":6},"6":{"name":"step","decl":{"start":{"line":7,"column":17},"end":{"line":7,"column":21}},"loc":{"start":{"line":7,"column":30},"end":{"line":7,"column":118}},"line":7},"7":{"name":"(anonymous_7)","decl":{"start":{"line":13,"column":17},"end":{"line":13,"column":18}},"loc":{"start":{"line":13,"column":23},"end":{"line":18,"column":2}},"line":13},"8":{"name":"(anonymous_8)","decl":{"start":{"line":13,"column":57},"end":{"line":13,"column":58}},"loc":{"start":{"line":13,"column":70},"end":{"line":18,"column":1}},"line":13},"9":{"name":"(anonymous_9)","decl":{"start":{"line":19,"column":19},"end":{"line":19,"column":20}},"loc":{"start":{"line":19,"column":29},"end":{"line":26,"column":2}},"line":19},"10":{"name":"(anonymous_10)","decl":{"start":{"line":19,"column":63},"end":{"line":19,"column":64}},"loc":{"start":{"line":19,"column":76},"end":{"line":26,"column":1}},"line":19},"11":{"name":"(anonymous_11)","decl":{"start":{"line":27,"column":23},"end":{"line":27,"column":24}},"loc":{"start":{"line":27,"column":34},"end":{"line":34,"column":2}},"line":27},"12":{"name":"(anonymous_12)","decl":{"start":{"line":27,"column":68},"end":{"line":27,"column":69}},"loc":{"start":{"line":27,"column":81},"end":{"line":34,"column":1}},"line":27},"13":{"name":"(anonymous_13)","decl":{"start":{"line":35,"column":20},"end":{"line":35,"column":21}},"loc":{"start":{"line":35,"column":28},"end":{"line":42,"column":2}},"line":35},"14":{"name":"(anonymous_14)","decl":{"start":{"line":35,"column":62},"end":{"line":35,"column":63}},"loc":{"start":{"line":35,"column":75},"end":{"line":42,"column":1}},"line":35}},"branchMap":{"0":{"loc":{"start":{"line":2,"column":16},"end":{"line":10,"column":1}},"type":"binary-expr","locations":[{"start":{"line":2,"column":17},"end":{"line":2,"column":21}},{"start":{"line":2,"column":25},"end":{"line":2,"column":39}},{"start":{"line":2,"column":44},"end":{"line":10,"column":1}}],"line":2},"1":{"loc":{"start":{"line":3,"column":35},"end":{"line":3,"column":109}},"type":"cond-expr","locations":[{"start":{"line":3,"column":56},"end":{"line":3,"column":61}},{"start":{"line":3,"column":64},"end":{"line":3,"column":109}}],"line":3},"2":{"loc":{"start":{"line":4,"column":16},"end":{"line":4,"column":34}},"type":"binary-expr","locations":[{"start":{"line":4,"column":16},"end":{"line":4,"column":17}},{"start":{"line":4,"column":22},"end":{"line":4,"column":33}}],"line":4},"3":{"loc":{"start":{"line":7,"column":32},"end":{"line":7,"column":115}},"type":"cond-expr","locations":[{"start":{"line":7,"column":46},"end":{"line":7,"column":67}},{"start":{"line":7,"column":70},"end":{"line":7,"column":115}}],"line":7},"4":{"loc":{"start":{"line":8,"column":51},"end":{"line":8,"column":67}},"type":"binary-expr","locations":[{"start":{"line":8,"column":51},"end":{"line":8,"column":61}},{"start":{"line":8,"column":65},"end":{"line":8,"column":67}}],"line":8}},"s":{"0":1,"1":1,"2":0,"3":1,"4":1,"5":1,"6":0,"7":0,"8":0,"9":0,"10":2,"11":1,"12":1,"13":1,"14":1,"15":1,"16":1,"17":1,"18":1,"19":0,"20":0,"21":0,"22":0,"23":1,"24":0,"25":0,"26":0,"27":1,"28":0,"29":0,"30":0,"31":1},"f":{"0":1,"1":1,"2":0,"3":1,"4":1,"5":0,"6":2,"7":1,"8":1,"9":0,"10":0,"11":0,"12":0,"13":0,"14":0},"b":{"0":[1,1,1],"1":[1,0],"2":[1,1],"3":[1,1],"4":[1,1]},"inputSourceMap":null,"_coverageSchema":"1a1c01bbd47fc00a2c39e90264f33305004495a9","hash":"a25332b79c953d25ba2791f4e9102e0fe32a5729"}
,"C:\\Users\\g.visco.ISYDEDOM\\OneDrive - BE THINK, SOLVE, EXECUTE S.P.A\\Desktop\\vations\\restaurant-table-reservations\\build\\routes\\reservation\\reservation.controller.js": {"path":"C:\\Users\\g.visco.ISYDEDOM\\OneDrive - BE THINK, SOLVE, EXECUTE S.P.A\\Desktop\\vations\\restaurant-table-reservations\\build\\routes\\reservation\\reservation.controller.js","statementMap":{"0":{"start":{"line":2,"column":16},"end":{"line":10,"column":1}},"1":{"start":{"line":3,"column":28},"end":{"line":3,"column":110}},"2":{"start":{"line":3,"column":91},"end":{"line":3,"column":106}},"3":{"start":{"line":4,"column":4},"end":{"line":9,"column":7}},"4":{"start":{"line":5,"column":36},"end":{"line":5,"column":97}},"5":{"start":{"line":5,"column":42},"end":{"line":5,"column":70}},"6":{"start":{"line":5,"column":85},"end":{"line":5,"column":95}},"7":{"start":{"line":6,"column":35},"end":{"line":6,"column":100}},"8":{"start":{"line":6,"column":41},"end":{"line":6,"column":73}},"9":{"start":{"line":6,"column":88},"end":{"line":6,"column":98}},"10":{"start":{"line":7,"column":32},"end":{"line":7,"column":116}},"11":{"start":{"line":8,"column":8},"end":{"line":8,"column":78}},"12":{"start":{"line":11,"column":22},"end":{"line":13,"column":1}},"13":{"start":{"line":12,"column":4},"end":{"line":12,"column":62}},"14":{"start":{"line":14,"column":0},"end":{"line":14,"column":62}},"15":{"start":{"line":15,"column":28},"end":{"line":15,"column":86}},"16":{"start":{"line":16,"column":32},"end":{"line":16,"column":81}},"17":{"start":{"line":17,"column":21},"end":{"line":17,"column":71}},"18":{"start":{"line":18,"column":28},"end":{"line":18,"column":85}},"19":{"start":{"line":22,"column":26},"end":{"line":50,"column":2}},"20":{"start":{"line":22,"column":46},"end":{"line":50,"column":2}},"21":{"start":{"line":23,"column":4},"end":{"line":49,"column":5}},"22":{"start":{"line":24,"column":60},"end":{"line":24,"column":123}},"23":{"start":{"line":25,"column":8},"end":{"line":25,"column":71}},"24":{"start":{"line":26,"column":71},"end":{"line":26,"column":142}},"25":{"start":{"line":27,"column":35},"end":{"line":27,"column":156}},"26":{"start":{"line":28,"column":8},"end":{"line":32,"column":9}},"27":{"start":{"line":29,"column":26},"end":{"line":29,"column":86}},"28":{"start":{"line":30,"column":12},"end":{"line":30,"column":35}},"29":{"start":{"line":31,"column":12},"end":{"line":31,"column":24}},"30":{"start":{"line":33,"column":30},"end":{"line":33,"column":208}},"31":{"start":{"line":34,"column":8},"end":{"line":38,"column":9}},"32":{"start":{"line":35,"column":26},"end":{"line":35,"column":81}},"33":{"start":{"line":36,"column":12},"end":{"line":36,"column":35}},"34":{"start":{"line":37,"column":12},"end":{"line":37,"column":24}},"35":{"start":{"line":39,"column":44},"end":{"line":39,"column":69}},"36":{"start":{"line":40,"column":36},"end":{"line":44,"column":10}},"37":{"start":{"line":45,"column":8},"end":{"line":45,"column":50}},"38":{"start":{"line":48,"column":8},"end":{"line":48,"column":20}},"39":{"start":{"line":54,"column":24},"end":{"line":65,"column":2}},"40":{"start":{"line":54,"column":44},"end":{"line":65,"column":2}},"41":{"start":{"line":55,"column":4},"end":{"line":64,"column":5}},"42":{"start":{"line":56,"column":88},"end":{"line":56,"column":152}},"43":{"start":{"line":57,"column":43},"end":{"line":57,"column":73}},"44":{"start":{"line":58,"column":41},"end":{"line":58,"column":69}},"45":{"start":{"line":59,"column":35},"end":{"line":59,"column":176}},"46":{"start":{"line":60,"column":8},"end":{"line":60,"column":49}},"47":{"start":{"line":63,"column":8},"end":{"line":63,"column":20}},"48":{"start":{"line":69,"column":26},"end":{"line":90,"column":2}},"49":{"start":{"line":69,"column":46},"end":{"line":90,"column":2}},"50":{"start":{"line":70,"column":4},"end":{"line":89,"column":5}},"51":{"start":{"line":71,"column":60},"end":{"line":71,"column":68}},"52":{"start":{"line":72,"column":71},"end":{"line":72,"column":142}},"53":{"start":{"line":73,"column":35},"end":{"line":73,"column":180}},"54":{"start":{"line":74,"column":8},"end":{"line":78,"column":9}},"55":{"start":{"line":75,"column":26},"end":{"line":75,"column":78}},"56":{"start":{"line":76,"column":12},"end":{"line":76,"column":35}},"57":{"start":{"line":77,"column":12},"end":{"line":77,"column":24}},"58":{"start":{"line":79,"column":31},"end":{"line":79,"column":134}},"59":{"start":{"line":80,"column":8},"end":{"line":84,"column":9}},"60":{"start":{"line":81,"column":26},"end":{"line":81,"column":83}},"61":{"start":{"line":82,"column":12},"end":{"line":82,"column":35}},"62":{"start":{"line":83,"column":12},"end":{"line":83,"column":24}},"63":{"start":{"line":85,"column":8},"end":{"line":85,"column":60}},"64":{"start":{"line":88,"column":8},"end":{"line":88,"column":20}},"65":{"start":{"line":91,"column":0},"end":{"line":95,"column":2}}},"fnMap":{"0":{"name":"(anonymous_0)","decl":{"start":{"line":2,"column":44},"end":{"line":2,"column":45}},"loc":{"start":{"line":2,"column":89},"end":{"line":10,"column":1}},"line":2},"1":{"name":"adopt","decl":{"start":{"line":3,"column":13},"end":{"line":3,"column":18}},"loc":{"start":{"line":3,"column":26},"end":{"line":3,"column":112}},"line":3},"2":{"name":"(anonymous_2)","decl":{"start":{"line":3,"column":70},"end":{"line":3,"column":71}},"loc":{"start":{"line":3,"column":89},"end":{"line":3,"column":108}},"line":3},"3":{"name":"(anonymous_3)","decl":{"start":{"line":4,"column":36},"end":{"line":4,"column":37}},"loc":{"start":{"line":4,"column":63},"end":{"line":9,"column":5}},"line":4},"4":{"name":"fulfilled","decl":{"start":{"line":5,"column":17},"end":{"line":5,"column":26}},"loc":{"start":{"line":5,"column":34},"end":{"line":5,"column":99}},"line":5},"5":{"name":"rejected","decl":{"start":{"line":6,"column":17},"end":{"line":6,"column":25}},"loc":{"start":{"line":6,"column":33},"end":{"line":6,"column":102}},"line":6},"6":{"name":"step","decl":{"start":{"line":7,"column":17},"end":{"line":7,"column":21}},"loc":{"start":{"line":7,"column":30},"end":{"line":7,"column":118}},"line":7},"7":{"name":"(anonymous_7)","decl":{"start":{"line":11,"column":56},"end":{"line":11,"column":57}},"loc":{"start":{"line":11,"column":71},"end":{"line":13,"column":1}},"line":11},"8":{"name":"(anonymous_8)","decl":{"start":{"line":22,"column":26},"end":{"line":22,"column":27}},"loc":{"start":{"line":22,"column":46},"end":{"line":50,"column":2}},"line":22},"9":{"name":"(anonymous_9)","decl":{"start":{"line":22,"column":80},"end":{"line":22,"column":81}},"loc":{"start":{"line":22,"column":93},"end":{"line":50,"column":1}},"line":22},"10":{"name":"(anonymous_10)","decl":{"start":{"line":54,"column":24},"end":{"line":54,"column":25}},"loc":{"start":{"line":54,"column":44},"end":{"line":65,"column":2}},"line":54},"11":{"name":"(anonymous_11)","decl":{"start":{"line":54,"column":78},"end":{"line":54,"column":79}},"loc":{"start":{"line":54,"column":91},"end":{"line":65,"column":1}},"line":54},"12":{"name":"(anonymous_12)","decl":{"start":{"line":69,"column":26},"end":{"line":69,"column":27}},"loc":{"start":{"line":69,"column":46},"end":{"line":90,"column":2}},"line":69},"13":{"name":"(anonymous_13)","decl":{"start":{"line":69,"column":80},"end":{"line":69,"column":81}},"loc":{"start":{"line":69,"column":93},"end":{"line":90,"column":1}},"line":69}},"branchMap":{"0":{"loc":{"start":{"line":2,"column":16},"end":{"line":10,"column":1}},"type":"binary-expr","locations":[{"start":{"line":2,"column":17},"end":{"line":2,"column":21}},{"start":{"line":2,"column":25},"end":{"line":2,"column":39}},{"start":{"line":2,"column":44},"end":{"line":10,"column":1}}],"line":2},"1":{"loc":{"start":{"line":3,"column":35},"end":{"line":3,"column":109}},"type":"cond-expr","locations":[{"start":{"line":3,"column":56},"end":{"line":3,"column":61}},{"start":{"line":3,"column":64},"end":{"line":3,"column":109}}],"line":3},"2":{"loc":{"start":{"line":4,"column":16},"end":{"line":4,"column":34}},"type":"binary-expr","locations":[{"start":{"line":4,"column":16},"end":{"line":4,"column":17}},{"start":{"line":4,"column":22},"end":{"line":4,"column":33}}],"line":4},"3":{"loc":{"start":{"line":7,"column":32},"end":{"line":7,"column":115}},"type":"cond-expr","locations":[{"start":{"line":7,"column":46},"end":{"line":7,"column":67}},{"start":{"line":7,"column":70},"end":{"line":7,"column":115}}],"line":7},"4":{"loc":{"start":{"line":8,"column":51},"end":{"line":8,"column":67}},"type":"binary-expr","locations":[{"start":{"line":8,"column":51},"end":{"line":8,"column":61}},{"start":{"line":8,"column":65},"end":{"line":8,"column":67}}],"line":8},"5":{"loc":{"start":{"line":11,"column":22},"end":{"line":13,"column":1}},"type":"binary-expr","locations":[{"start":{"line":11,"column":23},"end":{"line":11,"column":27}},{"start":{"line":11,"column":31},"end":{"line":11,"column":51}},{"start":{"line":11,"column":56},"end":{"line":13,"column":1}}],"line":11},"6":{"loc":{"start":{"line":12,"column":11},"end":{"line":12,"column":61}},"type":"cond-expr","locations":[{"start":{"line":12,"column":37},"end":{"line":12,"column":40}},{"start":{"line":12,"column":43},"end":{"line":12,"column":61}}],"line":12},"7":{"loc":{"start":{"line":12,"column":12},"end":{"line":12,"column":33}},"type":"binary-expr","locations":[{"start":{"line":12,"column":12},"end":{"line":12,"column":15}},{"start":{"line":12,"column":19},"end":{"line":12,"column":33}}],"line":12},"8":{"loc":{"start":{"line":28,"column":8},"end":{"line":32,"column":9}},"type":"if","locations":[{"start":{"line":28,"column":8},"end":{"line":32,"column":9}},{"start":{},"end":{}}],"line":28},"9":{"loc":{"start":{"line":28,"column":13},"end":{"line":28,"column":128}},"type":"cond-expr","locations":[{"start":{"line":28,"column":76},"end":{"line":28,"column":82}},{"start":{"line":28,"column":85},"end":{"line":28,"column":128}}],"line":28},"10":{"loc":{"start":{"line":28,"column":13},"end":{"line":28,"column":73}},"type":"binary-expr","locations":[{"start":{"line":28,"column":13},"end":{"line":28,"column":40}},{"start":{"line":28,"column":44},"end":{"line":28,"column":73}}],"line":28},"11":{"loc":{"start":{"line":33,"column":86},"end":{"line":33,"column":194}},"type":"cond-expr","locations":[{"start":{"line":33,"column":149},"end":{"line":33,"column":155}},{"start":{"line":33,"column":158},"end":{"line":33,"column":194}}],"line":33},"12":{"loc":{"start":{"line":33,"column":86},"end":{"line":33,"column":146}},"type":"binary-expr","locations":[{"start":{"line":33,"column":86},"end":{"line":33,"column":113}},{"start":{"line":33,"column":117},"end":{"line":33,"column":146}}],"line":33},"13":{"loc":{"start":{"line":34,"column":8},"end":{"line":38,"column":9}},"type":"if","locations":[{"start":{"line":34,"column":8},"end":{"line":38,"column":9}},{"start":{},"end":{}}],"line":34},"14":{"loc":{"start":{"line":74,"column":8},"end":{"line":78,"column":9}},"type":"if","locations":[{"start":{"line":74,"column":8},"end":{"line":78,"column":9}},{"start":{},"end":{}}],"line":74},"15":{"loc":{"start":{"line":74,"column":14},"end":{"line":74,"column":129}},"type":"cond-expr","locations":[{"start":{"line":74,"column":77},"end":{"line":74,"column":83}},{"start":{"line":74,"column":86},"end":{"line":74,"column":129}}],"line":74},"16":{"loc":{"start":{"line":74,"column":14},"end":{"line":74,"column":74}},"type":"binary-expr","locations":[{"start":{"line":74,"column":14},"end":{"line":74,"column":41}},{"start":{"line":74,"column":45},"end":{"line":74,"column":74}}],"line":74},"17":{"loc":{"start":{"line":80,"column":8},"end":{"line":84,"column":9}},"type":"if","locations":[{"start":{"line":80,"column":8},"end":{"line":84,"column":9}},{"start":{},"end":{}}],"line":80}},"s":{"0":1,"1":0,"2":0,"3":0,"4":0,"5":0,"6":0,"7":0,"8":0,"9":0,"10":0,"11":0,"12":1,"13":3,"14":1,"15":1,"16":1,"17":1,"18":1,"19":1,"20":0,"21":0,"22":0,"23":0,"24":0,"25":0,"26":0,"27":0,"28":0,"29":0,"30":0,"31":0,"32":0,"33":0,"34":0,"35":0,"36":0,"37":0,"38":0,"39":1,"40":0,"41":0,"42":0,"43":0,"44":0,"45":0,"46":0,"47":0,"48":1,"49":0,"50":0,"51":0,"52":0,"53":0,"54":0,"55":0,"56":0,"57":0,"58":0,"59":0,"60":0,"61":0,"62":0,"63":0,"64":0,"65":1},"f":{"0":0,"1":0,"2":0,"3":0,"4":0,"5":0,"6":0,"7":3,"8":0,"9":0,"10":0,"11":0,"12":0,"13":0},"b":{"0":[1,1,1],"1":[0,0],"2":[0,0],"3":[0,0],"4":[0,0],"5":[1,1,1],"6":[3,0],"7":[3,3],"8":[0,0],"9":[0,0],"10":[0,0],"11":[0,0],"12":[0,0],"13":[0,0],"14":[0,0],"15":[0,0],"16":[0,0],"17":[0,0]},"inputSourceMap":null,"_coverageSchema":"1a1c01bbd47fc00a2c39e90264f33305004495a9","hash":"1db52c07b13fac4f293515f69717ae431fd941c4"}
,"C:\\Users\\g.visco.ISYDEDOM\\OneDrive - BE THINK, SOLVE, EXECUTE S.P.A\\Desktop\\vations\\restaurant-table-reservations\\build\\routes\\reservation\\reservation.router.js": {"path":"C:\\Users\\g.visco.ISYDEDOM\\OneDrive - BE THINK, SOLVE, EXECUTE S.P.A\\Desktop\\vations\\restaurant-table-reservations\\build\\routes\\reservation\\reservation.router.js","statementMap":{"0":{"start":{"line":2,"column":22},"end":{"line":4,"column":1}},"1":{"start":{"line":3,"column":4},"end":{"line":3,"column":62}},"2":{"start":{"line":5,"column":0},"end":{"line":5,"column":62}},"3":{"start":{"line":6,"column":18},"end":{"line":6,"column":53}},"4":{"start":{"line":7,"column":33},"end":{"line":7,"column":85}},"5":{"start":{"line":8,"column":26},"end":{"line":8,"column":52}},"6":{"start":{"line":9,"column":0},"end":{"line":9,"column":89}},"7":{"start":{"line":10,"column":0},"end":{"line":10,"column":92}},"8":{"start":{"line":11,"column":0},"end":{"line":11,"column":94}},"9":{"start":{"line":12,"column":0},"end":{"line":12,"column":36}}},"fnMap":{"0":{"name":"(anonymous_0)","decl":{"start":{"line":2,"column":56},"end":{"line":2,"column":57}},"loc":{"start":{"line":2,"column":71},"end":{"line":4,"column":1}},"line":2}},"branchMap":{"0":{"loc":{"start":{"line":2,"column":22},"end":{"line":4,"column":1}},"type":"binary-expr","locations":[{"start":{"line":2,"column":23},"end":{"line":2,"column":27}},{"start":{"line":2,"column":31},"end":{"line":2,"column":51}},{"start":{"line":2,"column":56},"end":{"line":4,"column":1}}],"line":2},"1":{"loc":{"start":{"line":3,"column":11},"end":{"line":3,"column":61}},"type":"cond-expr","locations":[{"start":{"line":3,"column":37},"end":{"line":3,"column":40}},{"start":{"line":3,"column":43},"end":{"line":3,"column":61}}],"line":3},"2":{"loc":{"start":{"line":3,"column":12},"end":{"line":3,"column":33}},"type":"binary-expr","locations":[{"start":{"line":3,"column":12},"end":{"line":3,"column":15}},{"start":{"line":3,"column":19},"end":{"line":3,"column":33}}],"line":3}},"s":{"0":1,"1":2,"2":1,"3":1,"4":1,"5":1,"6":1,"7":1,"8":1,"9":1},"f":{"0":2},"b":{"0":[1,1,1],"1":[1,1],"2":[2,2]},"inputSourceMap":null,"_coverageSchema":"1a1c01bbd47fc00a2c39e90264f33305004495a9","hash":"8ec59080d426af98dc74c098cacd47c9f3ceba98"}
,"C:\\Users\\g.visco.ISYDEDOM\\OneDrive - BE THINK, SOLVE, EXECUTE S.P.A\\Desktop\\vations\\restaurant-table-reservations\\build\\routes\\user\\user.controller.js": {"path":"C:\\Users\\g.visco.ISYDEDOM\\OneDrive - BE THINK, SOLVE, EXECUTE S.P.A\\Desktop\\vations\\restaurant-table-reservations\\build\\routes\\user\\user.controller.js","statementMap":{"0":{"start":{"line":2,"column":16},"end":{"line":10,"column":1}},"1":{"start":{"line":3,"column":28},"end":{"line":3,"column":110}},"2":{"start":{"line":3,"column":91},"end":{"line":3,"column":106}},"3":{"start":{"line":4,"column":4},"end":{"line":9,"column":7}},"4":{"start":{"line":5,"column":36},"end":{"line":5,"column":97}},"5":{"start":{"line":5,"column":42},"end":{"line":5,"column":70}},"6":{"start":{"line":5,"column":85},"end":{"line":5,"column":95}},"7":{"start":{"line":6,"column":35},"end":{"line":6,"column":100}},"8":{"start":{"line":6,"column":41},"end":{"line":6,"column":73}},"9":{"start":{"line":6,"column":88},"end":{"line":6,"column":98}},"10":{"start":{"line":7,"column":32},"end":{"line":7,"column":116}},"11":{"start":{"line":8,"column":8},"end":{"line":8,"column":78}},"12":{"start":{"line":11,"column":22},"end":{"line":13,"column":1}},"13":{"start":{"line":12,"column":4},"end":{"line":12,"column":62}},"14":{"start":{"line":14,"column":0},"end":{"line":14,"column":62}},"15":{"start":{"line":15,"column":21},"end":{"line":15,"column":72}},"16":{"start":{"line":16,"column":25},"end":{"line":16,"column":67}},"17":{"start":{"line":17,"column":21},"end":{"line":17,"column":71}},"18":{"start":{"line":21,"column":21},"end":{"line":29,"column":2}},"19":{"start":{"line":21,"column":41},"end":{"line":29,"column":2}},"20":{"start":{"line":22,"column":4},"end":{"line":28,"column":5}},"21":{"start":{"line":23,"column":25},"end":{"line":23,"column":62}},"22":{"start":{"line":24,"column":8},"end":{"line":24,"column":39}},"23":{"start":{"line":27,"column":8},"end":{"line":27,"column":20}},"24":{"start":{"line":33,"column":19},"end":{"line":43,"column":2}},"25":{"start":{"line":33,"column":39},"end":{"line":43,"column":2}},"26":{"start":{"line":34,"column":4},"end":{"line":42,"column":5}},"27":{"start":{"line":35,"column":40},"end":{"line":35,"column":89}},"28":{"start":{"line":36,"column":8},"end":{"line":36,"column":64}},"29":{"start":{"line":37,"column":29},"end":{"line":37,"column":91}},"30":{"start":{"line":38,"column":8},"end":{"line":38,"column":43}},"31":{"start":{"line":41,"column":8},"end":{"line":41,"column":20}},"32":{"start":{"line":44,"column":0},"end":{"line":44,"column":47}}},"fnMap":{"0":{"name":"(anonymous_0)","decl":{"start":{"line":2,"column":44},"end":{"line":2,"column":45}},"loc":{"start":{"line":2,"column":89},"end":{"line":10,"column":1}},"line":2},"1":{"name":"adopt","decl":{"start":{"line":3,"column":13},"end":{"line":3,"column":18}},"loc":{"start":{"line":3,"column":26},"end":{"line":3,"column":112}},"line":3},"2":{"name":"(anonymous_2)","decl":{"start":{"line":3,"column":70},"end":{"line":3,"column":71}},"loc":{"start":{"line":3,"column":89},"end":{"line":3,"column":108}},"line":3},"3":{"name":"(anonymous_3)","decl":{"start":{"line":4,"column":36},"end":{"line":4,"column":37}},"loc":{"start":{"line":4,"column":63},"end":{"line":9,"column":5}},"line":4},"4":{"name":"fulfilled","decl":{"start":{"line":5,"column":17},"end":{"line":5,"column":26}},"loc":{"start":{"line":5,"column":34},"end":{"line":5,"column":99}},"line":5},"5":{"name":"rejected","decl":{"start":{"line":6,"column":17},"end":{"line":6,"column":25}},"loc":{"start":{"line":6,"column":33},"end":{"line":6,"column":102}},"line":6},"6":{"name":"step","decl":{"start":{"line":7,"column":17},"end":{"line":7,"column":21}},"loc":{"start":{"line":7,"column":30},"end":{"line":7,"column":118}},"line":7},"7":{"name":"(anonymous_7)","decl":{"start":{"line":11,"column":56},"end":{"line":11,"column":57}},"loc":{"start":{"line":11,"column":71},"end":{"line":13,"column":1}},"line":11},"8":{"name":"(anonymous_8)","decl":{"start":{"line":21,"column":21},"end":{"line":21,"column":22}},"loc":{"start":{"line":21,"column":41},"end":{"line":29,"column":2}},"line":21},"9":{"name":"(anonymous_9)","decl":{"start":{"line":21,"column":75},"end":{"line":21,"column":76}},"loc":{"start":{"line":21,"column":88},"end":{"line":29,"column":1}},"line":21},"10":{"name":"(anonymous_10)","decl":{"start":{"line":33,"column":19},"end":{"line":33,"column":20}},"loc":{"start":{"line":33,"column":39},"end":{"line":43,"column":2}},"line":33},"11":{"name":"(anonymous_11)","decl":{"start":{"line":33,"column":73},"end":{"line":33,"column":74}},"loc":{"start":{"line":33,"column":86},"end":{"line":43,"column":1}},"line":33}},"branchMap":{"0":{"loc":{"start":{"line":2,"column":16},"end":{"line":10,"column":1}},"type":"binary-expr","locations":[{"start":{"line":2,"column":17},"end":{"line":2,"column":21}},{"start":{"line":2,"column":25},"end":{"line":2,"column":39}},{"start":{"line":2,"column":44},"end":{"line":10,"column":1}}],"line":2},"1":{"loc":{"start":{"line":3,"column":35},"end":{"line":3,"column":109}},"type":"cond-expr","locations":[{"start":{"line":3,"column":56},"end":{"line":3,"column":61}},{"start":{"line":3,"column":64},"end":{"line":3,"column":109}}],"line":3},"2":{"loc":{"start":{"line":4,"column":16},"end":{"line":4,"column":34}},"type":"binary-expr","locations":[{"start":{"line":4,"column":16},"end":{"line":4,"column":17}},{"start":{"line":4,"column":22},"end":{"line":4,"column":33}}],"line":4},"3":{"loc":{"start":{"line":7,"column":32},"end":{"line":7,"column":115}},"type":"cond-expr","locations":[{"start":{"line":7,"column":46},"end":{"line":7,"column":67}},{"start":{"line":7,"column":70},"end":{"line":7,"column":115}}],"line":7},"4":{"loc":{"start":{"line":8,"column":51},"end":{"line":8,"column":67}},"type":"binary-expr","locations":[{"start":{"line":8,"column":51},"end":{"line":8,"column":61}},{"start":{"line":8,"column":65},"end":{"line":8,"column":67}}],"line":8},"5":{"loc":{"start":{"line":11,"column":22},"end":{"line":13,"column":1}},"type":"binary-expr","locations":[{"start":{"line":11,"column":23},"end":{"line":11,"column":27}},{"start":{"line":11,"column":31},"end":{"line":11,"column":51}},{"start":{"line":11,"column":56},"end":{"line":13,"column":1}}],"line":11},"6":{"loc":{"start":{"line":12,"column":11},"end":{"line":12,"column":61}},"type":"cond-expr","locations":[{"start":{"line":12,"column":37},"end":{"line":12,"column":40}},{"start":{"line":12,"column":43},"end":{"line":12,"column":61}}],"line":12},"7":{"loc":{"start":{"line":12,"column":12},"end":{"line":12,"column":33}},"type":"binary-expr","locations":[{"start":{"line":12,"column":12},"end":{"line":12,"column":15}},{"start":{"line":12,"column":19},"end":{"line":12,"column":33}}],"line":12}},"s":{"0":1,"1":1,"2":0,"3":1,"4":1,"5":1,"6":0,"7":0,"8":0,"9":0,"10":2,"11":1,"12":1,"13":2,"14":1,"15":1,"16":1,"17":1,"18":1,"19":1,"20":1,"21":1,"22":1,"23":0,"24":1,"25":0,"26":0,"27":0,"28":0,"29":0,"30":0,"31":0,"32":1},"f":{"0":1,"1":1,"2":0,"3":1,"4":1,"5":0,"6":2,"7":2,"8":1,"9":1,"10":0,"11":0},"b":{"0":[1,1,1],"1":[1,0],"2":[1,1],"3":[1,1],"4":[1,1],"5":[1,1,1],"6":[2,0],"7":[2,2]},"inputSourceMap":null,"_coverageSchema":"1a1c01bbd47fc00a2c39e90264f33305004495a9","hash":"a21d7caf63a2ab05f2202933843fc718c6b57067"}
,"C:\\Users\\g.visco.ISYDEDOM\\OneDrive - BE THINK, SOLVE, EXECUTE S.P.A\\Desktop\\vations\\restaurant-table-reservations\\build\\routes\\user\\user.router.js": {"path":"C:\\Users\\g.visco.ISYDEDOM\\OneDrive - BE THINK, SOLVE, EXECUTE S.P.A\\Desktop\\vations\\restaurant-table-reservations\\build\\routes\\user\\user.router.js","statementMap":{"0":{"start":{"line":2,"column":22},"end":{"line":4,"column":1}},"1":{"start":{"line":3,"column":4},"end":{"line":3,"column":62}},"2":{"start":{"line":5,"column":0},"end":{"line":5,"column":62}},"3":{"start":{"line":6,"column":18},"end":{"line":6,"column":53}},"4":{"start":{"line":7,"column":26},"end":{"line":7,"column":71}},"5":{"start":{"line":8,"column":19},"end":{"line":8,"column":45}},"6":{"start":{"line":9,"column":0},"end":{"line":9,"column":64}},"7":{"start":{"line":10,"column":0},"end":{"line":10,"column":63}},"8":{"start":{"line":11,"column":0},"end":{"line":11,"column":29}}},"fnMap":{"0":{"name":"(anonymous_0)","decl":{"start":{"line":2,"column":56},"end":{"line":2,"column":57}},"loc":{"start":{"line":2,"column":71},"end":{"line":4,"column":1}},"line":2}},"branchMap":{"0":{"loc":{"start":{"line":2,"column":22},"end":{"line":4,"column":1}},"type":"binary-expr","locations":[{"start":{"line":2,"column":23},"end":{"line":2,"column":27}},{"start":{"line":2,"column":31},"end":{"line":2,"column":51}},{"start":{"line":2,"column":56},"end":{"line":4,"column":1}}],"line":2},"1":{"loc":{"start":{"line":3,"column":11},"end":{"line":3,"column":61}},"type":"cond-expr","locations":[{"start":{"line":3,"column":37},"end":{"line":3,"column":40}},{"start":{"line":3,"column":43},"end":{"line":3,"column":61}}],"line":3},"2":{"loc":{"start":{"line":3,"column":12},"end":{"line":3,"column":33}},"type":"binary-expr","locations":[{"start":{"line":3,"column":12},"end":{"line":3,"column":15}},{"start":{"line":3,"column":19},"end":{"line":3,"column":33}}],"line":3}},"s":{"0":1,"1":2,"2":1,"3":1,"4":1,"5":1,"6":1,"7":1,"8":1},"f":{"0":2},"b":{"0":[1,1,1],"1":[1,1],"2":[2,2]},"inputSourceMap":null,"_coverageSchema":"1a1c01bbd47fc00a2c39e90264f33305004495a9","hash":"a332f8c24cb7ffb2f6ea548e3365da2aeb6abd27"}
,"C:\\Users\\g.visco.ISYDEDOM\\OneDrive - BE THINK, SOLVE, EXECUTE S.P.A\\Desktop\\vations\\restaurant-table-reservations\\build\\utils\\reservation.utils.js": {"path":"C:\\Users\\g.visco.ISYDEDOM\\OneDrive - BE THINK, SOLVE, EXECUTE S.P.A\\Desktop\\vations\\restaurant-table-reservations\\build\\utils\\reservation.utils.js","statementMap":{"0":{"start":{"line":2,"column":16},"end":{"line":10,"column":1}},"1":{"start":{"line":3,"column":28},"end":{"line":3,"column":110}},"2":{"start":{"line":3,"column":91},"end":{"line":3,"column":106}},"3":{"start":{"line":4,"column":4},"end":{"line":9,"column":7}},"4":{"start":{"line":5,"column":36},"end":{"line":5,"column":97}},"5":{"start":{"line":5,"column":42},"end":{"line":5,"column":70}},"6":{"start":{"line":5,"column":85},"end":{"line":5,"column":95}},"7":{"start":{"line":6,"column":35},"end":{"line":6,"column":100}},"8":{"start":{"line":6,"column":41},"end":{"line":6,"column":73}},"9":{"start":{"line":6,"column":88},"end":{"line":6,"column":98}},"10":{"start":{"line":7,"column":32},"end":{"line":7,"column":116}},"11":{"start":{"line":8,"column":8},"end":{"line":8,"column":78}},"12":{"start":{"line":11,"column":22},"end":{"line":13,"column":1}},"13":{"start":{"line":12,"column":4},"end":{"line":12,"column":62}},"14":{"start":{"line":14,"column":0},"end":{"line":14,"column":62}},"15":{"start":{"line":15,"column":0},"end":{"line":15,"column":92}},"16":{"start":{"line":16,"column":28},"end":{"line":16,"column":83}},"17":{"start":{"line":17,"column":35},"end":{"line":21,"column":1}},"18":{"start":{"line":18,"column":39},"end":{"line":18,"column":64}},"19":{"start":{"line":19,"column":37},"end":{"line":19,"column":134}},"20":{"start":{"line":20,"column":4},"end":{"line":20,"column":66}},"21":{"start":{"line":22,"column":36},"end":{"line":24,"column":1}},"22":{"start":{"line":23,"column":4},"end":{"line":23,"column":147}},"23":{"start":{"line":23,"column":106},"end":{"line":23,"column":145}},"24":{"start":{"line":25,"column":35},"end":{"line":28,"column":2}},"25":{"start":{"line":25,"column":108},"end":{"line":28,"column":2}},"26":{"start":{"line":26,"column":31},"end":{"line":26,"column":161}},"27":{"start":{"line":27,"column":4},"end":{"line":27,"column":30}},"28":{"start":{"line":29,"column":0},"end":{"line":29,"column":64}},"29":{"start":{"line":30,"column":46},"end":{"line":33,"column":2}},"30":{"start":{"line":30,"column":132},"end":{"line":33,"column":2}},"31":{"start":{"line":31,"column":31},"end":{"line":31,"column":185}},"32":{"start":{"line":32,"column":4},"end":{"line":32,"column":30}},"33":{"start":{"line":34,"column":0},"end":{"line":34,"column":86}},"34":{"start":{"line":35,"column":0},"end":{"line":40,"column":2}}},"fnMap":{"0":{"name":"(anonymous_0)","decl":{"start":{"line":2,"column":44},"end":{"line":2,"column":45}},"loc":{"start":{"line":2,"column":89},"end":{"line":10,"column":1}},"line":2},"1":{"name":"adopt","decl":{"start":{"line":3,"column":13},"end":{"line":3,"column":18}},"loc":{"start":{"line":3,"column":26},"end":{"line":3,"column":112}},"line":3},"2":{"name":"(anonymous_2)","decl":{"start":{"line":3,"column":70},"end":{"line":3,"column":71}},"loc":{"start":{"line":3,"column":89},"end":{"line":3,"column":108}},"line":3},"3":{"name":"(anonymous_3)","decl":{"start":{"line":4,"column":36},"end":{"line":4,"column":37}},"loc":{"start":{"line":4,"column":63},"end":{"line":9,"column":5}},"line":4},"4":{"name":"fulfilled","decl":{"start":{"line":5,"column":17},"end":{"line":5,"column":26}},"loc":{"start":{"line":5,"column":34},"end":{"line":5,"column":99}},"line":5},"5":{"name":"rejected","decl":{"start":{"line":6,"column":17},"end":{"line":6,"column":25}},"loc":{"start":{"line":6,"column":33},"end":{"line":6,"column":102}},"line":6},"6":{"name":"step","decl":{"start":{"line":7,"column":17},"end":{"line":7,"column":21}},"loc":{"start":{"line":7,"column":30},"end":{"line":7,"column":118}},"line":7},"7":{"name":"(anonymous_7)","decl":{"start":{"line":11,"column":56},"end":{"line":11,"column":57}},"loc":{"start":{"line":11,"column":71},"end":{"line":13,"column":1}},"line":11},"8":{"name":"(anonymous_8)","decl":{"start":{"line":17,"column":35},"end":{"line":17,"column":36}},"loc":{"start":{"line":17,"column":56},"end":{"line":21,"column":1}},"line":17},"9":{"name":"(anonymous_9)","decl":{"start":{"line":22,"column":36},"end":{"line":22,"column":37}},"loc":{"start":{"line":22,"column":67},"end":{"line":24,"column":1}},"line":22},"10":{"name":"(anonymous_10)","decl":{"start":{"line":23,"column":89},"end":{"line":23,"column":90}},"loc":{"start":{"line":23,"column":106},"end":{"line":23,"column":145}},"line":23},"11":{"name":"(anonymous_11)","decl":{"start":{"line":25,"column":35},"end":{"line":25,"column":36}},"loc":{"start":{"line":25,"column":108},"end":{"line":28,"column":2}},"line":25},"12":{"name":"(anonymous_12)","decl":{"start":{"line":25,"column":142},"end":{"line":25,"column":143}},"loc":{"start":{"line":25,"column":155},"end":{"line":28,"column":1}},"line":25},"13":{"name":"(anonymous_13)","decl":{"start":{"line":30,"column":46},"end":{"line":30,"column":47}},"loc":{"start":{"line":30,"column":132},"end":{"line":33,"column":2}},"line":30},"14":{"name":"(anonymous_14)","decl":{"start":{"line":30,"column":166},"end":{"line":30,"column":167}},"loc":{"start":{"line":30,"column":179},"end":{"line":33,"column":1}},"line":30}},"branchMap":{"0":{"loc":{"start":{"line":2,"column":16},"end":{"line":10,"column":1}},"type":"binary-expr","locations":[{"start":{"line":2,"column":17},"end":{"line":2,"column":21}},{"start":{"line":2,"column":25},"end":{"line":2,"column":39}},{"start":{"line":2,"column":44},"end":{"line":10,"column":1}}],"line":2},"1":{"loc":{"start":{"line":3,"column":35},"end":{"line":3,"column":109}},"type":"cond-expr","locations":[{"start":{"line":3,"column":56},"end":{"line":3,"column":61}},{"start":{"line":3,"column":64},"end":{"line":3,"column":109}}],"line":3},"2":{"loc":{"start":{"line":4,"column":16},"end":{"line":4,"column":34}},"type":"binary-expr","locations":[{"start":{"line":4,"column":16},"end":{"line":4,"column":17}},{"start":{"line":4,"column":22},"end":{"line":4,"column":33}}],"line":4},"3":{"loc":{"start":{"line":7,"column":32},"end":{"line":7,"column":115}},"type":"cond-expr","locations":[{"start":{"line":7,"column":46},"end":{"line":7,"column":67}},{"start":{"line":7,"column":70},"end":{"line":7,"column":115}}],"line":7},"4":{"loc":{"start":{"line":8,"column":51},"end":{"line":8,"column":67}},"type":"binary-expr","locations":[{"start":{"line":8,"column":51},"end":{"line":8,"column":61}},{"start":{"line":8,"column":65},"end":{"line":8,"column":67}}],"line":8},"5":{"loc":{"start":{"line":11,"column":22},"end":{"line":13,"column":1}},"type":"binary-expr","locations":[{"start":{"line":11,"column":23},"end":{"line":11,"column":27}},{"start":{"line":11,"column":31},"end":{"line":11,"column":51}},{"start":{"line":11,"column":56},"end":{"line":13,"column":1}}],"line":11},"6":{"loc":{"start":{"line":12,"column":11},"end":{"line":12,"column":61}},"type":"cond-expr","locations":[{"start":{"line":12,"column":37},"end":{"line":12,"column":40}},{"start":{"line":12,"column":43},"end":{"line":12,"column":61}}],"line":12},"7":{"loc":{"start":{"line":12,"column":12},"end":{"line":12,"column":33}},"type":"binary-expr","locations":[{"start":{"line":12,"column":12},"end":{"line":12,"column":15}},{"start":{"line":12,"column":19},"end":{"line":12,"column":33}}],"line":12},"8":{"loc":{"start":{"line":23,"column":11},"end":{"line":23,"column":146}},"type":"cond-expr","locations":[{"start":{"line":23,"column":62},"end":{"line":23,"column":68}},{"start":{"line":23,"column":71},"end":{"line":23,"column":146}}],"line":23},"9":{"loc":{"start":{"line":23,"column":11},"end":{"line":23,"column":59}},"type":"binary-expr","locations":[{"start":{"line":23,"column":11},"end":{"line":23,"column":32}},{"start":{"line":23,"column":36},"end":{"line":23,"column":59}}],"line":23}},"s":{"0":1,"1":0,"2":0,"3":0,"4":0,"5":0,"6":0,"7":0,"8":0,"9":0,"10":0,"11":0,"12":1,"13":1,"14":1,"15":1,"16":1,"17":1,"18":0,"19":0,"20":0,"21":1,"22":0,"23":0,"24":1,"25":0,"26":0,"27":0,"28":1,"29":1,"30":0,"31":0,"32":0,"33":1,"34":1},"f":{"0":0,"1":0,"2":0,"3":0,"4":0,"5":0,"6":0,"7":1,"8":0,"9":0,"10":0,"11":0,"12":0,"13":0,"14":0},"b":{"0":[1,1,1],"1":[0,0],"2":[0,0],"3":[0,0],"4":[0,0],"5":[1,1,1],"6":[1,0],"7":[1,1],"8":[0,0],"9":[0,0]},"inputSourceMap":null,"_coverageSchema":"1a1c01bbd47fc00a2c39e90264f33305004495a9","hash":"0d49a3f557163a74fa0c90df7f365cd4bfc8100f"}
,"C:\\Users\\g.visco.ISYDEDOM\\OneDrive - BE THINK, SOLVE, EXECUTE S.P.A\\Desktop\\vations\\restaurant-table-reservations\\build\\utils\\user.utils.js": {"path":"C:\\Users\\g.visco.ISYDEDOM\\OneDrive - BE THINK, SOLVE, EXECUTE S.P.A\\Desktop\\vations\\restaurant-table-reservations\\build\\utils\\user.utils.js","statementMap":{"0":{"start":{"line":2,"column":16},"end":{"line":10,"column":1}},"1":{"start":{"line":3,"column":28},"end":{"line":3,"column":110}},"2":{"start":{"line":3,"column":91},"end":{"line":3,"column":106}},"3":{"start":{"line":4,"column":4},"end":{"line":9,"column":7}},"4":{"start":{"line":5,"column":36},"end":{"line":5,"column":97}},"5":{"start":{"line":5,"column":42},"end":{"line":5,"column":70}},"6":{"start":{"line":5,"column":85},"end":{"line":5,"column":95}},"7":{"start":{"line":6,"column":35},"end":{"line":6,"column":100}},"8":{"start":{"line":6,"column":41},"end":{"line":6,"column":73}},"9":{"start":{"line":6,"column":88},"end":{"line":6,"column":98}},"10":{"start":{"line":7,"column":32},"end":{"line":7,"column":116}},"11":{"start":{"line":8,"column":8},"end":{"line":8,"column":78}},"12":{"start":{"line":11,"column":22},"end":{"line":13,"column":1}},"13":{"start":{"line":12,"column":4},"end":{"line":12,"column":62}},"14":{"start":{"line":14,"column":0},"end":{"line":14,"column":62}},"15":{"start":{"line":15,"column":21},"end":{"line":15,"column":69}},"16":{"start":{"line":16,"column":26},"end":{"line":23,"column":2}},"17":{"start":{"line":16,"column":37},"end":{"line":23,"column":2}},"18":{"start":{"line":17,"column":25},"end":{"line":17,"column":73}},"19":{"start":{"line":18,"column":4},"end":{"line":22,"column":5}},"20":{"start":{"line":19,"column":22},"end":{"line":19,"column":54}},"21":{"start":{"line":20,"column":8},"end":{"line":20,"column":31}},"22":{"start":{"line":21,"column":8},"end":{"line":21,"column":20}},"23":{"start":{"line":24,"column":33},"end":{"line":31,"column":2}},"24":{"start":{"line":24,"column":44},"end":{"line":31,"column":2}},"25":{"start":{"line":25,"column":25},"end":{"line":25,"column":73}},"26":{"start":{"line":26,"column":4},"end":{"line":30,"column":5}},"27":{"start":{"line":27,"column":22},"end":{"line":27,"column":55}},"28":{"start":{"line":28,"column":8},"end":{"line":28,"column":31}},"29":{"start":{"line":29,"column":8},"end":{"line":29,"column":20}},"30":{"start":{"line":32,"column":0},"end":{"line":35,"column":2}}},"fnMap":{"0":{"name":"(anonymous_0)","decl":{"start":{"line":2,"column":44},"end":{"line":2,"column":45}},"loc":{"start":{"line":2,"column":89},"end":{"line":10,"column":1}},"line":2},"1":{"name":"adopt","decl":{"start":{"line":3,"column":13},"end":{"line":3,"column":18}},"loc":{"start":{"line":3,"column":26},"end":{"line":3,"column":112}},"line":3},"2":{"name":"(anonymous_2)","decl":{"start":{"line":3,"column":70},"end":{"line":3,"column":71}},"loc":{"start":{"line":3,"column":89},"end":{"line":3,"column":108}},"line":3},"3":{"name":"(anonymous_3)","decl":{"start":{"line":4,"column":36},"end":{"line":4,"column":37}},"loc":{"start":{"line":4,"column":63},"end":{"line":9,"column":5}},"line":4},"4":{"name":"fulfilled","decl":{"start":{"line":5,"column":17},"end":{"line":5,"column":26}},"loc":{"start":{"line":5,"column":34},"end":{"line":5,"column":99}},"line":5},"5":{"name":"rejected","decl":{"start":{"line":6,"column":17},"end":{"line":6,"column":25}},"loc":{"start":{"line":6,"column":33},"end":{"line":6,"column":102}},"line":6},"6":{"name":"step","decl":{"start":{"line":7,"column":17},"end":{"line":7,"column":21}},"loc":{"start":{"line":7,"column":30},"end":{"line":7,"column":118}},"line":7},"7":{"name":"(anonymous_7)","decl":{"start":{"line":11,"column":56},"end":{"line":11,"column":57}},"loc":{"start":{"line":11,"column":71},"end":{"line":13,"column":1}},"line":11},"8":{"name":"(anonymous_8)","decl":{"start":{"line":16,"column":26},"end":{"line":16,"column":27}},"loc":{"start":{"line":16,"column":37},"end":{"line":23,"column":2}},"line":16},"9":{"name":"(anonymous_9)","decl":{"start":{"line":16,"column":71},"end":{"line":16,"column":72}},"loc":{"start":{"line":16,"column":84},"end":{"line":23,"column":1}},"line":16},"10":{"name":"(anonymous_10)","decl":{"start":{"line":24,"column":33},"end":{"line":24,"column":34}},"loc":{"start":{"line":24,"column":44},"end":{"line":31,"column":2}},"line":24},"11":{"name":"(anonymous_11)","decl":{"start":{"line":24,"column":78},"end":{"line":24,"column":79}},"loc":{"start":{"line":24,"column":91},"end":{"line":31,"column":1}},"line":24}},"branchMap":{"0":{"loc":{"start":{"line":2,"column":16},"end":{"line":10,"column":1}},"type":"binary-expr","locations":[{"start":{"line":2,"column":17},"end":{"line":2,"column":21}},{"start":{"line":2,"column":25},"end":{"line":2,"column":39}},{"start":{"line":2,"column":44},"end":{"line":10,"column":1}}],"line":2},"1":{"loc":{"start":{"line":3,"column":35},"end":{"line":3,"column":109}},"type":"cond-expr","locations":[{"start":{"line":3,"column":56},"end":{"line":3,"column":61}},{"start":{"line":3,"column":64},"end":{"line":3,"column":109}}],"line":3},"2":{"loc":{"start":{"line":4,"column":16},"end":{"line":4,"column":34}},"type":"binary-expr","locations":[{"start":{"line":4,"column":16},"end":{"line":4,"column":17}},{"start":{"line":4,"column":22},"end":{"line":4,"column":33}}],"line":4},"3":{"loc":{"start":{"line":7,"column":32},"end":{"line":7,"column":115}},"type":"cond-expr","locations":[{"start":{"line":7,"column":46},"end":{"line":7,"column":67}},{"start":{"line":7,"column":70},"end":{"line":7,"column":115}}],"line":7},"4":{"loc":{"start":{"line":8,"column":51},"end":{"line":8,"column":67}},"type":"binary-expr","locations":[{"start":{"line":8,"column":51},"end":{"line":8,"column":61}},{"start":{"line":8,"column":65},"end":{"line":8,"column":67}}],"line":8},"5":{"loc":{"start":{"line":11,"column":22},"end":{"line":13,"column":1}},"type":"binary-expr","locations":[{"start":{"line":11,"column":23},"end":{"line":11,"column":27}},{"start":{"line":11,"column":31},"end":{"line":11,"column":51}},{"start":{"line":11,"column":56},"end":{"line":13,"column":1}}],"line":11},"6":{"loc":{"start":{"line":12,"column":11},"end":{"line":12,"column":61}},"type":"cond-expr","locations":[{"start":{"line":12,"column":37},"end":{"line":12,"column":40}},{"start":{"line":12,"column":43},"end":{"line":12,"column":61}}],"line":12},"7":{"loc":{"start":{"line":12,"column":12},"end":{"line":12,"column":33}},"type":"binary-expr","locations":[{"start":{"line":12,"column":12},"end":{"line":12,"column":15}},{"start":{"line":12,"column":19},"end":{"line":12,"column":33}}],"line":12},"8":{"loc":{"start":{"line":18,"column":4},"end":{"line":22,"column":5}},"type":"if","locations":[{"start":{"line":18,"column":4},"end":{"line":22,"column":5}},{"start":{},"end":{}}],"line":18},"9":{"loc":{"start":{"line":26,"column":4},"end":{"line":30,"column":5}},"type":"if","locations":[{"start":{"line":26,"column":4},"end":{"line":30,"column":5}},{"start":{},"end":{}}],"line":26}},"s":{"0":1,"1":0,"2":0,"3":0,"4":0,"5":0,"6":0,"7":0,"8":0,"9":0,"10":0,"11":0,"12":1,"13":1,"14":1,"15":1,"16":1,"17":0,"18":0,"19":0,"20":0,"21":0,"22":0,"23":1,"24":0,"25":0,"26":0,"27":0,"28":0,"29":0,"30":1},"f":{"0":0,"1":0,"2":0,"3":0,"4":0,"5":0,"6":0,"7":1,"8":0,"9":0,"10":0,"11":0},"b":{"0":[1,1,1],"1":[0,0],"2":[0,0],"3":[0,0],"4":[0,0],"5":[1,1,1],"6":[1,0],"7":[1,1],"8":[0,0],"9":[0,0]},"inputSourceMap":null,"_coverageSchema":"1a1c01bbd47fc00a2c39e90264f33305004495a9","hash":"5ff6b86e48dfb8b52d06503fb5616562fd4c36f8"}
,"C:\\Users\\g.visco.ISYDEDOM\\OneDrive - BE THINK, SOLVE, EXECUTE S.P.A\\Desktop\\vations\\restaurant-table-reservations\\build\\validators\\reservation.validator.js": {"path":"C:\\Users\\g.visco.ISYDEDOM\\OneDrive - BE THINK, SOLVE, EXECUTE S.P.A\\Desktop\\vations\\restaurant-table-reservations\\build\\validators\\reservation.validator.js","statementMap":{"0":{"start":{"line":2,"column":0},"end":{"line":2,"column":62}},"1":{"start":{"line":3,"column":0},"end":{"line":3,"column":75}},"2":{"start":{"line":4,"column":14},"end":{"line":4,"column":28}},"3":{"start":{"line":5,"column":0},"end":{"line":26,"column":3}},"4":{"start":{"line":18,"column":21},"end":{"line":18,"column":35}},"5":{"start":{"line":19,"column":22},"end":{"line":19,"column":40}},"6":{"start":{"line":20,"column":24},"end":{"line":20,"column":44}},"7":{"start":{"line":21,"column":28},"end":{"line":21,"column":99}},"8":{"start":{"line":22,"column":8},"end":{"line":22,"column":27}},"9":{"start":{"line":27,"column":0},"end":{"line":50,"column":3}},"10":{"start":{"line":40,"column":28},"end":{"line":40,"column":45}},"11":{"start":{"line":42,"column":25},"end":{"line":42,"column":36}},"12":{"start":{"line":45,"column":28},"end":{"line":45,"column":45}},"13":{"start":{"line":47,"column":25},"end":{"line":47,"column":36}}},"fnMap":{"0":{"name":"(anonymous_0)","decl":{"start":{"line":17,"column":16},"end":{"line":17,"column":17}},"loc":{"start":{"line":17,"column":26},"end":{"line":23,"column":5}},"line":17},"1":{"name":"(anonymous_1)","decl":{"start":{"line":40,"column":19},"end":{"line":40,"column":20}},"loc":{"start":{"line":40,"column":28},"end":{"line":40,"column":45}},"line":40},"2":{"name":"(anonymous_2)","decl":{"start":{"line":42,"column":16},"end":{"line":42,"column":17}},"loc":{"start":{"line":42,"column":25},"end":{"line":42,"column":36}},"line":42},"3":{"name":"(anonymous_3)","decl":{"start":{"line":45,"column":19},"end":{"line":45,"column":20}},"loc":{"start":{"line":45,"column":28},"end":{"line":45,"column":45}},"line":45},"4":{"name":"(anonymous_4)","decl":{"start":{"line":47,"column":16},"end":{"line":47,"column":17}},"loc":{"start":{"line":47,"column":25},"end":{"line":47,"column":36}},"line":47}},"branchMap":{"0":{"loc":{"start":{"line":21,"column":28},"end":{"line":21,"column":99}},"type":"binary-expr","locations":[{"start":{"line":21,"column":28},"end":{"line":21,"column":50}},{"start":{"line":21,"column":55},"end":{"line":21,"column":66}},{"start":{"line":21,"column":70},"end":{"line":21,"column":81}},{"start":{"line":21,"column":85},"end":{"line":21,"column":98}}],"line":21}},"s":{"0":1,"1":1,"2":1,"3":1,"4":0,"5":0,"6":0,"7":0,"8":0,"9":1,"10":0,"11":0,"12":0,"13":0},"f":{"0":0,"1":0,"2":0,"3":0,"4":0},"b":{"0":[0,0,0,0]},"inputSourceMap":null,"_coverageSchema":"1a1c01bbd47fc00a2c39e90264f33305004495a9","hash":"b43c0498ca35efd30150fbb5ed9a9f87e5d0f676"}
,"C:\\Users\\g.visco.ISYDEDOM\\OneDrive - BE THINK, SOLVE, EXECUTE S.P.A\\Desktop\\vations\\restaurant-table-reservations\\build\\validators\\user.validator.js": {"path":"C:\\Users\\g.visco.ISYDEDOM\\OneDrive - BE THINK, SOLVE, EXECUTE S.P.A\\Desktop\\vations\\restaurant-table-reservations\\build\\validators\\user.validator.js","statementMap":{"0":{"start":{"line":2,"column":0},"end":{"line":2,"column":62}},"1":{"start":{"line":3,"column":0},"end":{"line":3,"column":34}},"2":{"start":{"line":4,"column":14},"end":{"line":4,"column":28}},"3":{"start":{"line":5,"column":0},"end":{"line":8,"column":3}}},"fnMap":{},"branchMap":{},"s":{"0":1,"1":1,"2":1,"3":1},"f":{},"b":{},"inputSourceMap":null,"_coverageSchema":"1a1c01bbd47fc00a2c39e90264f33305004495a9","hash":"b64d61dd716bd02e20305db3075e88e6799c6ecb"}
,"C:\\Users\\g.visco.ISYDEDOM\\OneDrive - BE THINK, SOLVE, EXECUTE S.P.A\\Desktop\\vations\\restaurant-table-reservations\\src\\constants.ts": {"path":"C:\\Users\\g.visco.ISYDEDOM\\OneDrive - BE THINK, SOLVE, EXECUTE S.P.A\\Desktop\\vations\\restaurant-table-reservations\\src\\constants.ts","statementMap":{"0":{"start":{"line":1,"column":13},"end":{"line":8,"column":4}}},"fnMap":{},"branchMap":{},"s":{"0":1},"f":{},"b":{}}
,"C:\\Users\\g.visco.ISYDEDOM\\OneDrive - BE THINK, SOLVE, EXECUTE S.P.A\\Desktop\\vations\\restaurant-table-reservations\\src\\config\\app.ts": {"path":"C:\\Users\\g.visco.ISYDEDOM\\OneDrive - BE THINK, SOLVE, EXECUTE S.P.A\\Desktop\\vations\\restaurant-table-reservations\\src\\config\\app.ts","statementMap":{"0":{"start":{"line":1,"column":0},"end":{"line":1,"column":44}},"1":{"start":{"line":2,"column":0},"end":{"line":2,"column":55}},"2":{"start":{"line":3,"column":0},"end":{"line":3,"column":52}},"3":{"start":{"line":4,"column":0},"end":{"line":4,"column":73}},"4":{"start":{"line":5,"column":0},"end":{"line":5,"column":23}},"5":{"start":{"line":7,"column":25},"end":{"line":7,"column":34}},"6":{"start":{"line":9,"column":0},"end":{"line":9,"column":null}},"7":{"start":{"line":10,"column":0},"end":{"line":10,"column":null}},"8":{"start":{"line":11,"column":0},"end":{"line":11,"column":null}},"9":{"start":{"line":12,"column":0},"end":{"line":12,"column":null}},"10":{"start":{"line":13,"column":0},"end":{"line":13,"column":null}},"11":{"start":{"line":16,"column":0},"end":{"line":16,"column":19}}},"fnMap":{},"branchMap":{},"s":{"0":1,"1":1,"2":1,"3":1,"4":1,"5":1,"6":1,"7":1,"8":1,"9":1,"10":1,"11":1},"f":{},"b":{}}
,"C:\\Users\\g.visco.ISYDEDOM\\OneDrive - BE THINK, SOLVE, EXECUTE S.P.A\\Desktop\\vations\\restaurant-table-reservations\\src\\config\\database.ts": {"path":"C:\\Users\\g.visco.ISYDEDOM\\OneDrive - BE THINK, SOLVE, EXECUTE S.P.A\\Desktop\\vations\\restaurant-table-reservations\\src\\config\\database.ts","statementMap":{"0":{"start":{"line":1,"column":0},"end":{"line":1,"column":46}},"1":{"start":{"line":2,"column":0},"end":{"line":2,"column":36}},"2":{"start":{"line":3,"column":0},"end":{"line":3,"column":28}},"3":{"start":{"line":6,"column":0},"end":{"line":6,"column":16}},"4":{"start":{"line":8,"column":13},"end":{"line":17,"column":2}},"5":{"start":{"line":19,"column":13},"end":{"line":21,"column":3}},"6":{"start":{"line":23,"column":40},"end":{"line":44,"column":2}},"7":{"start":{"line":23,"column":66},"end":{"line":44,"column":2}},"8":{"start":{"line":24,"column":20},"end":{"line":24,"column":25}},"9":{"start":{"line":25,"column":17},"end":{"line":25,"column":18}},"10":{"start":{"line":26,"column":23},"end":{"line":26,"column":55}},"11":{"start":{"line":27,"column":24},"end":{"line":27,"column":58}},"12":{"start":{"line":29,"column":2},"end":{"line":39,"column":3}},"13":{"start":{"line":30,"column":4},"end":{"line":38,"column":5}},"14":{"start":{"line":31,"column":6},"end":{"line":31,"column":45}},"15":{"start":{"line":32,"column":6},"end":{"line":32,"column":53}},"16":{"start":{"line":33,"column":6},"end":{"line":33,"column":25}},"17":{"start":{"line":35,"column":6},"end":{"line":35,"column":17}},"18":{"start":{"line":36,"column":6},"end":{"line":36,"column":98}},"19":{"start":{"line":37,"column":6},"end":{"line":37,"column":71}},"20":{"start":{"line":37,"column":35},"end":{"line":37,"column":69}},"21":{"start":{"line":41,"column":2},"end":{"line":43,"column":3}},"22":{"start":{"line":42,"column":4},"end":{"line":42,"column":86}},"23":{"start":{"line":23,"column":13},"end":{"line":23,"column":40}}},"fnMap":{"0":{"name":"(anonymous_8)","decl":{"start":{"line":23,"column":40},"end":{"line":23,"column":64}},"loc":{"start":{"line":23,"column":66},"end":{"line":44,"column":2}}},"1":{"name":"(anonymous_9)","decl":{"start":{"line":23,"column":66},"end":{"line":23,"column":null}},"loc":{"start":{"line":23,"column":66},"end":{"line":44,"column":1}}},"2":{"name":"(anonymous_10)","decl":{"start":{"line":37,"column":24},"end":{"lin
[...]
t":{"line":32,"column":33},"end":{"line":32,"column":93}},"13":{"start":{"line":33,"column":9},"end":{"line":33,"column":32}},"14":{"start":{"line":34,"column":9},"end":{"line":34,"column":21}},"15":{"start":{"line":37,"column":26},"end":{"line":39,"column":null}},"16":{"start":{"line":42,"column":4},"end":{"line":46,"column":5}},"17":{"start":{"line":43,"column":33},"end":{"line":43,"column":88}},"18":{"start":{"line":44,"column":6},"end":{"line":44,"column":29}},"19":{"start":{"line":45,"column":6},"end":{"line":45,"column":18}},"20":{"start":{"line":48,"column":40},"end":{"line":48,"column":65}},"21":{"start":{"line":50,"column":32},"end":{"line":54,"column":6}},"22":{"start":{"line":56,"column":4},"end":{"line":56,"column":46}},"23":{"start":{"line":58,"column":4},"end":{"line":58,"column":16}},"24":{"start":{"line":66,"column":24},"end":{"line":83,"column":2}},"25":{"start":{"line":70,"column":19},"end":{"line":83,"column":2}},"26":{"start":{"line":71,"column":2},"end":{"line":82,"column":3}},"27":{"start":{"line":72,"column":82},"end":{"line":72,"column":122}},"28":{"start":{"line":74,"column":39},"end":{"line":74,"column":69}},"29":{"start":{"line":75,"column":37},"end":{"line":75,"column":65}},"30":{"start":{"line":77,"column":31},"end":{"line":77,"column":158}},"31":{"start":{"line":79,"column":4},"end":{"line":79,"column":45}},"32":{"start":{"line":81,"column":4},"end":{"line":81,"column":16}},"33":{"start":{"line":88,"column":26},"end":{"line":114,"column":null}},"34":{"start":{"line":88,"column":102},"end":{"line":114,"column":null}},"35":{"start":{"line":90,"column":2},"end":{"line":113,"column":3}},"36":{"start":{"line":91,"column":56},"end":{"line":91,"column":64}},"37":{"start":{"line":93,"column":67},"end":{"line":93,"column":127}},"38":{"start":{"line":95,"column":32},"end":{"line":95,"column":162}},"39":{"start":{"line":97,"column":5},"end":{"line":101,"column":8}},"40":{"start":{"line":98,"column":36},"end":{"line":98,"column":88}},"41":{"start":{"line":99,"column":9},"end":{"line":99,"column":32}},"42":{"start":{"line":100,"column":9},"end":{"line":100,"column":21}},"43":{"start":{"line":103,"column":29},"end":{"line":103,"column":121}},"44":{"start":{"line":105,"column":7},"end":{"line":109,"column":8}},"45":{"start":{"line":106,"column":36},"end":{"line":106,"column":93}},"46":{"start":{"line":107,"column":9},"end":{"line":107,"column":32}},"47":{"start":{"line":108,"column":9},"end":{"line":108,"column":21}},"48":{"start":{"line":110,"column":7},"end":{"line":110,"column":null}},"49":{"start":{"line":112,"column":4},"end":{"line":112,"column":null}},"50":{"start":{"line":116,"column":0},"end":{"line":120,"column":2}}},"fnMap":{"0":{"name":"(anonymous_8)","decl":{"start":{"line":15,"column":26},"end":{"line":15,"column":null}},"loc":{"start":{"line":19,"column":19},"end":{"line":60,"column":2}}},"1":{"name":"(anonymous_9)","decl":{"start":{"line":19,"column":19},"end":{"line":19,"column":null}},"loc":{"start":{"line":19,"column":19},"end":{"line":60,"column":1}}},"2":{"name":"(anonymous_10)","decl":{"start":{"line":66,"column":24},"end":{"line":66,"column":null}},"loc":{"start":{"line":70,"column":19},"end":{"line":83,"column":2}}},"3":{"name":"(anonymous_11)","decl":{"start":{"line":70,"column":19},"end":{"line":70,"column":null}},"loc":{"start":{"line":70,"column":19},"end":{"line":83,"column":1}}},"4":{"name":"(anonymous_12)","decl":{"start":{"line":88,"column":26},"end":{"line":88,"column":33}},"loc":{"start":{"line":88,"column":102},"end":{"line":114,"column":null}}},"5":{"name":"(anonymous_13)","decl":{"start":{"line":88,"column":102},"end":{"line":88,"column":null}},"loc":{"start":{"line":88,"column":102},"end":{"line":114,"column":1}}}},"branchMap":{"0":{"loc":{"start":{"line":31,"column":4},"end":{"line":35,"column":5}},"type":"if","locations":[{"start":{"line":31,"column":4},"end":{"line":35,"column":5}}]},"1":{"loc":{"start":{"line":31,"column":7},"end":{"line":31,"column":51}},"type":"cond-expr","locations":[{"start":{"line":31,"column":25},"end":{"line":31,"column":27}},{"start":{"line":31,"column":7},"end":{"line":31,"column":51}}]},"2":{"loc":{"start":{"line":31,"column":7},"end":{"line":31,"column":27}},"type":"binary-expr","locations":[{"start":{"line":31,"column":7},"end":{"line":31,"column":27}},{"start":{"line":31,"column":7},"end":{"line":31,"column":27}}]},"3":{"loc":{"start":{"line":38,"column":6},"end":{"line":38,"column":43}},"type":"cond-expr","locations":[{"start":{"line":38,"column":24},"end":{"line":38,"column":26}},{"start":{"line":38,"column":6},"end":{"line":38,"column":43}}]},"4":{"loc":{"start":{"line":38,"column":6},"end":{"line":38,"column":26}},"type":"binary-expr","locations":[{"start":{"line":38,"column":6},"end":{"line":38,"column":26}},{"start":{"line":38,"column":6},"end":{"line":38,"column":26}}]},"5":{"loc":{"start":{"line":42,"column":4},"end":{"line":46,"column":5}},"type":"if","locations":[{"start":{"line":42,"column":4},"end":{"line":46,"column":5}}]},"6":{"loc":{"start":{"line":97,"column":5},"end":{"line":101,"column":8}},"type":"if","locations":[{"start":{"line":97,"column":5},"end":{"line":101,"column":8}}]},"7":{"loc":{"start":{"line":97,"column":10},"end":{"line":97,"column":54}},"type":"cond-expr","locations":[{"start":{"line":97,"column":28},"end":{"line":97,"column":30}},{"start":{"line":97,"column":10},"end":{"line":97,"column":54}}]},"8":{"loc":{"start":{"line":97,"column":10},"end":{"line":97,"column":30}},"type":"binary-expr","locations":[{"start":{"line":97,"column":10},"end":{"line":97,"column":30}},{"start":{"line":97,"column":10},"end":{"line":97,"column":30}}]},"9":{"loc":{"start":{"line":105,"column":7},"end":{"line":109,"column":8}},"type":"if","locations":[{"start":{"line":105,"column":7},"end":{"line":109,"column":8}}]}},"s":{"0":1,"1":1,"2":1,"3":1,"4":1,"5":0,"6":0,"7":0,"8":0,"9":0,"10":0,"11":0,"12":0,"13":0,"14":0,"15":0,"16":0,"17":0,"18":0,"19":0,"20":0,"21":0,"22":0,"23":0,"24":1,"25":0,"26":0,"27":0,"28":0,"29":0,"30":0,"31":0,"32":0,"33":1,"34":0,"35":0,"36":0,"37":0,"38":0,"39":0,"40":0,"41":0,"42":0,"43":0,"44":0,"45":0,"46":0,"47":0,"48":0,"49":0,"50":1},"f":{"0":0,"1":0,"2":0,"3":0,"4":0,"5":0},"b":{"0":[0],"1":[0,0],"2":[0,0],"3":[0,0],"4":[0,0],"5":[0],"6":[0],"7":[0,0],"8":[0,0],"9":[0]}}
,"C:\\Users\\g.visco.ISYDEDOM\\OneDrive - BE THINK, SOLVE, EXECUTE S.P.A\\Desktop\\vations\\restaurant-table-reservations\\src\\routes\\reservation\\reservation.router.ts": {"path":"C:\\Users\\g.visco.ISYDEDOM\\OneDrive - BE THINK, SOLVE, EXECUTE S.P.A\\Desktop\\vations\\restaurant-table-reservations\\src\\routes\\reservation\\reservation.router.ts","statementMap":{"0":{"start":{"line":1,"column":0},"end":{"line":1,"column":29}},"1":{"start":{"line":2,"column":0},"end":{"line":2,"column":60}},"2":{"start":{"line":4,"column":26},"end":{"line":4,"column":42}},"3":{"start":{"line":6,"column":0},"end":{"line":6,"column":null}},"4":{"start":{"line":7,"column":0},"end":{"line":7,"column":null}},"5":{"start":{"line":8,"column":0},"end":{"line":8,"column":null}},"6":{"start":{"line":9,"column":0},"end":{"line":9,"column":null}}},"fnMap":{},"branchMap":{},"s":{"0":1,"1":1,"2":1,"3":1,"4":1,"5":1,"6":1},"f":{},"b":{}}
,"C:\\Users\\g.visco.ISYDEDOM\\OneDrive - BE THINK, SOLVE, EXECUTE S.P.A\\Desktop\\vations\\restaurant-table-reservations\\src\\routes\\user\\user.controller.ts": {"path":"C:\\Users\\g.visco.ISYDEDOM\\OneDrive - BE THINK, SOLVE, EXECUTE S.P.A\\Desktop\\vations\\restaurant-table-reservations\\src\\routes\\user\\user.controller.ts","statementMap":{"0":{"start":{"line":2,"column":0},"end":{"line":2,"column":48}},"1":{"start":{"line":3,"column":0},"end":{"line":3,"column":67}},"2":{"start":{"line":4,"column":0},"end":{"line":4,"column":47}},"3":{"start":{"line":10,"column":21},"end":{"line":22,"column":2}},"4":{"start":{"line":14,"column":19},"end":{"line":22,"column":2}},"5":{"start":{"line":15,"column":2},"end":{"line":21,"column":3}},"6":{"start":{"line":16,"column":21},"end":{"line":16,"column":47}},"7":{"start":{"line":18,"column":4},"end":{"line":18,"column":35}},"8":{"start":{"line":20,"column":4},"end":{"line":20,"column":16}},"9":{"start":{"line":27,"column":19},"end":{"line":49,"column":2}},"10":{"start":{"line":31,"column":19},"end":{"line":49,"column":2}},"11":{"start":{"line":32,"column":2},"end":{"line":48,"column":3}},"12":{"start":{"line":33,"column":36},"end":{"line":33,"column":68}},"13":{"start":{"line":35,"column":25},"end":{"line":35,"column":69}},"14":{"start":{"line":37,"column":4},"end":{"line":41,"column":5}},"15":{"start":{"line":38,"column":34},"end":{"line":38,"column":67}},"16":{"start":{"line":39,"column":6},"end":{"line":39,"column":29}},"17":{"start":{"line":40,"column":6},"end":{"line":40,"column":18}},"18":{"start":{"line":43,"column":25},"end":{"line":43,"column":76}},"19":{"start":{"line":45,"column":4},"end":{"line":45,"column":39}},"20":{"start":{"line":47,"column":4},"end":{"line":47,"column":16}},"21":{"start":{"line":51,"column":0},"end":{"line":51,"column":44}}},"fnMap":{"0":{"name":"(anonymous_8)","decl":{"start":{"line":10,"column":21},"end":{"line":10,"column":null}},"loc":{"start":{"line":14,"column":19},"end":{"line":22,"column":2}}},"1":{"name":"(anonymous_9)","decl":{"start":{"line":14,"column":19},"end":{"line":14,"column":null}},"loc":{"start":{"line":14,"column":19},"end":{"line":22,"column":1}}},"2":{"name":"(anonymous_10)","decl":{"start":{"line":27,"column":19},"end":{"line":27,"column":null}},"loc":{"start":{"line":31,"column":19},"end":{"line":49,"column":2}}},"3":{"name":"(anonymous_11)","decl":{"start":{"line":31,"column":19},"end":{"line":31,"column":null}},"loc":{"start":{"line":31,"column":19},"end":{"line":49,"column":1}}}},"branchMap":{"0":{"loc":{"start":{"line":37,"column":4},"end":{"line":41,"column":5}},"type":"if","locations":[{"start":{"line":37,"column":4},"end":{"line":41,"column":5}}]},"1":{"loc":{"start":{"line":37,"column":8},"end":{"line":37,"column":57}},"type":"binary-expr","locations":[{"start":{"line":37,"column":8},"end":{"line":37,"column":33}},{"start":{"line":37,"column":37},"end":{"line":37,"column":57}}]}},"s":{"0":1,"1":1,"2":1,"3":1,"4":1,"5":1,"6":1,"7":1,"8":0,"9":1,"10":1,"11":1,"12":1,"13":0,"14":0,"15":0,"16":0,"17":0,"18":0,"19":0,"20":1,"21":1},"f":{"0":1,"1":1,"2":1,"3":1},"b":{"0":[0],"1":[0,0]}}
,"C:\\Users\\g.visco.ISYDEDOM\\OneDrive - BE THINK, SOLVE, EXECUTE S.P.A\\Desktop\\vations\\restaurant-table-reservations\\src\\routes\\user\\user.router.ts": {"path":"C:\\Users\\g.visco.ISYDEDOM\\OneDrive - BE THINK, SOLVE, EXECUTE S.P.A\\Desktop\\vations\\restaurant-table-reservations\\src\\routes\\user\\user.router.ts","statementMap":{"0":{"start":{"line":1,"column":0},"end":{"line":1,"column":29}},"1":{"start":{"line":2,"column":0},"end":{"line":2,"column":46}},"2":{"start":{"line":4,"column":19},"end":{"line":4,"column":35}},"3":{"start":{"line":6,"column":0},"end":{"line":6,"column":null}},"4":{"start":{"line":7,"column":0},"end":{"line":7,"column":null}},"5":{"start":{"line":9,"column":0},"end":{"line":9,"column":null}}},"fnMap":{},"branchMap":{},"s":{"0":1,"1":1,"2":1,"3":1,"4":1,"5":1},"f":{},"b":{}}
,"C:\\Users\\g.visco.ISYDEDOM\\OneDrive - BE THINK, SOLVE, EXECUTE S.P.A\\Desktop\\vations\\restaurant-table-reservations\\src\\utils\\reservation.utils.ts": {"path":"C:\\Users\\g.visco.ISYDEDOM\\OneDrive - BE THINK, SOLVE, EXECUTE S.P.A\\Desktop\\vations\\restaurant-table-reservations\\src\\utils\\reservation.utils.ts","statementMap":{"0":{"start":{"line":3,"column":0},"end":{"line":3,"column":59}},"1":{"start":{"line":5,"column":35},"end":{"line":12,"column":3}},"2":{"start":{"line":6,"column":39},"end":{"line":6,"column":64}},"3":{"start":{"line":7,"column":37},"end":{"line":8,"column":null}},"4":{"start":{"line":11,"column":4},"end":{"line":11,"column":66}},"5":{"start":{"line":14,"column":38},"end":{"line":20,"column":3}},"6":{"start":{"line":19,"column":4},"end":{"line":19,"column":88}},"7":{"start":{"line":19,"column":47},"end":{"line":19,"column":86}},"8":{"start":{"line":22,"column":44},"end":{"line":37,"column":4}},"9":{"start":{"line":27,"column":50},"end":{"line":37,"column":4}},"10":{"start":{"line":29,"column":31},"end":{"line":33,"column":null}},"11":{"start":{"line":36,"column":4},"end":{"line":36,"column":30}},"12":{"start":{"line":22,"column":15},"end":{"line":22,"column":44}},"13":{"start":{"line":39,"column":55},"end":{"line":56,"column":4}},"14":{"start":{"line":45,"column":50},"end":{"line":56,"column":4}},"15":{"start":{"line":47,"column":31},"end":{"line":52,"column":null}},"16":{"start":{"line":55,"column":4},"end":{"line":55,"column":30}},"17":{"start":{"line":39,"column":15},"end":{"line":39,"column":55}},"18":{"start":{"line":58,"column":2},"end":{"line":63,"column":null}}},"fnMap":{"0":{"name":"(anonymous_8)","decl":{"start":{"line":5,"column":35},"end":{"line":5,"column":36}},"loc":{"start":{"line":5,"column":77},"end":{"line":12,"column":3}}},"1":{"name":"(anonymous_9)","decl":{"start":{"line":14,"column":38},"end":{"line":14,"column":null}},"loc":{"start":{"line":17,"column":27},"end":{"line":20,"column":3}}},"2":{"name":"(anonymous_10)","decl":{"start":{"line":19,"column":30},"end":{"line":19,"column":31}},"loc":{"start":{"line":19,"column":47},"end":{"line":19,"column":86}}},"3":{"name":"(anonymous_11)","decl":{"start":{"line":22,"column":44},"end":{"line":22,"column":null}},"loc":{"start":{"line":27,"column":50},"end":{"line":37,"column":4}}},"4":{"name":"(anonymous_12)","decl":{"start":{"line":27,"column":50},"end":{"line":27,"column":null}},"loc":{"start":{"line":27,"column":50},"end":{"line":37,"column":3}}},"5":{"name":"(anonymous_13)","decl":{"start":{"line":39,"column":55},"end":{"line":39,"column":null}},"loc":{"start":{"line":45,"column":50},"end":{"line":56,"column":4}}},"6":{"name":"(anonymous_14)","decl":{"start":{"line":45,"column":50},"end":{"line":45,"column":null}},"loc":{"start":{"line":45,"column":50},"end":{"line":56,"column":3}}}},"branchMap":{"0":{"loc":{"start":{"line":19,"column":11},"end":{"line":19,"column":87}},"type":"cond-expr","locations":[{"start":{"line":19,"column":23},"end":{"line":19,"column":25}},{"start":{"line":19,"column":11},"end":{"line":19,"column":87}}]},"1":{"loc":{"start":{"line":19,"column":11},"end":{"line":19,"column":25}},"type":"binary-expr","locations":[{"start":{"line":19,"column":11},"end":{"line":19,"column":25}},{"start":{"line":19,"column":11},"end":{"line":19,"column":25}}]}},"s":{"0":1,"1":1,"2":0,"3":0,"4":0,"5":1,"6":0,"7":0,"8":1,"9":0,"10":0,"11":0,"12":1,"13":1,"14":0,"15":0,"16":0,"17":1,"18":1},"f":{"0":0,"1":0,"2":0,"3":0,"4":0,"5":0,"6":0},"b":{"0":[0,0],"1":[0,0]}}
,"C:\\Users\\g.visco.ISYDEDOM\\OneDrive - BE THINK, SOLVE, EXECUTE S.P.A\\Desktop\\vations\\restaurant-table-reservations\\src\\utils\\user.utils.ts": {"path":"C:\\Users\\g.visco.ISYDEDOM\\OneDrive - BE THINK, SOLVE, EXECUTE S.P.A\\Desktop\\vations\\restaurant-table-reservations\\src\\utils\\user.utils.ts","statementMap":{"0":{"start":{"line":3,"column":0},"end":{"line":3,"column":45}},"1":{"start":{"line":5,"column":26},"end":{"line":15,"column":4}},"2":{"start":{"line":5,"column":65},"end":{"line":15,"column":4}},"3":{"start":{"line":7,"column":25},"end":{"line":7,"column":62}},"4":{"start":{"line":9,"column":4},"end":{"line":14,"column":5}},"5":{"start":{"line":11,"column":34},"end":{"line":11,"column":66}},"6":{"start":{"line":12,"column":6},"end":{"line":12,"column":29}},"7":{"start":{"line":13,"column":6},"end":{"line":13,"column":18}},"8":{"start":{"line":17,"column":35},"end":{"line":22,"column":4}},"9":{"start":{"line":17,"column":86},"end":{"line":22,"column":4}},"10":{"start":{"line":19,"column":25},"end":{"line":19,"column":62}},"11":{"start":{"line":21,"column":4},"end":{"line":21,"column":null}},"12":{"start":{"line":24,"column":2},"end":{"line":27,"column":null}}},"fnMap":{"0":{"name":"(anonymous_8)","decl":{"start":{"line":5,"column":26},"end":{"line":5,"column":33}},"loc":{"start":{"line":5,"column":65},"end":{"line":15,"column":4}}},"1":{"name":"(anonymous_9)","decl":{"start":{"line":5,"column":65},"end":{"line":5,"column":null}},"loc":{"start":{"line":5,"column":65},"end":{"line":15,"column":3}}},"2":{"name":"(anonymous_10)","decl":{"start":{"line":17,"column":35},"end":{"line":17,"column":42}},"loc":{"start":{"line":17,"column":86},"end":{"line":22,"column":4}}},"3":{"name":"(anonymous_11)","decl":{"start":{"line":17,"column":86},"end":{"line":17,"column":null}},"loc":{"start":{"line":17,"column":86},"end":{"line":22,"column":3}}}},"branchMap":{"0":{"loc":{"start":{"line":9,"column":4},"end":{"line":14,"column":5}},"type":"if","locations":[{"start":{"line":9,"column":4},"end":{"line":14,"column":5}}]}},"s":{"0":1,"1":1,"2":0,"3":0,"4":0,"5":0,"6":0,"7":0,"8":1,"9":0,"10":0,"11":0,"12":1},"f":{"0":0,"1":0,"2":0,"3":0},"b":{"0":[0]}}
,"C:\\Users\\g.visco.ISYDEDOM\\OneDrive - BE THINK, SOLVE, EXECUTE S.P.A\\Desktop\\vations\\restaurant-table-reservations\\src\\validators\\reservation.validator.ts": {"path":"C:\\Users\\g.visco.ISYDEDOM\\OneDrive - BE THINK, SOLVE, EXECUTE S.P.A\\Desktop\\vations\\restaurant-table-reservations\\src\\validators\\reservation.validator.ts","statementMap":{"0":{"start":{"line":1,"column":0},"end":{"line":1,"column":24}},"1":{"start":{"line":3,"column":13},"end":{"line":30,"column":3}},"2":{"start":{"line":17,"column":21},"end":{"line":17,"column":35}},"3":{"start":{"line":19,"column":22},"end":{"line":19,"column":40}},"4":{"start":{"line":20,"column":24},"end":{"line":20,"column":44}},"5":{"start":{"line":21,"column":28},"end":{"line":21,"column":99}},"6":{"start":{"line":24,"column":8},"end":{"line":24,"column":27}},"7":{"start":{"line":32,"column":13},"end":{"line":55,"column":3}},"8":{"start":{"line":45,"column":24},"end":{"line":45,"column":41}},"9":{"start":{"line":47,"column":21},"end":{"line":47,"column":32}},"10":{"start":{"line":50,"column":24},"end":{"line":50,"column":41}},"11":{"start":{"line":52,"column":21},"end":{"line":52,"column":32}}},"fnMap":{"0":{"name":"(anonymous_0)","decl":{"start":{"line":16,"column":6},"end":{"line":16,"column":7}},"loc":{"start":{"line":16,"column":15},"end":{"line":25,"column":7}}},"1":{"name":"(anonymous_1)","decl":{"start":{"line":45,"column":15},"end":{"line":45,"column":16}},"loc":{"start":{"line":45,"column":24},"end":{"line":45,"column":41}}},"2":{"name":"(anonymous_2)","decl":{"start":{"line":47,"column":12},"end":{"line":47,"column":13}},"loc":{"start":{"line":47,"column":21},"end":{"line":47,"column":32}}},"3":{"name":"(anonymous_3)","decl":{"start":{"line":50,"column":15},"end":{"line":50,"column":16}},"loc":{"start":{"line":50,"column":24},"end":{"line":50,"column":41}}},"4":{"name":"(anonymous_4)","decl":{"start":{"line":52,"column":12},"end":{"line":52,"column":13}},"loc":{"start":{"line":52,"column":21},"end":{"line":52,"column":32}}}},"branchMap":{"0":{"loc":{"start":{"line":21,"column":28},"end":{"line":21,"column":99}},"type":"binary-expr","locations":[{"start":{"line":21,"column":28},"end":{"line":21,"column":50}},{"start":{"line":21,"column":55},"end":{"line":21,"column":66}},{"start":{"line":21,"column":70},"end":{"line":21,"column":81}},{"start":{"line":21,"column":85},"end":{"line":21,"column":98}}]}},"s":{"0":1,"1":1,"2":0,"3":0,"4":0,"5":0,"6":0,"7":1,"8":0,"9":0,"10":0,"11":0},"f":{"0":0,"1":0,"2":0,"3":0,"4":0},"b":{"0":[0,0,0,0]}}
,"C:\\Users\\g.visco.ISYDEDOM\\OneDrive - BE THINK, SOLVE, EXECUTE S.P.A\\Desktop\\vations\\restaurant-table-reservations\\src\\validators\\user.validator.ts": {"path":"C:\\Users\\g.visco.ISYDEDOM\\OneDrive - BE THINK, SOLVE, EXECUTE S.P.A\\Desktop\\vations\\restaurant-table-reservations\\src\\validators\\user.validator.ts","statementMap":{"0":{"start":{"line":1,"column":0},"end":{"line":1,"column":24}},"1":{"start":{"line":3,"column":13},"end":{"line":6,"column":3}}},"fnMap":{},"branchMap":{},"s":{"0":1,"1":1},"f":{},"b":{}}
}
